[2016-09-13 12:01:23.3302] 2016-09-13 12:01:23 运行
[2016-09-13 12:01:24.7502] 2016-09-13 12:01:24 手工重复扫描0000000001
[2016-09-13 12:01:25.4893] 2016-09-13 12:01:25 手工重复扫描0000000002
[2016-09-13 12:01:26.5043] 2016-09-13 12:01:26 手工重复扫描0000000003
[2016-09-13 12:01:26.8204] 2016-09-13 12:01:26 停止
[2016-09-13 15:06:30.8374] 2016-09-13 15:06:30 运行
[2016-09-13 15:06:52.2175] 2016-09-13 15:06:52 手工扫描0000012089交地。[{"LOCATION":"B01"}]
[2016-09-13 15:06:52.2675] PanelNo：2016091300001
[2016-09-13 15:06:52.4875] 2016-09-13 15:06:52 手工扫描0000012090交地。[{"LOCATION":"B01"}]
[2016-09-13 15:06:53.1675] 2016-09-13 15:06:53 手工扫描0000012091交地。[{"LOCATION":"B01"}]
[2016-09-13 15:06:54.1875] 2016-09-13 15:06:54 手工扫描0000012092交地。[{"LOCATION":"B01"}]
[2016-09-13 15:06:55.1975] 2016-09-13 15:06:55 手工扫描0000012093交地。[{"LOCATION":"B01"}]
[2016-09-13 15:06:56.2075] 2016-09-13 15:06:56 手工扫描0000012094交地。[{"LOCATION":"B01"}]
[2016-09-13 15:06:57.2275] 2016-09-13 15:06:57 手工扫描0000012095交地。[{"LOCATION":"B01"}]
[2016-09-13 15:06:57.2675] 2016-09-13 15:06:57 自动板号2016091300001完成。[{"result":"OK"}]
[2016-09-13 15:06:58.2375] 2016-09-13 15:06:58 手工扫描0000012096交地。[{"LOCATION":"B01"}]
[2016-09-13 15:06:59.2575] 2016-09-13 15:06:59 手工扫描0000012097交地。[{"LOCATION":"B01"}]
[2016-09-13 15:07:00.2675] 2016-09-13 15:07:00 手工扫描0000012098交地。[{"LOCATION":"B01"}]
[2016-09-13 15:07:01.2875] 2016-09-13 15:07:01 手工扫描0000012099交地。[{"LOCATION":"B01"}]
[2016-09-13 15:07:02.2975] 2016-09-13 15:07:02 手工扫描0000012100交地。[{"LOCATION":"B01"}]
[2016-09-13 15:07:03.3075] 2016-09-13 15:07:03 手工扫描0000012101交地。[{"LOCATION":"B01"}]
[2016-09-13 15:07:04.3275] 2016-09-13 15:07:04 手工扫描0000012102交地。[{"LOCATION":"B01"}]
[2016-09-13 15:07:04.3575] 2016-09-13 15:07:04 自动板号2016091300001完成。[{"result":"OK"}]
[2016-09-13 15:07:05.3375] 2016-09-13 15:07:05 手工扫描0000012103交地。[{"LOCATION":"B01"}]
[2016-09-13 15:07:06.3475] 2016-09-13 15:07:06 手工扫描0000012104交地。[{"LOCATION":"B01"}]
[2016-09-13 15:07:07.3875] 2016-09-13 15:07:07 手工扫描0000012105交地。[{"LOCATION":"B01"}]
[2016-09-13 15:07:08.3775] 2016-09-13 15:07:08 手工扫描0000012106交地。[{"LOCATION":"B01"}]
[2016-09-13 15:07:09.3975] 2016-09-13 15:07:09 手工扫描0000012107交地。[{"LOCATION":"B01"}]
[2016-09-13 15:07:10.4075] 2016-09-13 15:07:10 手工扫描0000012108交地。[{"LOCATION":"B01"}]
[2016-09-13 15:07:11.4275] 2016-09-13 15:07:11 手工扫描0000012109交地。[{"LOCATION":"B01"}]
[2016-09-13 15:07:11.4575] 2016-09-13 15:07:11 自动板号2016091300001完成。[{"result":"OK"}]
[2016-09-13 15:07:12.4375] 2016-09-13 15:07:12 手工扫描0000012110交地。[{"LOCATION":"B01"}]
[2016-09-13 15:07:13.4475] 2016-09-13 15:07:13 手工扫描0000012111交地。[{"LOCATION":"B01"}]
[2016-09-13 15:07:14.4675] 2016-09-13 15:07:14 手工扫描0000012112交地。[{"LOCATION":"B01"}]
[2016-09-13 15:07:15.4775] 2016-09-13 15:07:15 手工扫描0000012113交地。[{"LOCATION":"B01"}]
[2016-09-13 15:07:16.4875] 2016-09-13 15:07:16 手工扫描0000012114交地。[{"LOCATION":"B01"}]
[2016-09-13 15:07:16.6875] 2016-09-13 15:07:16 停止
[2016-09-13 15:13:11.7542] 2016-09-13 15:13:11 运行
[2016-09-13 15:13:12.7742] 2016-09-13 15:13:12 手工扫描0000012115交地。[{"LOCATION":"B01"}]
[2016-09-13 15:13:13.7842] 2016-09-13 15:13:13 手工扫描0000012116交地。[{"LOCATION":"B01"}]
[2016-09-13 15:13:13.8242] 2016-09-13 15:13:13 自动板号2016091300001完成。[{"result":"OK"}]
[2016-09-13 15:13:14.7942] 2016-09-13 15:13:14 手工扫描0000012117交地。[{"LOCATION":"B01"}]
[2016-09-13 15:13:15.8042] 2016-09-13 15:13:15 手工扫描0000012118交地。[{"LOCATION":"B01"}]
[2016-09-13 15:13:16.8342] 2016-09-13 15:13:16 手工扫描0000012119交地。[{"LOCATION":"B01"}]
[2016-09-13 15:13:17.8442] 2016-09-13 15:13:17 手工扫描0000012120交地。[{"LOCATION":"B01"}]
[2016-09-13 15:13:18.8542] 2016-09-13 15:13:18 手工扫描0000012121交地。[{"LOCATION":"B01"}]
[2016-09-13 15:13:19.8642] 2016-09-13 15:13:19 手工扫描0000012122交地。[{"LOCATION":"B01"}]
[2016-09-13 15:13:20.8742] 2016-09-13 15:13:20 手工扫描0000012123交地。[{"LOCATION":"B01"}]
[2016-09-13 15:13:21.8942] 2016-09-13 15:13:21 手工扫描0000012124交地。[{"LOCATION":"B01"}]
[2016-09-13 15:13:22.9042] 2016-09-13 15:13:22 手工扫描0000012125交地。[{"LOCATION":"B01"}]
[2016-09-13 15:13:23.9242] 2016-09-13 15:13:23 手工扫描0000012126交地。[{"LOCATION":"B01"}]
[2016-09-13 15:13:23.9642] 2016-09-13 15:13:23 自动板号2016091300001完成。[{"result":"OK"}]
[2016-09-13 15:13:24.9342] 2016-09-13 15:13:24 手工扫描0000012127交地。[{"LOCATION":"B01"}]
[2016-09-13 15:13:25.9442] 2016-09-13 15:13:25 手工扫描0000012128交地。[{"LOCATION":"B01"}]
[2016-09-13 15:13:26.9742] 2016-09-13 15:13:26 手工扫描0000012129交地。[{"LOCATION":"B01"}]
[2016-09-13 15:13:27.9842] 2016-09-13 15:13:27 手工扫描0000012130交地。[{"LOCATION":"B01"}]
[2016-09-13 15:13:28.9942] 2016-09-13 15:13:28 手工扫描0000012131交地。[{"LOCATION":"B01"}]
[2016-09-13 15:13:30.0042] 2016-09-13 15:13:30 手工扫描0000012132交地。[{"LOCATION":"B01"}]
[2016-09-13 15:13:31.0142] 2016-09-13 15:13:31 手工扫描0000012133交地。[{"LOCATION":"B01"}]
[2016-09-13 15:13:31.0542] 2016-09-13 15:13:31 自动板号2016091300001完成。[{"result":"OK"}]
[2016-09-13 15:13:32.0342] 2016-09-13 15:13:32 手工扫描0000012134交地。[{"LOCATION":"B01"}]
[2016-09-13 15:13:33.0442] 2016-09-13 15:13:33 手工扫描0000012135交地。[{"LOCATION":"B01"}]
[2016-09-13 15:13:34.0642] 2016-09-13 15:13:34 手工扫描0000012136交地。[{"LOCATION":"B01"}]
[2016-09-13 15:13:35.0742] 2016-09-13 15:13:35 手工扫描0000012137交地。[{"LOCATION":"B01"}]
[2016-09-13 15:13:36.0842] 2016-09-13 15:13:36 手工扫描0000012138交地。[{"LOCATION":"B01"}]
[2016-09-13 15:13:37.1142] 2016-09-13 15:13:37 手工扫描0000012139交地。[{"LOCATION":"B01"}]
[2016-09-13 15:13:38.1142] 2016-09-13 15:13:38 手工扫描0000012140交地。[{"LOCATION":"B01"}]
[2016-09-13 15:13:38.2042] 2016-09-13 15:13:38 自动板号2016091300001已完成，不能重复完成
[2016-09-13 15:13:39.1342] 2016-09-13 15:13:39 手工扫描0000012141交地。[{"LOCATION":"B01"}]
[2016-09-13 15:13:39.1442] PanelNo：2016091300002
[2016-09-13 15:13:40.1442] 2016-09-13 15:13:40 手工扫描0000012142交地。[{"LOCATION":"B01"}]
[2016-09-13 15:13:41.1543] 2016-09-13 15:13:41 手工扫描0000012143交地。[{"LOCATION":"B01"}]
[2016-09-13 15:13:42.1743] 2016-09-13 15:13:42 手工扫描0000012144交地。[{"LOCATION":"B01"}]
[2016-09-13 15:13:43.1843] 2016-09-13 15:13:43 手工扫描0000012145交地。[{"LOCATION":"B01"}]
[2016-09-13 15:13:44.2043] 2016-09-13 15:13:44 手工扫描0000012146交地。[{"LOCATION":"B01"}]
[2016-09-13 15:13:45.2143] 2016-09-13 15:13:45 手工扫描0000012147交地。[{"LOCATION":"B01"}]
[2016-09-13 15:13:46.2343] 2016-09-13 15:13:46 手工扫描0000012148交地。[{"LOCATION":"B01"}]
[2016-09-13 15:13:46.2643] 2016-09-13 15:13:46 自动板号2016091300002完成。[{"result":"OK"}]
[2016-09-13 15:13:47.2543] 2016-09-13 15:13:47 手工扫描0000012149交地。[{"LOCATION":"B01"}]
[2016-09-13 15:13:48.2543] 2016-09-13 15:13:48 手工扫描0000012150交地。[{"LOCATION":"B01"}]
[2016-09-13 15:13:49.2743] 2016-09-13 15:13:49 手工扫描0000012151交地。[{"LOCATION":"B01"}]
[2016-09-13 15:13:50.2843] 2016-09-13 15:13:50 手工扫描0000012152交地。[{"LOCATION":"B01"}]
[2016-09-13 15:13:51.2943] 2016-09-13 15:13:51 手工扫描0000012153交地。[{"LOCATION":"B01"}]
[2016-09-13 15:13:52.3143] 2016-09-13 15:13:52 手工扫描0000012154交地。[{"LOCATION":"B01"}]
[2016-09-13 15:13:53.3243] 2016-09-13 15:13:53 手工扫描0000012155交地。[{"LOCATION":"B01"}]
[2016-09-13 15:13:54.3443] 2016-09-13 15:13:54 手工扫描0000012156交地。[{"LOCATION":"B01"}]
[2016-09-13 15:13:54.3743] 2016-09-13 15:13:54 自动板号2016091300002完成。[{"result":"OK"}]
[2016-09-13 15:13:55.3543] 2016-09-13 15:13:55 手工扫描0000012157交地。[{"LOCATION":"B01"}]
[2016-09-13 15:13:56.3643] 2016-09-13 15:13:56 手工扫描0000012158交地。[{"LOCATION":"B01"}]
[2016-09-13 15:13:57.3943] 2016-09-13 15:13:57 手工扫描0000012159交地。[{"LOCATION":"B01"}]
[2016-09-13 15:13:58.3943] 2016-09-13 15:13:58 手工扫描0000012160交地。[{"LOCATION":"B01"}]
[2016-09-13 15:13:59.4143] 2016-09-13 15:13:59 手工扫描0000012161交地。[{"LOCATION":"B01"}]
[2016-09-13 15:14:00.4243] 2016-09-13 15:14:00 手工扫描0000012162交地。[{"LOCATION":"B01"}]
[2016-09-13 15:14:01.4343] 2016-09-13 15:14:01 手工扫描0000012163交地。[{"LOCATION":"B01"}]
[2016-09-13 15:14:01.5043] 2016-09-13 15:14:01 自动板号2016091300002完成。[{"result":"OK"}]
[2016-09-13 15:14:02.4643] 2016-09-13 15:14:02 手工扫描0000012164交地。[{"LOCATION":"B01"}]
[2016-09-13 15:14:03.4643] 2016-09-13 15:14:03 手工扫描0000012165交地。[{"LOCATION":"B01"}]
[2016-09-13 15:14:04.4843] 2016-09-13 15:14:04 手工扫描0000012166交地。[{"LOCATION":"B01"}]
[2016-09-13 15:14:05.4943] 2016-09-13 15:14:05 手工扫描0000012167交地。[{"LOCATION":"B01"}]
[2016-09-13 15:14:06.5043] 2016-09-13 15:14:06 手工扫描0000012168交地。[{"LOCATION":"B01"}]
[2016-09-13 15:14:07.5343] 2016-09-13 15:14:07 手工扫描0000012169交地。[{"LOCATION":"B01"}]
[2016-09-13 15:14:08.5343] 2016-09-13 15:14:08 手工扫描0000012170交地。[{"LOCATION":"B01"}]
[2016-09-13 15:14:09.5543] 2016-09-13 15:14:09 手工扫描0000012171交地。[{"LOCATION":"B01"}]
[2016-09-13 15:14:09.5943] 2016-09-13 15:14:09 自动板号2016091300002完成。[{"result":"OK"}]
[2016-09-13 15:14:10.5643] 2016-09-13 15:14:10 手工扫描0000012172交地。[{"LOCATION":"B01"}]
[2016-09-13 15:14:11.5743] 2016-09-13 15:14:11 手工扫描0000012173交地。[{"LOCATION":"B01"}]
[2016-09-13 15:14:12.5943] 2016-09-13 15:14:12 手工扫描0000012174交地。[{"LOCATION":"B01"}]
[2016-09-13 15:14:13.6043] 2016-09-13 15:14:13 手工扫描0000012175交地。[{"LOCATION":"B01"}]
[2016-09-13 15:14:14.6243] 2016-09-13 15:14:14 手工扫描0000012176交地。[{"LOCATION":"B01"}]
[2016-09-13 15:14:15.6343] 2016-09-13 15:14:15 手工扫描0000012177交地。[{"LOCATION":"B01"}]
[2016-09-13 15:14:16.6443] 2016-09-13 15:14:16 手工扫描0000012178交地。[{"LOCATION":"B01"}]
[2016-09-13 15:14:16.6843] 2016-09-13 15:14:16 自动板号2016091300002完成。[{"result":"OK"}]
[2016-09-13 15:14:17.6743] 2016-09-13 15:14:17 手工扫描0000012179交地。[{"LOCATION":"B01"}]
[2016-09-13 15:14:18.6743] 2016-09-13 15:14:18 手工扫描0000012180交地。[{"LOCATION":"B01"}]
[2016-09-13 15:14:19.7043] 2016-09-13 15:14:19 手工扫描0000012181交地。[{"LOCATION":"B01"}]
[2016-09-13 15:14:20.7043] 2016-09-13 15:14:20 手工扫描0000012182交地。[{"LOCATION":"B01"}]
[2016-09-13 15:14:21.7343] 2016-09-13 15:14:21 手工扫描0000012183交地。[{"LOCATION":"B01"}]
[2016-09-13 15:14:22.7343] 2016-09-13 15:14:22 手工扫描0000012184交地。[{"LOCATION":"B01"}]
[2016-09-13 15:14:23.7453] 2016-09-13 15:14:23 手工扫描0000012185交地。[{"LOCATION":"B01"}]
[2016-09-13 15:14:23.7853] 2016-09-13 15:14:23 自动板号2016091300002完成。[{"result":"OK"}]
[2016-09-13 15:14:24.7653] 2016-09-13 15:14:24 手工扫描0000012186交地。[{"LOCATION":"B01"}]
[2016-09-13 15:14:25.7753] 2016-09-13 15:14:25 手工扫描0000012187交地。[{"LOCATION":"B01"}]
[2016-09-13 15:14:26.7853] 2016-09-13 15:14:26 手工扫描0000012188交地。[{"LOCATION":"B01"}]
[2016-09-13 15:14:27.8153] 2016-09-13 15:14:27 手工扫描0000012189交地。[{"LOCATION":"B01"}]
[2016-09-13 15:14:28.8153] 2016-09-13 15:14:28 手工扫描0000012190交地。[{"LOCATION":"B01"}]
[2016-09-13 15:14:29.8353] 2016-09-13 15:14:29 手工扫描0000012191交地。[{"LOCATION":"B01"}]
[2016-09-13 15:14:30.8453] 2016-09-13 15:14:30 手工扫描0000012192交地。[{"LOCATION":"B01"}]
[2016-09-13 15:14:31.8553] 2016-09-13 15:14:31 手工扫描0000012193交地。[{"LOCATION":"B01"}]
[2016-09-13 15:14:31.9053] 2016-09-13 15:14:31 自动板号2016091300002已完成，不能重复完成
[2016-09-13 15:14:32.8853] 2016-09-13 15:14:32 手工扫描0000012194交地。[{"LOCATION":"B01"}]
[2016-09-13 15:14:32.8853] PanelNo：2016091300003
[2016-09-13 15:14:33.8853] 2016-09-13 15:14:33 手工扫描0000012195交地。[{"LOCATION":"B01"}]
[2016-09-13 15:14:34.9053] 2016-09-13 15:14:34 手工扫描0000012196交地。[{"LOCATION":"B01"}]
[2016-09-13 15:14:35.9153] 2016-09-13 15:14:35 手工扫描0000012197交地。[{"LOCATION":"B01"}]
[2016-09-13 15:14:36.9253] 2016-09-13 15:14:36 手工扫描0000012198交地。[{"LOCATION":"B01"}]
[2016-09-13 15:14:37.9553] 2016-09-13 15:14:37 手工扫描0000012199交地。[{"LOCATION":"B01"}]
[2016-09-13 15:14:38.9553] 2016-09-13 15:14:38 手工扫描0000012200交地。[{"LOCATION":"B01"}]
[2016-09-13 15:14:39.9753] 2016-09-13 15:14:39 手工扫描0000012201交地。[{"LOCATION":"B01"}]
[2016-09-13 15:14:40.9853] 2016-09-13 15:14:40 手工扫描0000012202交地。[{"LOCATION":"B01"}]
[2016-09-13 15:14:41.0353] 2016-09-13 15:14:41 自动板号2016091300003完成。[{"result":"OK"}]
[2016-09-13 15:14:41.9953] 2016-09-13 15:14:41 手工扫描0000012203交地。[{"LOCATION":"B01"}]
[2016-09-13 15:14:43.0153] 2016-09-13 15:14:43 手工扫描0000012204交地。[{"LOCATION":"B01"}]
[2016-09-13 15:14:44.0253] 2016-09-13 15:14:44 手工扫描0000012205交地。[{"LOCATION":"B01"}]
[2016-09-13 15:14:45.0453] 2016-09-13 15:14:45 手工扫描0000012206交地。[{"LOCATION":"B01"}]
[2016-09-13 15:14:46.0553] 2016-09-13 15:14:46 手工扫描0000012207交地。[{"LOCATION":"B01"}]
[2016-09-13 15:14:47.0653] 2016-09-13 15:14:47 手工扫描0000012208交地。[{"LOCATION":"B01"}]
[2016-09-13 15:14:48.0953] 2016-09-13 15:14:48 手工扫描0000012209交地。[{"LOCATION":"B01"}]
[2016-09-13 15:14:49.0953] 2016-09-13 15:14:49 手工扫描0000012210交地。[{"LOCATION":"B01"}]
[2016-09-13 15:14:49.1353] 2016-09-13 15:14:49 自动板号2016091300003完成。[{"result":"OK"}]
[2016-09-13 15:14:50.1153] 2016-09-13 15:14:50 手工扫描0000012211交地。[{"LOCATION":"B01"}]
[2016-09-13 15:14:51.1253] 2016-09-13 15:14:51 手工扫描0000012212交地。[{"LOCATION":"B01"}]
[2016-09-13 15:14:52.1354] 2016-09-13 15:14:52 手工扫描0000012213交地。[{"LOCATION":"B01"}]
[2016-09-13 15:14:53.1554] 2016-09-13 15:14:53 手工扫描0000012214交地。[{"LOCATION":"B01"}]
[2016-09-13 15:14:54.1654] 2016-09-13 15:14:54 手工扫描0000012215交地。[{"LOCATION":"B01"}]
[2016-09-13 15:14:55.1854] 2016-09-13 15:14:55 手工扫描0000012216交地。[{"LOCATION":"B01"}]
[2016-09-13 15:14:56.1954] 2016-09-13 15:14:56 手工扫描0000012217交地。[{"LOCATION":"B01"}]
[2016-09-13 15:14:56.2454] 2016-09-13 15:14:56 自动板号2016091300003完成。[{"result":"OK"}]
[2016-09-13 15:14:57.2054] 2016-09-13 15:14:57 手工扫描0000012218交地。[{"LOCATION":"B01"}]
[2016-09-13 15:14:58.2354] 2016-09-13 15:14:58 手工扫描0000012219交地。[{"LOCATION":"B01"}]
[2016-09-13 15:14:58.6954] 2016-09-13 15:14:58 停止
