[2016-11-10 16:41:59.8563] 运行
[2016-11-10 16:42:36.6024] 手工扫描0000000001交地。[{"LOCATION":"B02"}]
[2016-11-10 16:42:36.6024] 取交地耗时:　35615ms
[2016-11-10 16:42:37.0654] 手工扫描0000000002交地。[{"LOCATION":"B02"}]
[2016-11-10 16:42:37.0684] 取交地耗时:　25ms
[2016-11-10 16:42:37.5064] 手工扫描0000000003交地。[{"LOCATION":"B02"}]
[2016-11-10 16:42:37.5064] 取交地耗时:　17ms
[2016-11-10 16:42:38.5235] 手工扫描0000000004交地。[{"LOCATION":"B02"}]
[2016-11-10 16:42:38.5235] 取交地耗时:　19ms
[2016-11-10 16:42:39.5325] 手工扫描0000000005交地。[{"LOCATION":"B02"}]
[2016-11-10 16:42:39.5345] 取交地耗时:　16ms
[2016-11-10 16:42:40.5476] 手工扫描0000000006交地。[{"LOCATION":"B02"}]
[2016-11-10 16:42:40.5476] 取交地耗时:　17ms
[2016-11-10 16:42:41.5607] 手工扫描0000000007交地。[{"LOCATION":"B02"}]
[2016-11-10 16:42:41.5607] 取交地耗时:　16ms
[2016-11-10 16:42:42.5797] 手工扫描0000000008交地。[{"LOCATION":"B02"}]
[2016-11-10 16:42:42.5797] 取交地耗时:　21ms
[2016-11-10 16:42:43.5968] 手工扫描0000000009交地。[{"LOCATION":"B02"}]
[2016-11-10 16:42:43.5968] 取交地耗时:　23ms
[2016-11-10 16:42:44.6038] 手工扫描0000000010交地。[{"LOCATION":"B02"}]
[2016-11-10 16:42:44.6038] 取交地耗时:　17ms
[2016-11-10 16:42:45.6189] 手工扫描0000000011交地。[{"LOCATION":"B02"}]
[2016-11-10 16:42:45.6189] 取交地耗时:　16ms
[2016-11-10 16:42:46.6319] 手工扫描0000000012交地。[{"LOCATION":"B02"}]
[2016-11-10 16:42:46.6319] 取交地耗时:　15ms
[2016-11-10 16:42:47.6450] 手工扫描0000000013交地。[{"LOCATION":"B02"}]
[2016-11-10 16:42:47.6450] 取交地耗时:　16ms
[2016-11-10 16:42:48.6671] 手工扫描0000000014交地。[{"LOCATION":"B02"}]
[2016-11-10 16:42:48.6671] 取交地耗时:　23ms
[2016-11-10 16:42:49.6781] 手工扫描0000000015交地。[{"LOCATION":"B02"}]
[2016-11-10 16:42:49.6781] 取交地耗时:　21ms
[2016-11-10 16:42:50.6862] 手工扫描0000000016交地。[{"LOCATION":"B02"}]
[2016-11-10 16:42:50.6882] 取交地耗时:　16ms
[2016-11-10 16:42:51.7192] 手工扫描0000000017交地。[{"LOCATION":"B02"}]
[2016-11-10 16:42:51.7192] 取交地耗时:　35ms
[2016-11-10 16:42:52.7163] 手工扫描0000000018交地。[{"LOCATION":"B02"}]
[2016-11-10 16:42:52.7163] 取交地耗时:　17ms
[2016-11-10 16:42:53.7304] 手工扫描0000000019交地。[{"LOCATION":"B02"}]
[2016-11-10 16:42:53.7304] 取交地耗时:　17ms
[2016-11-10 16:42:54.7434] 手工扫描0000000020交地。[{"LOCATION":"B02"}]
[2016-11-10 16:42:54.7434] 取交地耗时:　17ms
[2016-11-10 16:42:55.7545] 手工扫描0000000021交地。[{"LOCATION":"B02"}]
[2016-11-10 16:42:55.7545] 取交地耗时:　13ms
[2016-11-10 16:42:56.7735] 手工扫描0000000022交地。[{"LOCATION":"B02"}]
[2016-11-10 16:42:56.7735] 取交地耗时:　18ms
[2016-11-10 16:42:57.8166] 手工扫描0000000023交地。[{"LOCATION":"B02"}]
[2016-11-10 16:42:57.8166] 取交地耗时:　49ms
[2016-11-10 16:42:58.8386] 手工扫描0000000024交地。[{"LOCATION":"B02"}]
[2016-11-10 16:42:58.8386] 取交地耗时:　55ms
[2016-11-10 16:42:59.8147] 手工扫描0000000025交地。[{"LOCATION":"B02"}]
[2016-11-10 16:42:59.8147] 取交地耗时:　18ms
[2016-11-10 16:43:58.7281] 运行
[2016-11-10 16:47:23.6518] 运行
[2016-11-10 16:47:25.0079] 创建连接 IP: 127.0.0.1; Port: 9004;  System.Net.Sockets.SocketException (0x80004005): 由于目标计算机积极拒绝，无法连接。 127.0.0.1:9004
   at System.Net.Sockets.Socket.DoConnect(EndPoint endPointSnapshot, SocketAddress socketAddress)
   at System.Net.Sockets.Socket.Connect(EndPoint remoteEP)
   at ProduceComm.TcpIpManage.Open() in E:\ljework\yida\codesource\yidascan\Communication\TcpIpManage.cs:line 46
[2016-11-10 16:47:25.0079] 1#采集器启动失败。
[2016-11-10 16:47:26.2509] 手工重复扫描0000000001
[2016-11-10 16:47:26.2509] 取交地耗时:　234ms
[2016-11-10 16:47:27.0300] 手工重复扫描0000000002
[2016-11-10 16:47:27.0300] 取交地耗时:　3ms
[2016-11-10 16:47:28.0450] 手工重复扫描0000000003
[2016-11-10 16:47:28.0450] 取交地耗时:　4ms
[2016-11-10 16:47:29.0581] 手工重复扫描0000000004
[2016-11-10 16:47:29.0581] 取交地耗时:　3ms
[2016-11-10 16:47:30.0732] 手工重复扫描0000000005
[2016-11-10 16:47:30.0732] 取交地耗时:　3ms
[2016-11-10 16:47:31.0872] 手工重复扫描0000000006
[2016-11-10 16:47:31.0872] 取交地耗时:　4ms
[2016-11-10 16:47:32.1003] 手工重复扫描0000000007
[2016-11-10 16:47:32.1003] 取交地耗时:　3ms
[2016-11-10 16:47:33.1153] 手工重复扫描0000000008
[2016-11-10 16:47:33.1153] 取交地耗时:　5ms
[2016-11-10 16:47:34.1284] 手工重复扫描0000000009
[2016-11-10 16:47:34.1284] 取交地耗时:　3ms
[2016-11-10 16:47:35.1424] 手工重复扫描0000000010
[2016-11-10 16:47:35.1424] 取交地耗时:　4ms
[2016-11-10 16:47:36.1565] 手工重复扫描0000000011
[2016-11-10 16:47:36.1565] 取交地耗时:　10ms
[2016-11-10 16:47:37.1706] 手工重复扫描0000000012
[2016-11-10 16:47:37.1706] 取交地耗时:　4ms
[2016-11-10 16:47:38.1846] 手工重复扫描0000000013
[2016-11-10 16:47:38.1846] 取交地耗时:　3ms
[2016-11-10 16:47:39.1997] 手工重复扫描0000000014
[2016-11-10 16:47:39.1997] 取交地耗时:　3ms
[2016-11-10 16:47:40.2127] 手工重复扫描0000000015
[2016-11-10 16:47:40.2127] 取交地耗时:　3ms
[2016-11-10 16:47:41.2258] 手工重复扫描0000000016
[2016-11-10 16:47:41.2258] 取交地耗时:　3ms
[2016-11-10 16:47:42.2419] 手工重复扫描0000000017
[2016-11-10 16:47:42.2419] 取交地耗时:　3ms
[2016-11-10 16:47:43.2549] 手工重复扫描0000000018
[2016-11-10 16:47:43.2549] 取交地耗时:　3ms
[2016-11-10 16:47:44.2690] 手工重复扫描0000000019
[2016-11-10 16:47:44.2690] 取交地耗时:　3ms
[2016-11-10 16:47:45.2830] 手工重复扫描0000000020
[2016-11-10 16:47:45.2830] 取交地耗时:　4ms
[2016-11-10 16:47:46.2961] 手工重复扫描0000000021
[2016-11-10 16:47:46.2961] 取交地耗时:　3ms
[2016-11-10 16:47:47.3101] 手工重复扫描0000000022
[2016-11-10 16:47:47.3101] 取交地耗时:　3ms
[2016-11-10 16:47:48.3252] 手工重复扫描0000000023
[2016-11-10 16:47:48.3252] 取交地耗时:　5ms
[2016-11-10 16:47:49.3383] 手工重复扫描0000000024
[2016-11-10 16:47:49.3383] 取交地耗时:　3ms
[2016-11-10 16:47:50.3513] 手工重复扫描0000000025
[2016-11-10 16:47:50.3513] 取交地耗时:　3ms
[2016-11-10 16:47:52.0834] 手工扫描0000000026交地。[{"LOCATION":"B02"}]
[2016-11-10 16:47:52.0834] 取交地耗时:　720ms
[2016-11-10 16:47:52.3914] 手工扫描0000000027交地。[{"LOCATION":"B02"}]
[2016-11-10 16:47:52.3934] 取交地耗时:　15ms
[2016-11-10 16:47:53.4035] 手工扫描0000000028交地。[{"LOCATION":"B02"}]
[2016-11-10 16:47:53.4035] 取交地耗时:　13ms
[2016-11-10 16:47:54.4196] 手工扫描0000000029交地。[{"LOCATION":"B02"}]
[2016-11-10 16:47:54.4216] 取交地耗时:　15ms
[2016-11-10 16:47:55.4386] 手工扫描0000000030交地。[{"LOCATION":"B02"}]
[2016-11-10 16:47:55.4386] 取交地耗时:　17ms
[2016-11-10 16:47:56.4547] 手工扫描0000000031交地。[{"LOCATION":"B02"}]
[2016-11-10 16:47:56.4547] 取交地耗时:　21ms
[2016-11-10 16:47:57.4627] 手工扫描0000000032交地。[{"LOCATION":"B02"}]
[2016-11-10 16:47:57.4627] 取交地耗时:　15ms
[2016-11-10 16:47:58.4788] 手工扫描0000000033交地。[{"LOCATION":"B02"}]
[2016-11-10 16:47:58.4788] 取交地耗时:　17ms
[2016-11-10 16:47:59.4938] 手工扫描0000000034交地。[{"LOCATION":"B02"}]
[2016-11-10 16:47:59.4938] 取交地耗时:　18ms
[2016-11-10 16:48:00.5439] 手工扫描0000000035交地。[{"LOCATION":"B02"}]
[2016-11-10 16:48:00.5439] 取交地耗时:　55ms
[2016-11-10 16:48:01.5360] 手工扫描0000000036交地。[{"LOCATION":"B02"}]
[2016-11-10 16:48:01.5360] 取交地耗时:　33ms
[2016-11-10 16:48:02.5480] 手工扫描0000000037交地。[{"LOCATION":"B02"}]
[2016-11-10 16:48:02.5490] 取交地耗时:　30ms
[2016-11-10 16:48:03.6121] 手工扫描0000000038交地。[{"LOCATION":"B02"}]
[2016-11-10 16:48:03.6121] 取交地耗时:　91ms
[2016-11-10 16:48:04.2791] 停止
