[2016-11-03 15:38:33.0447] 2016-11-03 15:38:33 运行
[2016-11-03 15:38:34.1207] 2016-11-03 15:38:34 手工重复扫描0000000001
[2016-11-03 15:38:35.1108] 2016-11-03 15:38:35 手工重复扫描0000000002
[2016-11-03 15:38:36.1339] 2016-11-03 15:38:36 手工重复扫描0000000003
[2016-11-03 15:38:37.1389] 2016-11-03 15:38:37 手工重复扫描0000000004
[2016-11-03 15:38:38.1570] 2016-11-03 15:38:38 手工重复扫描0000000005
[2016-11-03 15:38:38.6890] 2016-11-03 15:38:38 停止
[2016-11-03 15:38:49.0376] 2016-11-03 15:38:49 运行
[2016-11-03 15:38:50.7547] 2016-11-03 15:38:50 手工扫描0000004100交地。[{"LOCATION":"B02"}]
[2016-11-03 15:38:51.0717] 2016-11-03 15:38:51 手工扫描0000004101交地。[{"LOCATION":"B02"}]
[2016-11-03 15:38:52.0828] 2016-11-03 15:38:52 手工扫描0000004102交地。[{"LOCATION":"B02"}]
[2016-11-03 15:38:53.0958] 2016-11-03 15:38:53 手工扫描0000004103交地。[{"LOCATION":"B02"}]
[2016-11-03 15:38:54.1069] 2016-11-03 15:38:54 手工扫描0000004104交地。[{"LOCATION":"B02"}]
[2016-11-03 15:38:55.1249] 2016-11-03 15:38:55 手工扫描0000004105交地。[{"LOCATION":"B02"}]
[2016-11-03 15:38:56.1600] 2016-11-03 15:38:56 手工扫描0000004106交地。[{"LOCATION":"B02"}]
[2016-11-03 15:38:57.1551] 2016-11-03 15:38:57 手工扫描0000004107交地。[{"LOCATION":"B02"}]
[2016-11-03 15:38:58.1771] 2016-11-03 15:38:58 手工扫描0000004108交地。[{"LOCATION":"B02"}]
[2016-11-03 15:38:59.2162] 2016-11-03 15:38:59 手工扫描0000004109交地。[{"LOCATION":"B02"}]
[2016-11-03 15:39:00.2062] 2016-11-03 15:39:00 手工扫描0000004110交地。[{"LOCATION":"B02"}]
[2016-11-03 15:39:01.2083] 2016-11-03 15:39:01 手工扫描0000004111交地。[{"LOCATION":"B02"}]
[2016-11-03 15:39:02.2293] 2016-11-03 15:39:02 手工扫描0000004112交地。[{"LOCATION":"B02"}]
[2016-11-03 15:39:03.2384] 2016-11-03 15:39:03 手工扫描0000004113交地。[{"LOCATION":"B02"}]
[2016-11-03 15:39:04.2525] 2016-11-03 15:39:04 手工扫描0000004114交地。[{"LOCATION":"B02"}]
[2016-11-03 15:39:05.2675] 2016-11-03 15:39:05 手工扫描0000004115交地。[{"LOCATION":"B02"}]
[2016-11-03 15:39:06.2936] 2016-11-03 15:39:06 手工扫描0000004116交地。[{"LOCATION":"B02"}]
[2016-11-03 15:39:07.2966] 2016-11-03 15:39:07 手工扫描0000004117交地。[{"LOCATION":"B02"}]
[2016-11-03 15:39:08.3067] 2016-11-03 15:39:08 手工扫描0000004118交地。[{"LOCATION":"B02"}]
[2016-11-03 15:39:09.3498] 2016-11-03 15:39:09 手工扫描0000004119交地。[{"LOCATION":"B02"}]
[2016-11-03 15:39:10.3588] 2016-11-03 15:39:10 手工扫描0000004120交地。[{"LOCATION":"B02"}]
[2016-11-03 15:39:11.3879] 2016-11-03 15:39:11 手工扫描0000004121交地。[{"LOCATION":"B02"}]
[2016-11-03 15:39:12.3789] 2016-11-03 15:39:12 手工扫描0000004122交地。[{"LOCATION":"B02"}]
[2016-11-03 15:39:13.3780] 2016-11-03 15:39:13 手工扫描0000004123交地。[{"LOCATION":"B02"}]
[2016-11-03 15:39:14.4030] 2016-11-03 15:39:14 手工扫描0000004124交地。[{"LOCATION":"B02"}]
[2016-11-03 15:39:15.5071] 2016-11-03 15:39:15 手工扫描0000004125交地。[{"LOCATION":"B02"}]
[2016-11-03 15:39:16.4202] 2016-11-03 15:39:16 手工扫描0000004126交地。[{"LOCATION":"B02"}]
[2016-11-03 15:39:17.4332] 2016-11-03 15:39:17 手工扫描0000004127交地。[{"LOCATION":"B02"}]
[2016-11-03 15:39:18.4503] 2016-11-03 15:39:18 手工扫描0000004128交地。[{"LOCATION":"B02"}]
[2016-11-03 15:39:19.4893] 2016-11-03 15:39:19 手工扫描0000004129交地。[{"LOCATION":"B02"}]
[2016-11-03 15:39:20.4854] 2016-11-03 15:39:20 手工扫描0000004130交地。[{"LOCATION":"B02"}]
[2016-11-03 15:39:21.4925] 2016-11-03 15:39:21 手工扫描0000004131交地。[{"LOCATION":"B02"}]
[2016-11-03 15:39:22.5195] 2016-11-03 15:39:22 手工扫描0000004132交地。[{"LOCATION":"B02"}]
[2016-11-03 15:39:23.5186] 2016-11-03 15:39:23 手工扫描0000004133交地。[{"LOCATION":"B02"}]
[2016-11-03 15:39:24.6096] 2016-11-03 15:39:24 手工扫描0000004134交地。[{"LOCATION":"B02"}]
[2016-11-03 15:39:25.5487] 2016-11-03 15:39:25 手工扫描0000004135交地。[{"LOCATION":"B02"}]
[2016-11-03 15:39:26.5647] 2016-11-03 15:39:26 手工扫描0000004136交地。[{"LOCATION":"B02"}]
[2016-11-03 15:39:27.5738] 2016-11-03 15:39:27 手工扫描0000004137交地。[{"LOCATION":"B02"}]
[2016-11-03 15:39:28.5899] 2016-11-03 15:39:28 手工扫描0000004138交地。[{"LOCATION":"B02"}]
[2016-11-03 15:39:29.6229] 2016-11-03 15:39:29 手工扫描0000004139交地。[{"LOCATION":"B02"}]
[2016-11-03 15:39:30.6170] 2016-11-03 15:39:30 手工扫描0000004140交地。[{"LOCATION":"B02"}]
[2016-11-03 15:39:31.6330] 2016-11-03 15:39:31 手工扫描0000004141交地。[{"LOCATION":"B02"}]
[2016-11-03 15:39:32.6411] 2016-11-03 15:39:32 手工扫描0000004142交地。[{"LOCATION":"B02"}]
[2016-11-03 15:39:33.6571] 2016-11-03 15:39:33 手工扫描0000004143交地。[{"LOCATION":"B02"}]
[2016-11-03 15:39:34.6752] 2016-11-03 15:39:34 手工扫描0000004144交地。[{"LOCATION":"B02"}]
[2016-11-03 15:39:35.6863] 2016-11-03 15:39:35 手工扫描0000004145交地。[{"LOCATION":"B02"}]
[2016-11-03 15:39:36.7003] 2016-11-03 15:39:36 手工扫描0000004146交地。[{"LOCATION":"B02"}]
[2016-11-03 15:39:37.4214] 2016-11-03 15:39:37 手工称重[{"result":"OK"}]
[2016-11-03 15:39:37.7094] 2016-11-03 15:39:37 手工扫描0000004147交地。[{"LOCATION":"B02"}]
[2016-11-03 15:39:38.7304] 2016-11-03 15:39:38 手工扫描0000004148交地。[{"LOCATION":"B02"}]
[2016-11-03 15:39:39.7575] 2016-11-03 15:39:39 手工扫描0000004149交地。[{"LOCATION":"B02"}]
[2016-11-03 15:39:40.7606] 2016-11-03 15:39:40 手工扫描0000004150交地。[{"LOCATION":"B02"}]
[2016-11-03 15:39:41.7706] 2016-11-03 15:39:41 手工扫描0000004151交地。[{"LOCATION":"B02"}]
[2016-11-03 15:39:42.8037] 2016-11-03 15:39:42 手工扫描0000004152交地。[{"LOCATION":"B02"}]
[2016-11-03 15:39:43.8237] 2016-11-03 15:39:43 手工扫描0000004153交地。[{"LOCATION":"B02"}]
[2016-11-03 15:39:44.0437] 2016-11-03 15:39:44 手工称重[{"result":"OK"}]
[2016-11-03 15:39:44.8088] 2016-11-03 15:39:44 手工扫描0000004154交地。[{"LOCATION":"B02"}]
[2016-11-03 15:39:45.8318] 2016-11-03 15:39:45 手工扫描0000004155交地。[{"LOCATION":"B02"}]
[2016-11-03 15:39:46.8429] 2016-11-03 15:39:46 手工扫描0000004156交地。[{"LOCATION":"B02"}]
[2016-11-03 15:39:47.8590] 2016-11-03 15:39:47 手工扫描0000004157交地。[{"LOCATION":"B02"}]
[2016-11-03 15:39:48.8660] 2016-11-03 15:39:48 手工扫描0000004158交地。[{"LOCATION":"B02"}]
[2016-11-03 15:39:49.9171] 2016-11-03 15:39:49 手工扫描0000004159交地。[{"LOCATION":"B02"}]
[2016-11-03 15:39:50.8971] 2016-11-03 15:39:50 手工扫描0000004160交地。[{"LOCATION":"B02"}]
[2016-11-03 15:39:51.9102] 2016-11-03 15:39:51 手工扫描0000004161交地。[{"LOCATION":"B02"}]
[2016-11-03 15:39:52.9242] 2016-11-03 15:39:52 手工扫描0000004162交地。[{"LOCATION":"B02"}]
[2016-11-03 15:39:53.9393] 2016-11-03 15:39:53 手工扫描0000004163交地。[{"LOCATION":"B02"}]
[2016-11-03 15:39:54.9514] 2016-11-03 15:39:54 手工扫描0000004164交地。[{"LOCATION":"B02"}]
[2016-11-03 15:39:55.9674] 2016-11-03 15:39:55 手工扫描0000004165交地。[{"LOCATION":"B02"}]
[2016-11-03 15:39:56.9985] 2016-11-03 15:39:56 手工扫描0000004166交地。[{"LOCATION":"B02"}]
[2016-11-03 15:39:58.0045] 2016-11-03 15:39:58 手工扫描0000004167交地。[{"LOCATION":"B02"}]
[2016-11-03 15:39:58.8736] 2016-11-03 15:39:58 停止
