[2016-09-14 10:57:31.7329] 2016-09-14 10:57:31 运行
[2016-09-14 10:57:52.0181] 2016-09-14 10:57:52 手工扫描0000000001交地。[{"LOCATION":"B01"}]
[2016-09-14 10:57:52.1201] PanelNo：2016091400001
[2016-09-14 10:57:52.2281] 2016-09-14 10:57:52 手工扫描0000000002交地。[{"LOCATION":"B01"}]
[2016-09-14 10:57:53.1402] 2016-09-14 10:57:53 手工扫描0000000003交地。[{"LOCATION":"B01"}]
[2016-09-14 10:57:54.1542] 2016-09-14 10:57:54 手工扫描0000000004交地。[{"LOCATION":"B01"}]
[2016-09-14 10:57:55.1733] 2016-09-14 10:57:55 手工扫描0000000005交地。[{"LOCATION":"B01"}]
[2016-09-14 10:57:56.1863] 2016-09-14 10:57:56 手工扫描0000000006交地。[{"LOCATION":"B01"}]
[2016-09-14 10:57:57.1964] 2016-09-14 10:57:57 手工扫描0000000007交地。[{"LOCATION":"B01"}]
[2016-09-14 10:57:58.2104] 2016-09-14 10:57:58 手工扫描0000000008交地。[{"LOCATION":"B01"}]
[2016-09-14 10:57:58.2304] 2016-09-14 10:57:58 自动板号2016091400001完成。[{"result":"OK"}]
[2016-09-14 10:57:59.2235] 2016-09-14 10:57:59 手工扫描0000000009交地。[{"LOCATION":"B01"}]
[2016-09-14 10:58:00.2376] 2016-09-14 10:58:00 手工扫描0000000010交地。[{"LOCATION":"B01"}]
[2016-09-14 10:58:01.2506] 2016-09-14 10:58:01 手工扫描0000000011交地。[{"LOCATION":"B01"}]
[2016-09-14 10:58:02.2667] 2016-09-14 10:58:02 手工扫描0000000012交地。[{"LOCATION":"B01"}]
[2016-09-14 10:58:03.2797] 2016-09-14 10:58:03 手工扫描0000000013交地。[{"LOCATION":"B01"}]
[2016-09-14 10:58:04.2938] 2016-09-14 10:58:04 手工扫描0000000014交地。[{"LOCATION":"B01"}]
[2016-09-14 10:58:05.3108] 2016-09-14 10:58:05 手工扫描0000000015交地。[{"LOCATION":"B01"}]
[2016-09-14 10:58:05.3278] 2016-09-14 10:58:05 自动板号2016091400001完成。[{"result":"OK"}]
[2016-09-14 10:58:06.3219] 2016-09-14 10:58:06 手工扫描0000000016交地。[{"LOCATION":"B01"}]
[2016-09-14 10:58:07.3370] 2016-09-14 10:58:07 手工扫描0000000017交地。[{"LOCATION":"B01"}]
[2016-09-14 10:58:08.3500] 2016-09-14 10:58:08 手工扫描0000000018交地。[{"LOCATION":"B01"}]
[2016-09-14 10:58:09.3641] 2016-09-14 10:58:09 手工扫描0000000019交地。[{"LOCATION":"B01"}]
[2016-09-14 10:58:10.3781] 2016-09-14 10:58:10 手工扫描0000000020交地。[{"LOCATION":"B01"}]
[2016-09-14 10:58:11.3922] 2016-09-14 10:58:11 手工扫描0000000021交地。[{"LOCATION":"B01"}]
[2016-09-14 10:58:12.4063] 2016-09-14 10:58:12 手工扫描0000000022交地。[{"LOCATION":"B01"}]
[2016-09-14 10:58:12.4203] 2016-09-14 10:58:12 自动板号2016091400001完成。[{"result":"OK"}]
[2016-09-14 10:58:13.4203] 2016-09-14 10:58:13 手工扫描0000000023交地。[{"LOCATION":"B01"}]
[2016-09-14 10:58:14.4334] 2016-09-14 10:58:14 手工扫描0000000024交地。[{"LOCATION":"B01"}]
[2016-09-14 10:58:15.4484] 2016-09-14 10:58:15 手工扫描0000000025交地。[{"LOCATION":"B01"}]
[2016-09-14 10:58:16.4625] 2016-09-14 10:58:16 手工扫描0000000026交地。[{"LOCATION":"B01"}]
[2016-09-14 10:58:17.4765] 2016-09-14 10:58:17 手工扫描0000000027交地。[{"LOCATION":"B01"}]
[2016-09-14 10:58:18.4906] 2016-09-14 10:58:18 手工扫描0000000028交地。[{"LOCATION":"B01"}]
[2016-09-14 10:58:19.5047] 2016-09-14 10:58:19 手工扫描0000000029交地。[{"LOCATION":"B01"}]
[2016-09-14 10:58:20.5177] 2016-09-14 10:58:20 手工扫描0000000030交地。[{"LOCATION":"B01"}]
[2016-09-14 10:58:20.5317] 2016-09-14 10:58:20 自动板号2016091400001完成。[{"result":"OK"}]
[2016-09-14 10:58:21.5318] 2016-09-14 10:58:21 手工扫描0000000031交地。[{"LOCATION":"B01"}]
[2016-09-14 10:58:22.5458] 2016-09-14 10:58:22 手工扫描0000000032交地。[{"LOCATION":"B01"}]
[2016-09-14 10:58:23.5599] 2016-09-14 10:58:23 手工扫描0000000033交地。[{"LOCATION":"B01"}]
[2016-09-14 10:58:24.5739] 2016-09-14 10:58:24 手工扫描0000000034交地。[{"LOCATION":"B01"}]
[2016-09-14 10:58:25.5880] 2016-09-14 10:58:25 手工扫描0000000035交地。[{"LOCATION":"B01"}]
[2016-09-14 10:58:26.6021] 2016-09-14 10:58:26 手工扫描0000000036交地。[{"LOCATION":"B01"}]
[2016-09-14 10:58:27.6161] 2016-09-14 10:58:27 手工扫描0000000037交地。[{"LOCATION":"B01"}]
[2016-09-14 10:58:27.6301] 2016-09-14 10:58:27 自动板号2016091400001完成。[{"result":"OK"}]
[2016-09-14 10:58:28.6302] 2016-09-14 10:58:28 手工扫描0000000038交地。[{"LOCATION":"B01"}]
[2016-09-14 10:58:29.6442] 2016-09-14 10:58:29 手工扫描0000000039交地。[{"LOCATION":"B01"}]
[2016-09-14 10:58:30.6583] 2016-09-14 10:58:30 手工扫描0000000040交地。[{"LOCATION":"B01"}]
[2016-09-14 10:58:31.6724] 2016-09-14 10:58:31 手工扫描0000000041交地。[{"LOCATION":"B01"}]
[2016-09-14 10:58:32.6864] 2016-09-14 10:58:32 手工扫描0000000042交地。[{"LOCATION":"B01"}]
[2016-09-14 10:58:33.7005] 2016-09-14 10:58:33 手工扫描0000000043交地。[{"LOCATION":"B01"}]
[2016-09-14 10:58:34.7135] 2016-09-14 10:58:34 手工扫描0000000044交地。[{"LOCATION":"B01"}]
[2016-09-14 10:58:34.7375] 2016-09-14 10:58:34 自动板号2016091400001完成。[{"result":"OK"}]
[2016-09-14 10:58:35.7306] 2016-09-14 10:58:35 手工扫描0000000045交地。[{"LOCATION":"B01"}]
[2016-09-14 10:58:36.7426] 2016-09-14 10:58:36 手工扫描0000000046交地。[{"LOCATION":"B01"}]
[2016-09-14 10:58:37.7577] 2016-09-14 10:58:37 手工扫描0000000047交地。[{"LOCATION":"B01"}]
[2016-09-14 10:58:38.7728] 2016-09-14 10:58:38 手工扫描0000000048交地。[{"LOCATION":"B01"}]
[2016-09-14 10:58:39.7858] 2016-09-14 10:58:39 手工扫描0000000049交地。[{"LOCATION":"B01"}]
[2016-09-14 10:58:40.7979] 2016-09-14 10:58:40 手工扫描0000000050交地。[{"LOCATION":"B01"}]
[2016-09-14 10:58:41.8119] 2016-09-14 10:58:41 手工扫描0000000051交地。[{"LOCATION":"B01"}]
[2016-09-14 10:58:42.8260] 2016-09-14 10:58:42 手工扫描0000000052交地。[{"LOCATION":"B01"}]
[2016-09-14 10:58:43.8401] 2016-09-14 10:58:43 手工扫描0000000053交地。[{"LOCATION":"B01"}]
[2016-09-14 10:58:43.8531] 2016-09-14 10:58:43 自动板号2016091400001已完成，不能重复完成
[2016-09-14 10:58:44.8541] 2016-09-14 10:58:44 手工扫描0000000054交地。[{"LOCATION":"B01"}]
[2016-09-14 10:58:44.8541] PanelNo：2016091400002
[2016-09-14 10:58:45.8682] 2016-09-14 10:58:45 手工扫描0000000055交地。[{"LOCATION":"B01"}]
[2016-09-14 10:58:46.8822] 2016-09-14 10:58:46 手工扫描0000000056交地。[{"LOCATION":"B01"}]
[2016-09-14 10:58:47.8963] 2016-09-14 10:58:47 手工扫描0000000057交地。[{"LOCATION":"B01"}]
[2016-09-14 10:58:48.9103] 2016-09-14 10:58:48 手工扫描0000000058交地。[{"LOCATION":"B01"}]
[2016-09-14 10:58:49.9244] 2016-09-14 10:58:49 手工扫描0000000059交地。[{"LOCATION":"B01"}]
[2016-09-14 10:58:50.9385] 2016-09-14 10:58:50 手工扫描0000000060交地。[{"LOCATION":"B01"}]
[2016-09-14 10:58:50.9525] 2016-09-14 10:58:50 自动板号2016091400002完成。[{"result":"OK"}]
[2016-09-14 10:58:51.9525] 2016-09-14 10:58:51 手工扫描0000000061交地。[{"LOCATION":"B01"}]
[2016-09-14 10:58:52.9666] 2016-09-14 10:58:52 手工扫描0000000062交地。[{"LOCATION":"B01"}]
[2016-09-14 10:58:53.9826] 2016-09-14 10:58:53 手工扫描0000000063交地。[{"LOCATION":"B01"}]
[2016-09-14 10:58:54.9937] 2016-09-14 10:58:54 手工扫描0000000064交地。[{"LOCATION":"B01"}]
[2016-09-14 10:58:56.0097] 2016-09-14 10:58:56 手工扫描0000000065交地。[{"LOCATION":"B01"}]
[2016-09-14 10:58:57.0228] 2016-09-14 10:58:57 手工扫描0000000066交地。[{"LOCATION":"B01"}]
[2016-09-14 10:58:58.0369] 2016-09-14 10:58:58 手工扫描0000000067交地。[{"LOCATION":"B01"}]
[2016-09-14 10:58:58.0529] 2016-09-14 10:58:58 自动板号2016091400002完成。[{"result":"OK"}]
[2016-09-14 10:58:59.0509] 2016-09-14 10:58:59 手工扫描0000000068交地。[{"LOCATION":"B01"}]
[2016-09-14 10:59:00.0650] 2016-09-14 10:59:00 手工扫描0000000069交地。[{"LOCATION":"B01"}]
[2016-09-14 10:59:01.0790] 2016-09-14 10:59:01 手工扫描0000000070交地。[{"LOCATION":"B01"}]
[2016-09-14 10:59:02.0931] 2016-09-14 10:59:02 手工扫描0000000071交地。[{"LOCATION":"B01"}]
[2016-09-14 10:59:03.1062] 2016-09-14 10:59:03 手工扫描0000000072交地。[{"LOCATION":"B01"}]
[2016-09-14 10:59:04.1202] 2016-09-14 10:59:04 手工扫描0000000073交地。[{"LOCATION":"B01"}]
[2016-09-14 10:59:05.1353] 2016-09-14 10:59:05 手工扫描0000000074交地。[{"LOCATION":"B01"}]
[2016-09-14 10:59:05.1513] 2016-09-14 10:59:05 自动板号2016091400002完成。[{"result":"OK"}]
[2016-09-14 10:59:06.1493] 2016-09-14 10:59:06 手工扫描0000000075交地。[{"LOCATION":"B01"}]
[2016-09-14 10:59:07.1624] 2016-09-14 10:59:07 手工扫描0000000076交地。[{"LOCATION":"B01"}]
[2016-09-14 10:59:08.1764] 2016-09-14 10:59:08 手工扫描0000000077交地。[{"LOCATION":"B01"}]
[2016-09-14 10:59:09.1905] 2016-09-14 10:59:09 手工扫描0000000078交地。[{"LOCATION":"B01"}]
[2016-09-14 10:59:10.2046] 2016-09-14 10:59:10 手工扫描0000000079交地。[{"LOCATION":"B01"}]
[2016-09-14 10:59:11.2186] 2016-09-14 10:59:11 手工扫描0000000080交地。[{"LOCATION":"B01"}]
[2016-09-14 10:59:12.2317] 2016-09-14 10:59:12 手工扫描0000000081交地。[{"LOCATION":"B01"}]
[2016-09-14 10:59:12.2457] 2016-09-14 10:59:12 自动板号2016091400002完成。[{"result":"OK"}]
[2016-09-14 10:59:13.2457] 2016-09-14 10:59:13 手工扫描0000000082交地。[{"LOCATION":"B01"}]
[2016-09-14 10:59:14.2678] 2016-09-14 10:59:14 手工扫描0000000083交地。[{"LOCATION":"B01"}]
[2016-09-14 10:59:23.7103] 2016-09-14 10:59:23 手工扫描0000000084交地。[{"LOCATION":"B01"}]
[2016-09-14 10:59:24.4094] 2016-09-14 10:59:24 手工扫描0000000085交地。[{"LOCATION":"B01"}]
[2016-09-14 10:59:25.4154] 2016-09-14 10:59:25 手工扫描0000000086交地。[{"LOCATION":"B01"}]
[2016-09-14 10:59:26.4285] 2016-09-14 10:59:26 手工扫描0000000087交地。[{"LOCATION":"B01"}]
[2016-09-14 10:59:27.4425] 2016-09-14 10:59:27 手工扫描0000000088交地。[{"LOCATION":"B01"}]
[2016-09-14 10:59:27.4585] 2016-09-14 10:59:27 自动板号2016091400002完成。[{"result":"OK"}]
[2016-09-14 10:59:28.4566] 2016-09-14 10:59:28 手工扫描0000000089交地。[{"LOCATION":"B01"}]
[2016-09-14 10:59:29.4737] 2016-09-14 10:59:29 手工扫描0000000090交地。[{"LOCATION":"B01"}]
[2016-09-14 10:59:30.4847] 2016-09-14 10:59:30 手工扫描0000000091交地。[{"LOCATION":"B01"}]
[2016-09-14 10:59:31.4978] 2016-09-14 10:59:31 手工扫描0000000092交地。[{"LOCATION":"B01"}]
[2016-09-14 10:59:32.5118] 2016-09-14 10:59:32 手工扫描0000000093交地。[{"LOCATION":"B01"}]
[2016-09-14 10:59:33.5259] 2016-09-14 10:59:33 手工扫描0000000094交地。[{"LOCATION":"B01"}]
[2016-09-14 10:59:33.5399] 2016-09-14 10:59:33 自动板号2016091400002完成。[{"result":"OK"}]
[2016-09-14 10:59:34.5400] 2016-09-14 10:59:34 手工扫描0000000095交地。[{"LOCATION":"B01"}]
[2016-09-14 10:59:35.5540] 2016-09-14 10:59:35 手工扫描0000000096交地。[{"LOCATION":"B01"}]
[2016-09-14 10:59:36.5681] 2016-09-14 10:59:36 手工扫描0000000097交地。[{"LOCATION":"B01"}]
[2016-09-14 10:59:37.5821] 2016-09-14 10:59:37 手工扫描0000000098交地。[{"LOCATION":"B01"}]
[2016-09-14 10:59:38.5962] 2016-09-14 10:59:38 手工扫描0000000099交地。[{"LOCATION":"B01"}]
[2016-09-14 10:59:39.6112] 2016-09-14 10:59:39 手工扫描0000000100交地。[{"LOCATION":"B01"}]
[2016-09-14 10:59:40.6243] 2016-09-14 10:59:40 手工扫描0000000101交地。[{"LOCATION":"B01"}]
[2016-09-14 10:59:41.6384] 2016-09-14 10:59:41 手工扫描0000000102交地。[{"LOCATION":"B01"}]
[2016-09-14 10:59:41.6514] 2016-09-14 10:59:41 自动板号2016091400002已完成，不能重复完成
[2016-09-14 10:59:42.6524] 2016-09-14 10:59:42 手工扫描0000000103交地。[{"LOCATION":"B01"}]
[2016-09-14 10:59:42.6524] PanelNo：2016091400003
[2016-09-14 10:59:43.6665] 2016-09-14 10:59:43 手工扫描0000000104交地。[{"LOCATION":"B01"}]
[2016-09-14 10:59:44.6805] 2016-09-14 10:59:44 手工扫描0000000105交地。[{"LOCATION":"B01"}]
[2016-09-14 10:59:45.6946] 2016-09-14 10:59:45 手工扫描0000000106交地。[{"LOCATION":"B01"}]
[2016-09-14 10:59:46.7086] 2016-09-14 10:59:46 手工扫描0000000107交地。[{"LOCATION":"B01"}]
[2016-09-14 10:59:47.7227] 2016-09-14 10:59:47 手工扫描0000000108交地。[{"LOCATION":"B01"}]
[2016-09-14 10:59:48.7378] 2016-09-14 10:59:48 手工扫描0000000109交地。[{"LOCATION":"B01"}]
[2016-09-14 10:59:48.7508] 2016-09-14 10:59:48 自动板号2016091400003完成。[{"result":"OK"}]
[2016-09-14 10:59:49.7508] 2016-09-14 10:59:49 手工扫描0000000110交地。[{"LOCATION":"B01"}]
[2016-09-14 10:59:50.7649] 2016-09-14 10:59:50 手工扫描0000000111交地。[{"LOCATION":"B01"}]
[2016-09-14 10:59:51.7779] 2016-09-14 10:59:51 手工扫描0000000112交地。[{"LOCATION":"B01"}]
[2016-09-14 10:59:52.7920] 2016-09-14 10:59:52 手工扫描0000000113交地。[{"LOCATION":"B01"}]
[2016-09-14 10:59:53.8061] 2016-09-14 10:59:53 手工扫描0000000114交地。[{"LOCATION":"B01"}]
[2016-09-14 10:59:54.8201] 2016-09-14 10:59:54 手工扫描0000000115交地。[{"LOCATION":"B01"}]
[2016-09-14 10:59:55.8342] 2016-09-14 10:59:55 手工扫描0000000116交地。[{"LOCATION":"B01"}]
[2016-09-14 10:59:55.8522] 2016-09-14 10:59:55 自动板号2016091400003完成。[{"result":"OK"}]
[2016-09-14 10:59:56.8482] 2016-09-14 10:59:56 手工扫描0000000117交地。[{"LOCATION":"B01"}]
[2016-09-14 10:59:57.8623] 2016-09-14 10:59:57 手工扫描0000000118交地。[{"LOCATION":"B01"}]
[2016-09-14 10:59:58.8763] 2016-09-14 10:59:58 手工扫描0000000119交地。[{"LOCATION":"B01"}]
[2016-09-14 10:59:59.8904] 2016-09-14 10:59:59 手工扫描0000000120交地。[{"LOCATION":"B01"}]
[2016-09-14 11:00:00.9075] 2016-09-14 11:00:00 手工扫描0000000121交地。[{"LOCATION":"B01"}]
[2016-09-14 11:00:01.9305] 2016-09-14 11:00:01 手工扫描0000000122交地。[{"LOCATION":"B01"}]
[2016-09-14 11:00:01.9525] 2016-09-14 11:00:01 自动板号2016091400003完成。[{"result":"OK"}]
[2016-09-14 11:00:02.9366] 2016-09-14 11:00:02 手工扫描0000000123交地。[{"LOCATION":"B01"}]
[2016-09-14 11:00:03.9476] 2016-09-14 11:00:03 手工扫描0000000124交地。[{"LOCATION":"B01"}]
[2016-09-14 11:00:04.9627] 2016-09-14 11:00:04 手工扫描0000000125交地。[{"LOCATION":"B01"}]
[2016-09-14 11:00:05.9747] 2016-09-14 11:00:05 手工扫描0000000126交地。[{"LOCATION":"B01"}]
[2016-09-14 11:00:06.9888] 2016-09-14 11:00:06 手工扫描0000000127交地。[{"LOCATION":"B01"}]
[2016-09-14 11:00:08.0018] 2016-09-14 11:00:08 手工扫描0000000128交地。[{"LOCATION":"B01"}]
[2016-09-14 11:00:08.0218] 2016-09-14 11:00:08 自动板号2016091400003完成。[{"result":"OK"}]
[2016-09-14 11:00:09.0118] 2016-09-14 11:00:09 手工扫描0000000129交地。[{"LOCATION":"B01"}]
[2016-09-14 11:00:10.0318] 2016-09-14 11:00:10 手工扫描0000000130交地。[{"LOCATION":"B01"}]
[2016-09-14 11:00:11.0418] 2016-09-14 11:00:11 手工扫描0000000131交地。[{"LOCATION":"B01"}]
[2016-09-14 11:00:12.0618] 2016-09-14 11:00:12 手工扫描0000000132交地。[{"LOCATION":"B01"}]
[2016-09-14 11:00:13.0718] 2016-09-14 11:00:13 手工扫描0000000133交地。[{"LOCATION":"B01"}]
[2016-09-14 11:00:14.0818] 2016-09-14 11:00:14 手工扫描0000000134交地。[{"LOCATION":"B01"}]
[2016-09-14 11:00:15.1018] 2016-09-14 11:00:15 手工扫描0000000135交地。[{"LOCATION":"B01"}]
[2016-09-14 11:00:16.1118] 2016-09-14 11:00:16 手工扫描0000000136交地。[{"LOCATION":"B01"}]
[2016-09-14 11:00:16.1318] 2016-09-14 11:00:16 自动板号2016091400003完成。[{"result":"OK"}]
[2016-09-14 11:00:17.1318] 2016-09-14 11:00:17 手工扫描0000000137交地。[{"LOCATION":"B01"}]
[2016-09-14 11:00:18.1418] 2016-09-14 11:00:18 手工扫描0000000138交地。[{"LOCATION":"B01"}]
[2016-09-14 11:00:19.1518] 2016-09-14 11:00:19 手工扫描0000000139交地。[{"LOCATION":"B01"}]
[2016-09-14 11:00:20.1718] 2016-09-14 11:00:20 手工扫描0000000140交地。[{"LOCATION":"B01"}]
[2016-09-14 11:00:21.1818] 2016-09-14 11:00:21 手工扫描0000000141交地。[{"LOCATION":"B01"}]
[2016-09-14 11:00:22.2018] 2016-09-14 11:00:22 手工扫描0000000142交地。[{"LOCATION":"B01"}]
[2016-09-14 11:00:23.2118] 2016-09-14 11:00:23 手工扫描0000000143交地。[{"LOCATION":"B01"}]
[2016-09-14 11:00:24.2218] 2016-09-14 11:00:24 手工扫描0000000144交地。[{"LOCATION":"B01"}]
[2016-09-14 11:00:24.2418] 2016-09-14 11:00:24 自动板号2016091400003完成。[{"result":"OK"}]
[2016-09-14 11:00:25.2418] 2016-09-14 11:00:25 手工扫描0000000145交地。[{"LOCATION":"B01"}]
[2016-09-14 11:00:26.2518] 2016-09-14 11:00:26 手工扫描0000000146交地。[{"LOCATION":"B01"}]
[2016-09-14 11:00:27.3918] 2016-09-14 11:00:27 手工扫描0000000147交地。[{"LOCATION":"B01"}]
[2016-09-14 11:00:28.2818] 2016-09-14 11:00:28 手工扫描0000000148交地。[{"LOCATION":"B01"}]
[2016-09-14 11:00:29.2918] 2016-09-14 11:00:29 手工扫描0000000149交地。[{"LOCATION":"B01"}]
[2016-09-14 11:00:30.3118] 2016-09-14 11:00:30 手工扫描0000000150交地。[{"LOCATION":"B01"}]
[2016-09-14 11:00:31.3219] 2016-09-14 11:00:31 手工扫描0000000151交地。[{"LOCATION":"B01"}]
[2016-09-14 11:00:31.3519] 2016-09-14 11:00:31 自动板号2016091400003已完成，不能重复完成
[2016-09-14 11:00:32.3419] 2016-09-14 11:00:32 手工扫描0000000152交地。[{"LOCATION":"B01"}]
[2016-09-14 11:00:32.3419] PanelNo：2016091400004
[2016-09-14 11:00:33.3519] 2016-09-14 11:00:33 手工扫描0000000153交地。[{"LOCATION":"B01"}]
[2016-09-14 11:00:34.3619] 2016-09-14 11:00:34 手工扫描0000000154交地。[{"LOCATION":"B01"}]
[2016-09-14 11:00:35.3819] 2016-09-14 11:00:35 手工扫描0000000155交地。[{"LOCATION":"B01"}]
[2016-09-14 11:00:36.3919] 2016-09-14 11:00:36 手工扫描0000000156交地。[{"LOCATION":"B01"}]
[2016-09-14 11:00:37.4119] 2016-09-14 11:00:37 手工扫描0000000157交地。[{"LOCATION":"B01"}]
[2016-09-14 11:00:38.4219] 2016-09-14 11:00:38 手工扫描0000000158交地。[{"LOCATION":"B01"}]
[2016-09-14 11:00:38.4719] 2016-09-14 11:00:38 自动板号2016091400004完成。[{"result":"OK"}]
[2016-09-14 11:00:39.4319] 2016-09-14 11:00:39 手工扫描0000000159交地。[{"LOCATION":"B01"}]
[2016-09-14 11:00:40.4519] 2016-09-14 11:00:40 手工扫描0000000160交地。[{"LOCATION":"B01"}]
[2016-09-14 11:00:41.4619] 2016-09-14 11:00:41 手工扫描0000000161交地。[{"LOCATION":"B01"}]
[2016-09-14 11:00:42.4819] 2016-09-14 11:00:42 手工扫描0000000162交地。[{"LOCATION":"B01"}]
[2016-09-14 11:00:43.4919] 2016-09-14 11:00:43 手工扫描0000000163交地。[{"LOCATION":"B01"}]
[2016-09-14 11:00:44.5019] 2016-09-14 11:00:44 手工扫描0000000164交地。[{"LOCATION":"B01"}]
[2016-09-14 11:00:45.5229] 2016-09-14 11:00:45 手工扫描0000000165交地。[{"LOCATION":"B01"}]
[2016-09-14 11:00:45.5429] 2016-09-14 11:00:45 自动板号2016091400004完成。[{"result":"OK"}]
[2016-09-14 11:00:46.5329] 2016-09-14 11:00:46 手工扫描0000000166交地。[{"LOCATION":"B01"}]
[2016-09-14 11:00:47.5529] 2016-09-14 11:00:47 手工扫描0000000167交地。[{"LOCATION":"B01"}]
[2016-09-14 11:00:48.5629] 2016-09-14 11:00:48 手工扫描0000000168交地。[{"LOCATION":"B01"}]
[2016-09-14 11:00:49.5729] 2016-09-14 11:00:49 手工扫描0000000169交地。[{"LOCATION":"B01"}]
[2016-09-14 11:00:50.5929] 2016-09-14 11:00:50 手工扫描0000000170交地。[{"LOCATION":"B01"}]
[2016-09-14 11:00:51.6029] 2016-09-14 11:00:51 手工扫描0000000171交地。[{"LOCATION":"B01"}]
[2016-09-14 11:00:52.6229] 2016-09-14 11:00:52 手工扫描0000000172交地。[{"LOCATION":"B01"}]
[2016-09-14 11:00:53.6329] 2016-09-14 11:00:53 手工扫描0000000173交地。[{"LOCATION":"B01"}]
[2016-09-14 11:00:53.6629] 2016-09-14 11:00:53 自动板号2016091400004完成。[{"result":"OK"}]
[2016-09-14 11:00:54.6429] 2016-09-14 11:00:54 手工扫描0000000174交地。[{"LOCATION":"B01"}]
[2016-09-14 11:00:55.6629] 2016-09-14 11:00:55 手工扫描0000000175交地。[{"LOCATION":"B01"}]
[2016-09-14 11:00:56.6729] 2016-09-14 11:00:56 手工扫描0000000176交地。[{"LOCATION":"B01"}]
[2016-09-14 11:00:57.6929] 2016-09-14 11:00:57 手工扫描0000000177交地。[{"LOCATION":"B01"}]
[2016-09-14 11:00:58.7029] 2016-09-14 11:00:58 手工扫描0000000178交地。[{"LOCATION":"B01"}]
[2016-09-14 11:00:59.7229] 2016-09-14 11:00:59 手工扫描0000000179交地。[{"LOCATION":"B01"}]
[2016-09-14 11:01:00.7329] 2016-09-14 11:01:00 手工扫描0000000180交地。[{"LOCATION":"B01"}]
[2016-09-14 11:01:01.7429] 2016-09-14 11:01:01 手工扫描0000000181交地。[{"LOCATION":"B01"}]
[2016-09-14 11:01:02.7629] 2016-09-14 11:01:02 手工扫描0000000182交地。[{"LOCATION":"B01"}]
[2016-09-14 11:01:03.7829] 2016-09-14 11:01:03 手工扫描0000000183交地。[{"LOCATION":"B01"}]
[2016-09-14 11:01:04.7829] 2016-09-14 11:01:04 手工扫描0000000184交地。[{"LOCATION":"B01"}]
[2016-09-14 11:01:05.8029] 2016-09-14 11:01:05 手工扫描0000000185交地。[{"LOCATION":"B01"}]
[2016-09-14 11:01:05.8229] 2016-09-14 11:01:05 自动板号2016091400004完成。[{"result":"OK"}]
[2016-09-14 11:01:06.8129] 2016-09-14 11:01:06 手工扫描0000000186交地。[{"LOCATION":"B01"}]
[2016-09-14 11:01:07.8329] 2016-09-14 11:01:07 手工扫描0000000187交地。[{"LOCATION":"B01"}]
[2016-09-14 11:01:08.8429] 2016-09-14 11:01:08 手工扫描0000000188交地。[{"LOCATION":"B01"}]
[2016-09-14 11:01:09.8529] 2016-09-14 11:01:09 手工扫描0000000189交地。[{"LOCATION":"B01"}]
[2016-09-14 11:01:10.8729] 2016-09-14 11:01:10 手工扫描0000000190交地。[{"LOCATION":"B01"}]
[2016-09-14 11:01:11.8829] 2016-09-14 11:01:11 手工扫描0000000191交地。[{"LOCATION":"B01"}]
[2016-09-14 11:01:12.9029] 2016-09-14 11:01:12 手工扫描0000000192交地。[{"LOCATION":"B01"}]
[2016-09-14 11:01:12.9229] 2016-09-14 11:01:12 自动板号2016091400004完成。[{"result":"OK"}]
[2016-09-14 11:01:13.9129] 2016-09-14 11:01:13 手工扫描0000000193交地。[{"LOCATION":"B01"}]
[2016-09-14 11:01:14.9229] 2016-09-14 11:01:14 手工扫描0000000194交地。[{"LOCATION":"B01"}]
[2016-09-14 11:01:15.9429] 2016-09-14 11:01:15 手工扫描0000000195交地。[{"LOCATION":"B01"}]
[2016-09-14 11:01:16.9529] 2016-09-14 11:01:16 手工扫描0000000196交地。[{"LOCATION":"B01"}]
[2016-09-14 11:01:17.9729] 2016-09-14 11:01:17 手工扫描0000000197交地。[{"LOCATION":"B01"}]
[2016-09-14 11:01:18.9829] 2016-09-14 11:01:18 手工扫描0000000198交地。[{"LOCATION":"B01"}]
[2016-09-14 11:01:19.9929] 2016-09-14 11:01:19 手工扫描0000000199交地。[{"LOCATION":"B01"}]
[2016-09-14 11:01:21.0129] 2016-09-14 11:01:21 手工扫描0000000200交地。[{"LOCATION":"B01"}]
[2016-09-14 11:01:22.0229] 2016-09-14 11:01:22 手工扫描0000000201交地。[{"LOCATION":"B01"}]
[2016-09-14 11:01:22.0529] 2016-09-14 11:01:22 自动板号2016091400004完成。[{"result":"OK"}]
[2016-09-14 11:01:23.0429] 2016-09-14 11:01:23 手工扫描0000000202交地。[{"LOCATION":"B01"}]
[2016-09-14 11:01:24.0529] 2016-09-14 11:01:24 手工扫描0000000203交地。[{"LOCATION":"B01"}]
[2016-09-14 11:01:25.0697] 2016-09-14 11:01:25 手工扫描0000000204交地。[{"LOCATION":"B01"}]
[2016-09-14 11:01:26.0797] 2016-09-14 11:01:26 手工扫描0000000205交地。[{"LOCATION":"B01"}]
[2016-09-14 11:01:27.0897] 2016-09-14 11:01:27 手工扫描0000000206交地。[{"LOCATION":"B01"}]
[2016-09-14 11:01:28.1097] 2016-09-14 11:01:28 手工扫描0000000207交地。[{"LOCATION":"B01"}]
[2016-09-14 11:01:29.1297] 2016-09-14 11:01:29 手工扫描0000000208交地。[{"LOCATION":"B01"}]
[2016-09-14 11:01:29.1397] 2016-09-14 11:01:29 自动板号2016091400004已完成，不能重复完成
[2016-09-14 11:01:30.1397] 2016-09-14 11:01:30 手工扫描0000000209交地。[{"LOCATION":"B01"}]
[2016-09-14 11:01:30.1497] PanelNo：2016091400005
[2016-09-14 11:01:31.1697] 2016-09-14 11:01:31 手工扫描0000000210交地。[{"LOCATION":"B01"}]
[2016-09-14 11:01:32.1597] 2016-09-14 11:01:32 手工扫描0000000211交地。[{"LOCATION":"B01"}]
[2016-09-14 11:01:33.1797] 2016-09-14 11:01:33 手工扫描0000000212交地。[{"LOCATION":"B01"}]
[2016-09-14 11:01:34.1897] 2016-09-14 11:01:34 手工扫描0000000213交地。[{"LOCATION":"B01"}]
[2016-09-14 11:01:35.2097] 2016-09-14 11:01:35 手工扫描0000000214交地。[{"LOCATION":"B01"}]
[2016-09-14 11:01:36.2197] 2016-09-14 11:01:36 手工扫描0000000215交地。[{"LOCATION":"B01"}]
[2016-09-14 11:01:37.2297] 2016-09-14 11:01:37 手工扫描0000000216交地。[{"LOCATION":"B01"}]
[2016-09-14 11:01:37.2597] 2016-09-14 11:01:37 自动板号2016091400005完成。[{"result":"OK"}]
[2016-09-14 11:01:38.2497] 2016-09-14 11:01:38 手工扫描0000000217交地。[{"LOCATION":"B01"}]
[2016-09-14 11:01:39.2597] 2016-09-14 11:01:39 手工扫描0000000218交地。[{"LOCATION":"B01"}]
[2016-09-14 11:01:40.2797] 2016-09-14 11:01:40 手工扫描0000000219交地。[{"LOCATION":"B01"}]
[2016-09-14 11:01:41.2897] 2016-09-14 11:01:41 手工扫描0000000220交地。[{"LOCATION":"B01"}]
[2016-09-14 11:01:42.2998] 2016-09-14 11:01:42 手工扫描0000000221交地。[{"LOCATION":"B01"}]
[2016-09-14 11:01:43.3198] 2016-09-14 11:01:43 手工扫描0000000222交地。[{"LOCATION":"B01"}]
[2016-09-14 11:01:44.3298] 2016-09-14 11:01:44 手工扫描0000000223交地。[{"LOCATION":"B01"}]
[2016-09-14 11:01:44.3498] 2016-09-14 11:01:44 自动板号2016091400005完成。[{"result":"OK"}]
[2016-09-14 11:01:45.3498] 2016-09-14 11:01:45 手工扫描0000000224交地。[{"LOCATION":"B01"}]
[2016-09-14 11:01:46.3608] 2016-09-14 11:01:46 手工扫描0000000225交地。[{"LOCATION":"B01"}]
[2016-09-14 11:01:47.3708] 2016-09-14 11:01:47 手工扫描0000000226交地。[{"LOCATION":"B01"}]
[2016-09-14 11:01:48.3908] 2016-09-14 11:01:48 手工扫描0000000227交地。[{"LOCATION":"B01"}]
[2016-09-14 11:01:49.4008] 2016-09-14 11:01:49 手工扫描0000000228交地。[{"LOCATION":"B01"}]
[2016-09-14 11:01:50.4208] 2016-09-14 11:01:50 手工扫描0000000229交地。[{"LOCATION":"B01"}]
[2016-09-14 11:01:51.4308] 2016-09-14 11:01:51 手工扫描0000000230交地。[{"LOCATION":"B01"}]
[2016-09-14 11:01:52.4408] 2016-09-14 11:01:52 手工扫描0000000231交地。[{"LOCATION":"B01"}]
[2016-09-14 11:01:52.4608] 2016-09-14 11:01:52 自动板号2016091400005完成。[{"result":"OK"}]
[2016-09-14 11:01:53.4608] 2016-09-14 11:01:53 手工扫描0000000232交地。[{"LOCATION":"B01"}]
[2016-09-14 11:01:54.4708] 2016-09-14 11:01:54 手工扫描0000000233交地。[{"LOCATION":"B01"}]
[2016-09-14 11:01:55.4908] 2016-09-14 11:01:55 手工扫描0000000234交地。[{"LOCATION":"B01"}]
[2016-09-14 11:01:56.5008] 2016-09-14 11:01:56 手工扫描0000000235交地。[{"LOCATION":"B01"}]
[2016-09-14 11:01:57.5108] 2016-09-14 11:01:57 手工扫描0000000236交地。[{"LOCATION":"B01"}]
[2016-09-14 11:01:58.5308] 2016-09-14 11:01:58 手工扫描0000000237交地。[{"LOCATION":"B01"}]
[2016-09-14 11:01:58.5508] 2016-09-14 11:01:58 自动板号2016091400005完成。[{"result":"OK"}]
[2016-09-14 11:01:59.5408] 2016-09-14 11:01:59 手工扫描0000000238交地。[{"LOCATION":"B01"}]
[2016-09-14 11:02:00.5608] 2016-09-14 11:02:00 手工扫描0000000239交地。[{"LOCATION":"B01"}]
[2016-09-14 11:02:01.5708] 2016-09-14 11:02:01 手工扫描0000000240交地。[{"LOCATION":"B01"}]
[2016-09-14 11:02:02.5808] 2016-09-14 11:02:02 手工扫描0000000241交地。[{"LOCATION":"B01"}]
[2016-09-14 11:02:03.6008] 2016-09-14 11:02:03 手工扫描0000000242交地。[{"LOCATION":"B01"}]
[2016-09-14 11:02:04.6108] 2016-09-14 11:02:04 手工扫描0000000243交地。[{"LOCATION":"B01"}]
[2016-09-14 11:02:05.6308] 2016-09-14 11:02:05 手工扫描0000000244交地。[{"LOCATION":"B01"}]
[2016-09-14 11:02:05.6508] 2016-09-14 11:02:05 自动板号2016091400005完成。[{"result":"OK"}]
[2016-09-14 11:02:06.6408] 2016-09-14 11:02:06 手工扫描0000000245交地。[{"LOCATION":"B01"}]
[2016-09-14 11:02:07.6508] 2016-09-14 11:02:07 手工扫描0000000246交地。[{"LOCATION":"B01"}]
[2016-09-14 11:02:08.6668] 2016-09-14 11:02:08 手工扫描0000000247交地。[{"LOCATION":"B01"}]
[2016-09-14 11:02:09.6868] 2016-09-14 11:02:09 手工扫描0000000248交地。[{"LOCATION":"B01"}]
[2016-09-14 11:02:10.6968] 2016-09-14 11:02:10 手工扫描0000000249交地。[{"LOCATION":"B01"}]
[2016-09-14 11:02:11.7068] 2016-09-14 11:02:11 手工扫描0000000250交地。[{"LOCATION":"B01"}]
[2016-09-14 11:02:12.7268] 2016-09-14 11:02:12 手工扫描0000000251交地。[{"LOCATION":"B01"}]
[2016-09-14 11:02:13.7368] 2016-09-14 11:02:13 手工扫描0000000252交地。[{"LOCATION":"B01"}]
[2016-09-14 11:02:13.7568] 2016-09-14 11:02:13 自动板号2016091400005完成。[{"result":"OK"}]
[2016-09-14 11:02:14.7568] 2016-09-14 11:02:14 手工扫描0000000253交地。[{"LOCATION":"B01"}]
[2016-09-14 11:02:15.7668] 2016-09-14 11:02:15 手工扫描0000000254交地。[{"LOCATION":"B01"}]
[2016-09-14 11:02:16.7768] 2016-09-14 11:02:16 手工扫描0000000255交地。[{"LOCATION":"B01"}]
[2016-09-14 11:02:17.7968] 2016-09-14 11:02:17 手工扫描0000000256交地。[{"LOCATION":"B01"}]
[2016-09-14 11:02:18.8068] 2016-09-14 11:02:18 手工扫描0000000257交地。[{"LOCATION":"B01"}]
[2016-09-14 11:02:19.8268] 2016-09-14 11:02:19 手工扫描0000000258交地。[{"LOCATION":"B01"}]
[2016-09-14 11:02:20.8399] 2016-09-14 11:02:20 手工扫描0000000259交地。[{"LOCATION":"B01"}]
[2016-09-14 11:02:21.8509] 2016-09-14 11:02:21 手工扫描0000000260交地。[{"LOCATION":"B01"}]
[2016-09-14 11:02:21.8649] 2016-09-14 11:02:21 自动板号2016091400005已完成，不能重复完成
[2016-09-14 11:02:22.8700] 2016-09-14 11:02:22 手工扫描0000000261交地。[{"LOCATION":"B01"}]
[2016-09-14 11:02:22.8950] PanelNo：2016091400006
[2016-09-14 11:02:23.8810] 2016-09-14 11:02:23 手工扫描0000000262交地。[{"LOCATION":"B01"}]
[2016-09-14 11:02:24.8950] 2016-09-14 11:02:24 手工扫描0000000263交地。[{"LOCATION":"B01"}]
[2016-09-14 11:02:25.9130] 2016-09-14 11:02:25 手工扫描0000000264交地。[{"LOCATION":"B01"}]
[2016-09-14 11:02:26.9241] 2016-09-14 11:02:26 手工扫描0000000265交地。[{"LOCATION":"B01"}]
[2016-09-14 11:02:27.9391] 2016-09-14 11:02:27 手工扫描0000000266交地。[{"LOCATION":"B01"}]
[2016-09-14 11:02:28.9481] 2016-09-14 11:02:28 手工扫描0000000267交地。[{"LOCATION":"B01"}]
[2016-09-14 11:02:29.9591] 2016-09-14 11:02:29 手工扫描0000000268交地。[{"LOCATION":"B01"}]
[2016-09-14 11:02:30.9881] 2016-09-14 11:02:30 手工扫描0000000269交地。[{"LOCATION":"B01"}]
[2016-09-14 11:02:31.9951] 2016-09-14 11:02:31 手工扫描0000000270交地。[{"LOCATION":"B01"}]
[2016-09-14 11:02:32.0151] 2016-09-14 11:02:32 自动板号2016091400006完成。[{"result":"OK"}]
[2016-09-14 11:02:33.0082] 2016-09-14 11:02:33 手工扫描0000000271交地。[{"LOCATION":"B01"}]
[2016-09-14 11:02:34.0152] 2016-09-14 11:02:34 手工扫描0000000272交地。[{"LOCATION":"B01"}]
[2016-09-14 11:02:35.0462] 2016-09-14 11:02:35 手工扫描0000000273交地。[{"LOCATION":"B01"}]
[2016-09-14 11:02:36.0422] 2016-09-14 11:02:36 手工扫描0000000274交地。[{"LOCATION":"B01"}]
[2016-09-14 11:02:37.0612] 2016-09-14 11:02:37 手工扫描0000000275交地。[{"LOCATION":"B01"}]
[2016-09-14 11:02:38.0782] 2016-09-14 11:02:38 手工扫描0000000276交地。[{"LOCATION":"B01"}]
[2016-09-14 11:02:39.0863] 2016-09-14 11:02:39 手工扫描0000000277交地。[{"LOCATION":"B01"}]
[2016-09-14 11:02:39.1063] 2016-09-14 11:02:39 自动板号2016091400006完成。[{"result":"OK"}]
[2016-09-14 11:02:40.1053] 2016-09-14 11:02:40 手工扫描0000000278交地。[{"LOCATION":"B01"}]
[2016-09-14 11:02:41.1173] 2016-09-14 11:02:41 手工扫描0000000279交地。[{"LOCATION":"B01"}]
[2016-09-14 11:02:42.1353] 2016-09-14 11:02:42 手工扫描0000000280交地。[{"LOCATION":"B01"}]
[2016-09-14 11:02:43.1453] 2016-09-14 11:02:43 手工扫描0000000281交地。[{"LOCATION":"B01"}]
[2016-09-14 11:02:44.1623] 2016-09-14 11:02:44 手工扫描0000000282交地。[{"LOCATION":"B01"}]
[2016-09-14 11:02:45.1764] 2016-09-14 11:02:45 手工扫描0000000283交地。[{"LOCATION":"B01"}]
[2016-09-14 11:02:46.1924] 2016-09-14 11:02:46 手工扫描0000000284交地。[{"LOCATION":"B01"}]
[2016-09-14 11:02:47.2025] 2016-09-14 11:02:47 手工扫描0000000285交地。[{"LOCATION":"B01"}]
[2016-09-14 11:02:47.2225] 2016-09-14 11:02:47 自动板号2016091400006完成。[{"result":"OK"}]
[2016-09-14 11:02:48.2165] 2016-09-14 11:02:48 手工扫描0000000286交地。[{"LOCATION":"B01"}]
[2016-09-14 11:02:49.2296] 2016-09-14 11:02:49 手工扫描0000000287交地。[{"LOCATION":"B01"}]
[2016-09-14 11:02:50.2487] 2016-09-14 11:02:50 手工扫描0000000288交地。[{"LOCATION":"B01"}]
[2016-09-14 11:02:51.2577] 2016-09-14 11:02:51 手工扫描0000000289交地。[{"LOCATION":"B01"}]
[2016-09-14 11:02:52.2778] 2016-09-14 11:02:52 手工扫描0000000290交地。[{"LOCATION":"B01"}]
[2016-09-14 11:02:53.2958] 2016-09-14 11:02:53 手工扫描0000000291交地。[{"LOCATION":"B01"}]
[2016-09-14 11:02:54.2999] 2016-09-14 11:02:54 手工扫描0000000292交地。[{"LOCATION":"B01"}]
[2016-09-14 11:02:55.3140] 2016-09-14 11:02:55 手工扫描0000000293交地。[{"LOCATION":"B01"}]
[2016-09-14 11:02:55.3350] 2016-09-14 11:02:55 自动板号2016091400006完成。[{"result":"OK"}]
[2016-09-14 11:02:56.3280] 2016-09-14 11:02:56 手工扫描0000000294交地。[{"LOCATION":"B01"}]
[2016-09-14 11:02:57.3431] 2016-09-14 11:02:57 手工扫描0000000295交地。[{"LOCATION":"B01"}]
[2016-09-14 11:02:58.3561] 2016-09-14 11:02:58 手工扫描0000000296交地。[{"LOCATION":"B01"}]
[2016-09-14 11:02:59.3702] 2016-09-14 11:02:59 手工扫描0000000297交地。[{"LOCATION":"B01"}]
[2016-09-14 11:03:00.3832] 2016-09-14 11:03:00 手工扫描0000000298交地。[{"LOCATION":"B01"}]
[2016-09-14 11:03:01.3973] 2016-09-14 11:03:01 手工扫描0000000299交地。[{"LOCATION":"B01"}]
[2016-09-14 11:03:02.4124] 2016-09-14 11:03:02 手工扫描0000000300交地。[{"LOCATION":"B01"}]
[2016-09-14 11:03:02.4334] 2016-09-14 11:03:02 自动板号2016091400006完成。[{"result":"OK"}]
[2016-09-14 11:03:03.4254] 2016-09-14 11:03:03 手工扫描0000000301交地。[{"LOCATION":"B01"}]
[2016-09-14 11:03:04.4405] 2016-09-14 11:03:04 手工扫描0000000302交地。[{"LOCATION":"B01"}]
[2016-09-14 11:03:05.4545] 2016-09-14 11:03:05 手工扫描0000000303交地。[{"LOCATION":"B01"}]
[2016-09-14 11:03:06.4676] 2016-09-14 11:03:06 手工扫描0000000304交地。[{"LOCATION":"B01"}]
[2016-09-14 11:03:07.4827] 2016-09-14 11:03:07 手工扫描0000000305交地。[{"LOCATION":"B01"}]
[2016-09-14 11:03:08.4957] 2016-09-14 11:03:08 手工扫描0000000306交地。[{"LOCATION":"B01"}]
[2016-09-14 11:03:09.5098] 2016-09-14 11:03:09 手工扫描0000000307交地。[{"LOCATION":"B01"}]
[2016-09-14 11:03:09.5298] 2016-09-14 11:03:09 自动板号2016091400006完成。[{"result":"OK"}]
[2016-09-14 11:03:10.5238] 2016-09-14 11:03:10 手工扫描0000000308交地。[{"LOCATION":"B01"}]
[2016-09-14 11:03:11.5379] 2016-09-14 11:03:11 手工扫描0000000309交地。[{"LOCATION":"B01"}]
[2016-09-14 11:03:12.5529] 2016-09-14 11:03:12 手工扫描0000000310交地。[{"LOCATION":"B01"}]
[2016-09-14 11:03:13.5660] 2016-09-14 11:03:13 手工扫描0000000311交地。[{"LOCATION":"B01"}]
[2016-09-14 11:03:14.5801] 2016-09-14 11:03:14 手工扫描0000000312交地。[{"LOCATION":"B01"}]
[2016-09-14 11:03:15.5941] 2016-09-14 11:03:15 手工扫描0000000313交地。[{"LOCATION":"B01"}]
[2016-09-14 11:03:16.6142] 2016-09-14 11:03:16 手工扫描0000000314交地。[{"LOCATION":"B01"}]
[2016-09-14 11:03:16.6292] 2016-09-14 11:03:16 自动板号2016091400006已完成，不能重复完成
[2016-09-14 11:03:17.6222] 2016-09-14 11:03:17 手工扫描0000000315交地。[{"LOCATION":"B01"}]
[2016-09-14 11:03:17.6222] PanelNo：2016091400007
[2016-09-14 11:03:18.6353] 2016-09-14 11:03:18 手工扫描0000000316交地。[{"LOCATION":"B01"}]
[2016-09-14 11:03:19.6513] 2016-09-14 11:03:19 手工扫描0000000317交地。[{"LOCATION":"B01"}]
[2016-09-14 11:03:20.6644] 2016-09-14 11:03:20 手工扫描0000000318交地。[{"LOCATION":"B01"}]
[2016-09-14 11:03:21.6785] 2016-09-14 11:03:21 手工扫描0000000319交地。[{"LOCATION":"B01"}]
[2016-09-14 11:03:22.6925] 2016-09-14 11:03:22 手工扫描0000000320交地。[{"LOCATION":"B01"}]
[2016-09-14 11:03:23.7066] 2016-09-14 11:03:23 手工扫描0000000321交地。[{"LOCATION":"B01"}]
[2016-09-14 11:03:23.7256] 2016-09-14 11:03:23 自动板号2016091400007完成。[{"result":"OK"}]
[2016-09-14 11:03:24.7196] 2016-09-14 11:03:24 手工扫描0000000322交地。[{"LOCATION":"B01"}]
[2016-09-14 11:03:25.7357] 2016-09-14 11:03:25 手工扫描0000000323交地。[{"LOCATION":"B01"}]
[2016-09-14 11:03:26.7508] 2016-09-14 11:03:26 手工扫描0000000324交地。[{"LOCATION":"B01"}]
[2016-09-14 11:03:27.7618] 2016-09-14 11:03:27 手工扫描0000000325交地。[{"LOCATION":"B01"}]
[2016-09-14 11:03:28.7769] 2016-09-14 11:03:28 手工扫描0000000326交地。[{"LOCATION":"B01"}]
[2016-09-14 11:03:29.7899] 2016-09-14 11:03:29 手工扫描0000000327交地。[{"LOCATION":"B01"}]
[2016-09-14 11:03:30.8040] 2016-09-14 11:03:30 手工扫描0000000328交地。[{"LOCATION":"B01"}]
[2016-09-14 11:03:31.8180] 2016-09-14 11:03:31 手工扫描0000000329交地。[{"LOCATION":"B01"}]
[2016-09-14 11:03:31.8710] 2016-09-14 11:03:31 自动板号2016091400007完成。[{"result":"OK"}]
[2016-09-14 11:03:32.8321] 2016-09-14 11:03:32 手工扫描0000000330交地。[{"LOCATION":"B01"}]
[2016-09-14 11:03:33.8462] 2016-09-14 11:03:33 手工扫描0000000331交地。[{"LOCATION":"B01"}]
[2016-09-14 11:03:34.8612] 2016-09-14 11:03:34 手工扫描0000000332交地。[{"LOCATION":"B01"}]
[2016-09-14 11:03:35.8763] 2016-09-14 11:03:35 手工扫描0000000333交地。[{"LOCATION":"B01"}]
[2016-09-14 11:03:36.8883] 2016-09-14 11:03:36 手工扫描0000000334交地。[{"LOCATION":"B01"}]
[2016-09-14 11:03:37.9094] 2016-09-14 11:03:37 手工扫描0000000335交地。[{"LOCATION":"B01"}]
[2016-09-14 11:03:38.9244] 2016-09-14 11:03:38 手工扫描0000000336交地。[{"LOCATION":"B01"}]
[2016-09-14 11:03:38.9465] 2016-09-14 11:03:38 自动板号2016091400007完成。[{"result":"OK"}]
[2016-09-14 11:03:39.9305] 2016-09-14 11:03:39 手工扫描0000000337交地。[{"LOCATION":"B01"}]
[2016-09-14 11:03:40.9436] 2016-09-14 11:03:40 手工扫描0000000338交地。[{"LOCATION":"B01"}]
[2016-09-14 11:03:41.9586] 2016-09-14 11:03:41 手工扫描0000000339交地。[{"LOCATION":"B01"}]
[2016-09-14 11:03:42.9727] 2016-09-14 11:03:42 手工扫描0000000340交地。[{"LOCATION":"B01"}]
[2016-09-14 11:03:43.9867] 2016-09-14 11:03:43 手工扫描0000000341交地。[{"LOCATION":"B01"}]
[2016-09-14 11:03:44.9998] 2016-09-14 11:03:44 手工扫描0000000342交地。[{"LOCATION":"B01"}]
[2016-09-14 11:03:46.0169] 2016-09-14 11:03:46 手工扫描0000000343交地。[{"LOCATION":"B01"}]
[2016-09-14 11:03:46.0569] 2016-09-14 11:03:46 自动板号2016091400007完成。[{"result":"OK"}]
[2016-09-14 11:03:47.0289] 2016-09-14 11:03:47 手工扫描0000000344交地。[{"LOCATION":"B01"}]
[2016-09-14 11:03:48.0420] 2016-09-14 11:03:48 手工扫描0000000345交地。[{"LOCATION":"B01"}]
[2016-09-14 11:03:49.0560] 2016-09-14 11:03:49 手工扫描0000000346交地。[{"LOCATION":"B01"}]
[2016-09-14 11:03:50.0701] 2016-09-14 11:03:50 手工扫描0000000347交地。[{"LOCATION":"B01"}]
[2016-09-14 11:03:51.0841] 2016-09-14 11:03:51 手工扫描0000000348交地。[{"LOCATION":"B01"}]
[2016-09-14 11:03:52.0982] 2016-09-14 11:03:52 手工扫描0000000349交地。[{"LOCATION":"B01"}]
[2016-09-14 11:03:53.1123] 2016-09-14 11:03:53 手工扫描0000000350交地。[{"LOCATION":"B01"}]
[2016-09-14 11:03:54.1263] 2016-09-14 11:03:54 手工扫描0000000351交地。[{"LOCATION":"B01"}]
[2016-09-14 11:03:55.1404] 2016-09-14 11:03:55 手工扫描0000000352交地。[{"LOCATION":"B01"}]
[2016-09-14 11:03:55.1624] 2016-09-14 11:03:55 自动板号2016091400007完成。[{"result":"OK"}]
[2016-09-14 11:03:56.1554] 2016-09-14 11:03:56 手工扫描0000000353交地。[{"LOCATION":"B01"}]
[2016-09-14 11:03:57.1695] 2016-09-14 11:03:57 手工扫描0000000354交地。[{"LOCATION":"B01"}]
[2016-09-14 11:03:58.1826] 2016-09-14 11:03:58 手工扫描0000000355交地。[{"LOCATION":"B01"}]
[2016-09-14 11:03:59.1966] 2016-09-14 11:03:59 手工扫描0000000356交地。[{"LOCATION":"B01"}]
[2016-09-14 11:04:00.2117] 2016-09-14 11:04:00 手工扫描0000000357交地。[{"LOCATION":"B01"}]
[2016-09-14 11:04:01.2247] 2016-09-14 11:04:01 手工扫描0000000358交地。[{"LOCATION":"B01"}]
[2016-09-14 11:04:02.2408] 2016-09-14 11:04:02 手工扫描0000000359交地。[{"LOCATION":"B01"}]
[2016-09-14 11:04:03.2538] 2016-09-14 11:04:03 手工扫描0000000360交地。[{"LOCATION":"B01"}]
[2016-09-14 11:04:03.2748] 2016-09-14 11:04:03 自动板号2016091400007完成。[{"result":"OK"}]
[2016-09-14 11:04:04.2679] 2016-09-14 11:04:04 手工扫描0000000361交地。[{"LOCATION":"B01"}]
[2016-09-14 11:04:05.2800] 2016-09-14 11:04:05 手工扫描0000000362交地。[{"LOCATION":"B01"}]
[2016-09-14 11:04:06.2940] 2016-09-14 11:04:06 手工扫描0000000363交地。[{"LOCATION":"B01"}]
[2016-09-14 11:04:07.3081] 2016-09-14 11:04:07 手工扫描0000000364交地。[{"LOCATION":"B01"}]
[2016-09-14 11:04:08.3231] 2016-09-14 11:04:08 手工扫描0000000365交地。[{"LOCATION":"B01"}]
[2016-09-14 11:04:09.3362] 2016-09-14 11:04:09 手工扫描0000000366交地。[{"LOCATION":"B01"}]
[2016-09-14 11:04:10.3502] 2016-09-14 11:04:10 手工扫描0000000367交地。[{"LOCATION":"B01"}]
[2016-09-14 11:04:11.3653] 2016-09-14 11:04:11 手工扫描0000000368交地。[{"LOCATION":"B01"}]
[2016-09-14 11:04:11.3783] 2016-09-14 11:04:11 自动板号2016091400007已完成，不能重复完成
[2016-09-14 11:04:12.3794] 2016-09-14 11:04:12 手工扫描0000000369交地。[{"LOCATION":"B01"}]
[2016-09-14 11:04:12.3794] PanelNo：2016091400008
[2016-09-14 11:04:13.3924] 2016-09-14 11:04:13 手工扫描0000000370交地。[{"LOCATION":"B01"}]
[2016-09-14 11:04:14.4065] 2016-09-14 11:04:14 手工扫描0000000371交地。[{"LOCATION":"B01"}]
[2016-09-14 11:04:15.4205] 2016-09-14 11:04:15 手工扫描0000000372交地。[{"LOCATION":"B01"}]
[2016-09-14 11:04:16.4346] 2016-09-14 11:04:16 手工扫描0000000373交地。[{"LOCATION":"B01"}]
[2016-09-14 11:04:17.4477] 2016-09-14 11:04:17 手工扫描0000000374交地。[{"LOCATION":"B01"}]
[2016-09-14 11:04:18.4627] 2016-09-14 11:04:18 手工扫描0000000375交地。[{"LOCATION":"B01"}]
[2016-09-14 11:04:19.4768] 2016-09-14 11:04:19 手工扫描0000000376交地。[{"LOCATION":"B01"}]
[2016-09-14 11:04:19.4938] 2016-09-14 11:04:19 自动板号2016091400008完成。[{"result":"OK"}]
[2016-09-14 11:04:20.4888] 2016-09-14 11:04:20 手工扫描0000000377交地。[{"LOCATION":"B01"}]
[2016-09-14 11:04:21.5039] 2016-09-14 11:04:21 手工扫描0000000378交地。[{"LOCATION":"B01"}]
[2016-09-14 11:04:22.5179] 2016-09-14 11:04:22 手工扫描0000000379交地。[{"LOCATION":"B01"}]
[2016-09-14 11:04:23.5320] 2016-09-14 11:04:23 手工扫描0000000380交地。[{"LOCATION":"B01"}]
[2016-09-14 11:04:24.5471] 2016-09-14 11:04:24 手工扫描0000000381交地。[{"LOCATION":"B01"}]
[2016-09-14 11:04:25.5601] 2016-09-14 11:04:25 手工扫描0000000382交地。[{"LOCATION":"B01"}]
[2016-09-14 11:04:26.5742] 2016-09-14 11:04:26 手工扫描0000000383交地。[{"LOCATION":"B01"}]
[2016-09-14 11:04:27.5892] 2016-09-14 11:04:27 手工扫描0000000384交地。[{"LOCATION":"B01"}]
[2016-09-14 11:04:27.6072] 2016-09-14 11:04:27 自动板号2016091400008完成。[{"result":"OK"}]
[2016-09-14 11:04:28.6013] 2016-09-14 11:04:28 手工扫描0000000385交地。[{"LOCATION":"B01"}]
[2016-09-14 11:04:29.6213] 2016-09-14 11:04:29 手工扫描0000000386交地。[{"LOCATION":"B01"}]
[2016-09-14 11:04:30.6304] 2016-09-14 11:04:30 手工扫描0000000387交地。[{"LOCATION":"B01"}]
[2016-09-14 11:04:31.6445] 2016-09-14 11:04:31 手工扫描0000000388交地。[{"LOCATION":"B01"}]
[2016-09-14 11:04:32.6585] 2016-09-14 11:04:32 手工扫描0000000389交地。[{"LOCATION":"B01"}]
[2016-09-14 11:04:33.6726] 2016-09-14 11:04:33 手工扫描0000000390交地。[{"LOCATION":"B01"}]
[2016-09-14 11:04:33.6996] 2016-09-14 11:04:33 自动板号2016091400008完成。[{"result":"OK"}]
[2016-09-14 11:04:34.6886] 2016-09-14 11:04:34 手工扫描0000000391交地。[{"LOCATION":"B01"}]
[2016-09-14 11:04:35.7007] 2016-09-14 11:04:35 手工扫描0000000392交地。[{"LOCATION":"B01"}]
[2016-09-14 11:04:36.7158] 2016-09-14 11:04:36 手工扫描0000000393交地。[{"LOCATION":"B01"}]
[2016-09-14 11:04:37.7278] 2016-09-14 11:04:37 手工扫描0000000394交地。[{"LOCATION":"B01"}]
[2016-09-14 11:04:38.7419] 2016-09-14 11:04:38 手工扫描0000000395交地。[{"LOCATION":"B01"}]
[2016-09-14 11:04:39.7559] 2016-09-14 11:04:39 手工扫描0000000396交地。[{"LOCATION":"B01"}]
[2016-09-14 11:04:40.7710] 2016-09-14 11:04:40 手工扫描0000000397交地。[{"LOCATION":"B01"}]
[2016-09-14 11:04:41.7840] 2016-09-14 11:04:41 手工扫描0000000398交地。[{"LOCATION":"B01"}]
[2016-09-14 11:04:42.7981] 2016-09-14 11:04:42 手工扫描0000000399交地。[{"LOCATION":"B01"}]
[2016-09-14 11:04:42.8201] 2016-09-14 11:04:42 自动板号2016091400008完成。[{"result":"OK"}]
[2016-09-14 11:04:43.8112] 2016-09-14 11:04:43 手工扫描0000000400交地。[{"LOCATION":"B01"}]
[2016-09-14 11:04:44.8262] 2016-09-14 11:04:44 手工扫描0000000401交地。[{"LOCATION":"B01"}]
[2016-09-14 11:04:45.8403] 2016-09-14 11:04:45 手工扫描0000000402交地。[{"LOCATION":"B01"}]
[2016-09-14 11:04:46.8593] 2016-09-14 11:04:46 手工扫描0000000403交地。[{"LOCATION":"B01"}]
[2016-09-14 11:04:47.8734] 2016-09-14 11:04:47 手工扫描0000000404交地。[{"LOCATION":"B01"}]
[2016-09-14 11:04:48.8845] 2016-09-14 11:04:48 手工扫描0000000405交地。[{"LOCATION":"B01"}]
[2016-09-14 11:04:49.8975] 2016-09-14 11:04:49 手工扫描0000000406交地。[{"LOCATION":"B01"}]
[2016-09-14 11:04:49.9245] 2016-09-14 11:04:49 自动板号2016091400008完成。[{"result":"OK"}]
[2016-09-14 11:04:50.9106] 2016-09-14 11:04:50 手工扫描0000000407交地。[{"LOCATION":"B01"}]
[2016-09-14 11:04:51.9246] 2016-09-14 11:04:51 手工扫描0000000408交地。[{"LOCATION":"B01"}]
[2016-09-14 11:04:52.9387] 2016-09-14 11:04:52 手工扫描0000000409交地。[{"LOCATION":"B01"}]
[2016-09-14 11:04:53.9537] 2016-09-14 11:04:53 手工扫描0000000410交地。[{"LOCATION":"B01"}]
[2016-09-14 11:04:54.9668] 2016-09-14 11:04:54 手工扫描0000000411交地。[{"LOCATION":"B01"}]
[2016-09-14 11:04:55.9799] 2016-09-14 11:04:55 手工扫描0000000412交地。[{"LOCATION":"B01"}]
[2016-09-14 11:04:56.9939] 2016-09-14 11:04:56 手工扫描0000000413交地。[{"LOCATION":"B01"}]
[2016-09-14 11:04:58.0080] 2016-09-14 11:04:58 手工扫描0000000414交地。[{"LOCATION":"B01"}]
[2016-09-14 11:04:59.0220] 2016-09-14 11:04:59 手工扫描0000000415交地。[{"LOCATION":"B01"}]
[2016-09-14 11:04:59.0450] 2016-09-14 11:04:59 自动板号2016091400008完成。[{"result":"OK"}]
[2016-09-14 11:05:00.0361] 2016-09-14 11:05:00 手工扫描0000000416交地。[{"LOCATION":"B01"}]
[2016-09-14 11:05:01.0511] 2016-09-14 11:05:01 手工扫描0000000417交地。[{"LOCATION":"B01"}]
[2016-09-14 11:05:02.0652] 2016-09-14 11:05:02 手工扫描0000000418交地。[{"LOCATION":"B01"}]
[2016-09-14 11:05:03.0783] 2016-09-14 11:05:03 手工扫描0000000419交地。[{"LOCATION":"B01"}]
[2016-09-14 11:05:04.0923] 2016-09-14 11:05:04 手工扫描0000000420交地。[{"LOCATION":"B01"}]
[2016-09-14 11:05:05.1064] 2016-09-14 11:05:05 手工扫描0000000421交地。[{"LOCATION":"B01"}]
[2016-09-14 11:05:06.1204] 2016-09-14 11:05:06 手工扫描0000000422交地。[{"LOCATION":"B01"}]
[2016-09-14 11:05:07.1345] 2016-09-14 11:05:07 手工扫描0000000423交地。[{"LOCATION":"B01"}]
[2016-09-14 11:05:07.1495] 2016-09-14 11:05:07 自动板号2016091400008已完成，不能重复完成
[2016-09-14 11:05:08.1506] 2016-09-14 11:05:08 手工扫描0000000424交地。[{"LOCATION":"B01"}]
[2016-09-14 11:05:08.1506] PanelNo：2016091400009
[2016-09-14 11:05:09.1666] 2016-09-14 11:05:09 手工扫描0000000425交地。[{"LOCATION":"B01"}]
[2016-09-14 11:05:10.1767] 2016-09-14 11:05:10 手工扫描0000000426交地。[{"LOCATION":"B01"}]
[2016-09-14 11:05:11.1907] 2016-09-14 11:05:11 手工扫描0000000427交地。[{"LOCATION":"B01"}]
[2016-09-14 11:05:12.2058] 2016-09-14 11:05:12 手工扫描0000000428交地。[{"LOCATION":"B01"}]
[2016-09-14 11:05:13.2188] 2016-09-14 11:05:13 手工扫描0000000429交地。[{"LOCATION":"B01"}]
[2016-09-14 11:05:14.2329] 2016-09-14 11:05:14 手工扫描0000000430交地。[{"LOCATION":"B01"}]
[2016-09-14 11:05:15.2470] 2016-09-14 11:05:15 手工扫描0000000431交地。[{"LOCATION":"B01"}]
[2016-09-14 11:05:15.2750] 2016-09-14 11:05:15 自动板号2016091400009完成。[{"result":"OK"}]
[2016-09-14 11:05:16.2600] 2016-09-14 11:05:16 手工扫描0000000432交地。[{"LOCATION":"B01"}]
[2016-09-14 11:05:17.2761] 2016-09-14 11:05:17 手工扫描0000000433交地。[{"LOCATION":"B01"}]
[2016-09-14 11:05:18.2891] 2016-09-14 11:05:18 手工扫描0000000434交地。[{"LOCATION":"B01"}]
[2016-09-14 11:05:19.3032] 2016-09-14 11:05:19 手工扫描0000000435交地。[{"LOCATION":"B01"}]
[2016-09-14 11:05:20.3172] 2016-09-14 11:05:20 手工扫描0000000436交地。[{"LOCATION":"B01"}]
[2016-09-14 11:05:21.3313] 2016-09-14 11:05:21 手工扫描0000000437交地。[{"LOCATION":"B01"}]
[2016-09-14 11:05:22.3454] 2016-09-14 11:05:22 手工扫描0000000438交地。[{"LOCATION":"B01"}]
[2016-09-14 11:05:22.3804] 2016-09-14 11:05:22 自动板号2016091400009完成。[{"result":"OK"}]
[2016-09-14 11:05:23.3584] 2016-09-14 11:05:23 手工扫描0000000439交地。[{"LOCATION":"B01"}]
[2016-09-14 11:05:24.3735] 2016-09-14 11:05:24 手工扫描0000000440交地。[{"LOCATION":"B01"}]
[2016-09-14 11:05:25.3915] 2016-09-14 11:05:25 手工扫描0000000441交地。[{"LOCATION":"B01"}]
[2016-09-14 11:05:26.4016] 2016-09-14 11:05:26 手工扫描0000000442交地。[{"LOCATION":"B01"}]
[2016-09-14 11:05:27.4157] 2016-09-14 11:05:27 手工扫描0000000443交地。[{"LOCATION":"B01"}]
[2016-09-14 11:05:28.4297] 2016-09-14 11:05:28 手工扫描0000000444交地。[{"LOCATION":"B01"}]
[2016-09-14 11:05:29.4438] 2016-09-14 11:05:29 手工扫描0000000445交地。[{"LOCATION":"B01"}]
[2016-09-14 11:05:29.4738] 2016-09-14 11:05:29 自动板号2016091400009完成。[{"result":"OK"}]
[2016-09-14 11:05:30.4568] 2016-09-14 11:05:30 手工扫描0000000446交地。[{"LOCATION":"B01"}]
[2016-09-14 11:05:31.4709] 2016-09-14 11:05:31 手工扫描0000000447交地。[{"LOCATION":"B01"}]
[2016-09-14 11:05:32.4849] 2016-09-14 11:05:32 手工扫描0000000448交地。[{"LOCATION":"B01"}]
[2016-09-14 11:05:33.4990] 2016-09-14 11:05:33 手工扫描0000000449交地。[{"LOCATION":"B01"}]
[2016-09-14 11:05:34.5151] 2016-09-14 11:05:34 手工扫描0000000450交地。[{"LOCATION":"B01"}]
[2016-09-14 11:05:35.5291] 2016-09-14 11:05:35 手工扫描0000000451交地。[{"LOCATION":"B01"}]
[2016-09-14 11:05:36.5412] 2016-09-14 11:05:36 手工扫描0000000452交地。[{"LOCATION":"B01"}]
[2016-09-14 11:05:37.5582] 2016-09-14 11:05:37 手工扫描0000000453交地。[{"LOCATION":"B01"}]
[2016-09-14 11:05:37.5882] 2016-09-14 11:05:37 自动板号2016091400009完成。[{"result":"OK"}]
[2016-09-14 11:05:38.5683] 2016-09-14 11:05:38 手工扫描0000000454交地。[{"LOCATION":"B01"}]
[2016-09-14 11:05:39.5834] 2016-09-14 11:05:39 手工扫描0000000455交地。[{"LOCATION":"B01"}]
[2016-09-14 11:05:40.5974] 2016-09-14 11:05:40 手工扫描0000000456交地。[{"LOCATION":"B01"}]
[2016-09-14 11:05:41.6155] 2016-09-14 11:05:41 手工扫描0000000457交地。[{"LOCATION":"B01"}]
[2016-09-14 11:05:42.6255] 2016-09-14 11:05:42 手工扫描0000000458交地。[{"LOCATION":"B01"}]
[2016-09-14 11:05:43.6386] 2016-09-14 11:05:43 手工扫描0000000459交地。[{"LOCATION":"B01"}]
[2016-09-14 11:05:44.6526] 2016-09-14 11:05:44 手工扫描0000000460交地。[{"LOCATION":"B01"}]
[2016-09-14 11:05:44.6946] 2016-09-14 11:05:44 自动板号2016091400009完成。[{"result":"OK"}]
[2016-09-14 11:05:45.6657] 2016-09-14 11:05:45 手工扫描0000000461交地。[{"LOCATION":"B01"}]
[2016-09-14 11:05:46.6808] 2016-09-14 11:05:46 手工扫描0000000462交地。[{"LOCATION":"B01"}]
[2016-09-14 11:05:47.6948] 2016-09-14 11:05:47 手工扫描0000000463交地。[{"LOCATION":"B01"}]
[2016-09-14 11:05:48.7089] 2016-09-14 11:05:48 手工扫描0000000464交地。[{"LOCATION":"B01"}]
[2016-09-14 11:05:49.7229] 2016-09-14 11:05:49 手工扫描0000000465交地。[{"LOCATION":"B01"}]
[2016-09-14 11:05:50.7370] 2016-09-14 11:05:50 手工扫描0000000466交地。[{"LOCATION":"B01"}]
[2016-09-14 11:05:51.7520] 2016-09-14 11:05:51 手工扫描0000000467交地。[{"LOCATION":"B01"}]
[2016-09-14 11:05:51.7790] 2016-09-14 11:05:51 自动板号2016091400009完成。[{"result":"OK"}]
[2016-09-14 11:05:52.7641] 2016-09-14 11:05:52 手工扫描0000000468交地。[{"LOCATION":"B01"}]
[2016-09-14 11:05:53.7792] 2016-09-14 11:05:53 手工扫描0000000469交地。[{"LOCATION":"B01"}]
[2016-09-14 11:05:54.7942] 2016-09-14 11:05:54 手工扫描0000000470交地。[{"LOCATION":"B01"}]
[2016-09-14 11:05:55.8073] 2016-09-14 11:05:55 手工扫描0000000471交地。[{"LOCATION":"B01"}]
[2016-09-14 11:05:56.8213] 2016-09-14 11:05:56 手工扫描0000000472交地。[{"LOCATION":"B01"}]
[2016-09-14 11:05:57.8354] 2016-09-14 11:05:57 手工扫描0000000473交地。[{"LOCATION":"B01"}]
[2016-09-14 11:05:58.8495] 2016-09-14 11:05:58 手工扫描0000000474交地。[{"LOCATION":"B01"}]
[2016-09-14 11:05:58.8735] 2016-09-14 11:05:58 自动板号2016091400009已完成，不能重复完成
[2016-09-14 11:05:59.8635] 2016-09-14 11:05:59 手工扫描0000000475交地。[{"LOCATION":"B01"}]
[2016-09-14 11:05:59.8635] PanelNo：2016091400010
[2016-09-14 11:06:00.8766] 2016-09-14 11:06:00 手工扫描0000000476交地。[{"LOCATION":"B01"}]
[2016-09-14 11:06:01.8916] 2016-09-14 11:06:01 手工扫描0000000477交地。[{"LOCATION":"B01"}]
[2016-09-14 11:06:02.9047] 2016-09-14 11:06:02 手工扫描0000000478交地。[{"LOCATION":"B01"}]
[2016-09-14 11:06:03.9187] 2016-09-14 11:06:03 手工扫描0000000479交地。[{"LOCATION":"B01"}]
[2016-09-14 11:06:04.9328] 2016-09-14 11:06:04 手工扫描0000000480交地。[{"LOCATION":"B01"}]
[2016-09-14 11:06:05.9469] 2016-09-14 11:06:05 手工扫描0000000481交地。[{"LOCATION":"B01"}]
[2016-09-14 11:06:06.9609] 2016-09-14 11:06:06 手工扫描0000000482交地。[{"LOCATION":"B01"}]
[2016-09-14 11:06:07.9750] 2016-09-14 11:06:07 手工扫描0000000483交地。[{"LOCATION":"B01"}]
[2016-09-14 11:06:08.9890] 2016-09-14 11:06:08 手工扫描0000000484交地。[{"LOCATION":"B01"}]
[2016-09-14 11:06:10.0041] 2016-09-14 11:06:10 手工扫描0000000485交地。[{"LOCATION":"B01"}]
[2016-09-14 11:06:11.0171] 2016-09-14 11:06:11 手工扫描0000000486交地。[{"LOCATION":"B01"}]
[2016-09-14 11:06:11.0381] 2016-09-14 11:06:11 自动板号2016091400010完成。[{"result":"OK"}]
[2016-09-14 11:06:12.0302] 2016-09-14 11:06:12 手工扫描0000000487交地。[{"LOCATION":"B01"}]
[2016-09-14 11:06:13.0453] 2016-09-14 11:06:13 手工扫描0000000488交地。[{"LOCATION":"B01"}]
[2016-09-14 11:06:14.0593] 2016-09-14 11:06:14 手工扫描0000000489交地。[{"LOCATION":"B01"}]
[2016-09-14 11:06:15.0734] 2016-09-14 11:06:15 手工扫描0000000490交地。[{"LOCATION":"B01"}]
[2016-09-14 11:06:16.0874] 2016-09-14 11:06:16 手工扫描0000000491交地。[{"LOCATION":"B01"}]
[2016-09-14 11:06:17.1015] 2016-09-14 11:06:17 手工扫描0000000492交地。[{"LOCATION":"B01"}]
[2016-09-14 11:06:17.1215] 2016-09-14 11:06:17 自动板号2016091400010完成。[{"result":"OK"}]
[2016-09-14 11:06:18.1146] 2016-09-14 11:06:18 手工扫描0000000493交地。[{"LOCATION":"B01"}]
[2016-09-14 11:06:19.1296] 2016-09-14 11:06:19 手工扫描0000000494交地。[{"LOCATION":"B01"}]
[2016-09-14 11:06:20.1447] 2016-09-14 11:06:20 手工扫描0000000495交地。[{"LOCATION":"B01"}]
[2016-09-14 11:06:21.1577] 2016-09-14 11:06:21 手工扫描0000000496交地。[{"LOCATION":"B01"}]
[2016-09-14 11:06:22.1728] 2016-09-14 11:06:22 手工扫描0000000497交地。[{"LOCATION":"B01"}]
[2016-09-14 11:06:23.1858] 2016-09-14 11:06:23 手工扫描0000000498交地。[{"LOCATION":"B01"}]
[2016-09-14 11:06:24.1999] 2016-09-14 11:06:24 手工扫描0000000499交地。[{"LOCATION":"B01"}]
[2016-09-14 11:06:25.2140] 2016-09-14 11:06:25 手工扫描0000000500交地。[{"LOCATION":"B01"}]
[2016-09-14 11:06:25.2370] 2016-09-14 11:06:25 自动板号2016091400010完成。[{"result":"OK"}]
[2016-09-14 11:06:26.2260] 2016-09-14 11:06:26 手工扫描0000000501交地。[{"LOCATION":"B01"}]
[2016-09-14 11:06:27.2451] 2016-09-14 11:06:27 手工扫描0000000502交地。[{"LOCATION":"B01"}]
[2016-09-14 11:06:28.2551] 2016-09-14 11:06:28 手工扫描0000000503交地。[{"LOCATION":"B01"}]
[2016-09-14 11:06:29.2702] 2016-09-14 11:06:29 手工扫描0000000504交地。[{"LOCATION":"B01"}]
[2016-09-14 11:06:30.2843] 2016-09-14 11:06:30 手工扫描0000000505交地。[{"LOCATION":"B01"}]
[2016-09-14 11:06:31.2973] 2016-09-14 11:06:31 手工扫描0000000506交地。[{"LOCATION":"B01"}]
[2016-09-14 11:06:32.3114] 2016-09-14 11:06:32 手工扫描0000000507交地。[{"LOCATION":"B01"}]
[2016-09-14 11:06:32.3334] 2016-09-14 11:06:32 自动板号2016091400010完成。[{"result":"OK"}]
[2016-09-14 11:06:33.3244] 2016-09-14 11:06:33 手工扫描0000000508交地。[{"LOCATION":"B01"}]
[2016-09-14 11:06:34.3445] 2016-09-14 11:06:34 手工扫描0000000509交地。[{"LOCATION":"B01"}]
[2016-09-14 11:06:35.3535] 2016-09-14 11:06:35 手工扫描0000000510交地。[{"LOCATION":"B01"}]
[2016-09-14 11:06:36.3676] 2016-09-14 11:06:36 手工扫描0000000511交地。[{"LOCATION":"B01"}]
[2016-09-14 11:06:37.3847] 2016-09-14 11:06:37 手工扫描0000000512交地。[{"LOCATION":"B01"}]
[2016-09-14 11:06:38.3957] 2016-09-14 11:06:38 手工扫描0000000513交地。[{"LOCATION":"B01"}]
[2016-09-14 11:06:39.4098] 2016-09-14 11:06:39 手工扫描0000000514交地。[{"LOCATION":"B01"}]
[2016-09-14 11:06:39.4418] 2016-09-14 11:06:39 自动板号2016091400010完成。[{"result":"OK"}]
[2016-09-14 11:06:40.4228] 2016-09-14 11:06:40 手工扫描0000000515交地。[{"LOCATION":"B01"}]
[2016-09-14 11:06:41.4379] 2016-09-14 11:06:41 手工扫描0000000516交地。[{"LOCATION":"B01"}]
[2016-09-14 11:06:42.4509] 2016-09-14 11:06:42 手工扫描0000000517交地。[{"LOCATION":"B01"}]
[2016-09-14 11:06:43.4650] 2016-09-14 11:06:43 手工扫描0000000518交地。[{"LOCATION":"B01"}]
[2016-09-14 11:06:44.4931] 2016-09-14 11:06:44 手工扫描0000000519交地。[{"LOCATION":"B01"}]
[2016-09-14 11:06:45.4961] 2016-09-14 11:06:45 手工扫描0000000520交地。[{"LOCATION":"B01"}]
[2016-09-14 11:06:46.5112] 2016-09-14 11:06:46 手工扫描0000000521交地。[{"LOCATION":"B01"}]
[2016-09-14 11:06:47.5222] 2016-09-14 11:06:47 手工扫描0000000522交地。[{"LOCATION":"B01"}]
[2016-09-14 11:06:47.5612] 2016-09-14 11:06:47 自动板号2016091400010完成。[{"result":"OK"}]
[2016-09-14 11:06:48.5343] 2016-09-14 11:06:48 手工扫描0000000523交地。[{"LOCATION":"B01"}]
[2016-09-14 11:06:49.5494] 2016-09-14 11:06:49 手工扫描0000000524交地。[{"LOCATION":"B01"}]
[2016-09-14 11:06:50.5644] 2016-09-14 11:06:50 手工扫描0000000525交地。[{"LOCATION":"B01"}]
[2016-09-14 11:06:51.5775] 2016-09-14 11:06:51 手工扫描0000000526交地。[{"LOCATION":"B01"}]
[2016-09-14 11:06:52.5925] 2016-09-14 11:06:52 手工扫描0000000527交地。[{"LOCATION":"B01"}]
[2016-09-14 11:06:53.6056] 2016-09-14 11:06:53 手工扫描0000000528交地。[{"LOCATION":"B01"}]
[2016-09-14 11:06:54.6226] 2016-09-14 11:06:54 手工扫描0000000529交地。[{"LOCATION":"B01"}]
[2016-09-14 11:06:55.6327] 2016-09-14 11:06:55 手工扫描0000000530交地。[{"LOCATION":"B01"}]
[2016-09-14 11:06:55.6477] 2016-09-14 11:06:55 自动板号2016091400010已完成，不能重复完成
[2016-09-14 11:06:56.6468] 2016-09-14 11:06:56 手工扫描0000000531交地。[{"LOCATION":"B01"}]
[2016-09-14 11:06:56.6468] PanelNo：2016091400011
[2016-09-14 11:06:57.6618] 2016-09-14 11:06:57 手工扫描0000000532交地。[{"LOCATION":"B01"}]
[2016-09-14 11:06:58.6759] 2016-09-14 11:06:58 手工扫描0000000533交地。[{"LOCATION":"B01"}]
[2016-09-14 11:06:59.6889] 2016-09-14 11:06:59 手工扫描0000000534交地。[{"LOCATION":"B01"}]
[2016-09-14 11:07:00.7030] 2016-09-14 11:07:00 手工扫描0000000535交地。[{"LOCATION":"B01"}]
[2016-09-14 11:07:01.7170] 2016-09-14 11:07:01 手工扫描0000000536交地。[{"LOCATION":"B01"}]
[2016-09-14 11:07:02.7311] 2016-09-14 11:07:02 手工扫描0000000537交地。[{"LOCATION":"B01"}]
[2016-09-14 11:07:02.7491] 2016-09-14 11:07:02 自动板号2016091400011完成。[{"result":"OK"}]
[2016-09-14 11:07:03.7442] 2016-09-14 11:07:03 手工扫描0000000538交地。[{"LOCATION":"B01"}]
[2016-09-14 11:07:04.7652] 2016-09-14 11:07:04 手工扫描0000000539交地。[{"LOCATION":"B01"}]
[2016-09-14 11:07:05.7783] 2016-09-14 11:07:05 手工扫描0000000540交地。[{"LOCATION":"B01"}]
[2016-09-14 11:07:06.7873] 2016-09-14 11:07:06 手工扫描0000000541交地。[{"LOCATION":"B01"}]
[2016-09-14 11:07:07.8034] 2016-09-14 11:07:07 手工扫描0000000542交地。[{"LOCATION":"B01"}]
[2016-09-14 11:07:08.8155] 2016-09-14 11:07:08 手工扫描0000000543交地。[{"LOCATION":"B01"}]
[2016-09-14 11:07:09.8295] 2016-09-14 11:07:09 手工扫描0000000544交地。[{"LOCATION":"B01"}]
[2016-09-14 11:07:10.8446] 2016-09-14 11:07:10 手工扫描0000000545交地。[{"LOCATION":"B01"}]
[2016-09-14 11:07:11.8576] 2016-09-14 11:07:11 手工扫描0000000546交地。[{"LOCATION":"B01"}]
[2016-09-14 11:07:12.8727] 2016-09-14 11:07:12 手工扫描0000000547交地。[{"LOCATION":"B01"}]
[2016-09-14 11:07:12.9037] 2016-09-14 11:07:12 自动板号2016091400011完成。[{"result":"OK"}]
[2016-09-14 11:07:13.8837] 2016-09-14 11:07:13 手工扫描0000000548交地。[{"LOCATION":"B01"}]
[2016-09-14 11:07:14.9038] 2016-09-14 11:07:14 手工扫描0000000549交地。[{"LOCATION":"B01"}]
[2016-09-14 11:07:15.9129] 2016-09-14 11:07:15 手工扫描0000000550交地。[{"LOCATION":"B01"}]
[2016-09-14 11:07:16.9269] 2016-09-14 11:07:16 手工扫描0000000551交地。[{"LOCATION":"B01"}]
[2016-09-14 11:07:17.9410] 2016-09-14 11:07:17 手工扫描0000000552交地。[{"LOCATION":"B01"}]
[2016-09-14 11:07:18.9550] 2016-09-14 11:07:18 手工扫描0000000553交地。[{"LOCATION":"B01"}]
[2016-09-14 11:07:19.9691] 2016-09-14 11:07:19 手工扫描0000000554交地。[{"LOCATION":"B01"}]
[2016-09-14 11:07:20.9832] 2016-09-14 11:07:20 手工扫描0000000555交地。[{"LOCATION":"B01"}]
[2016-09-14 11:07:21.9972] 2016-09-14 11:07:21 手工扫描0000000556交地。[{"LOCATION":"B01"}]
[2016-09-14 11:07:23.0113] 2016-09-14 11:07:23 手工扫描0000000557交地。[{"LOCATION":"B01"}]
[2016-09-14 11:07:23.0363] 2016-09-14 11:07:23 自动板号2016091400011完成。[{"result":"OK"}]
[2016-09-14 11:07:24.0253] 2016-09-14 11:07:24 手工扫描0000000558交地。[{"LOCATION":"B01"}]
[2016-09-14 11:07:25.0444] 2016-09-14 11:07:25 手工扫描0000000559交地。[{"LOCATION":"B01"}]
[2016-09-14 11:07:26.0534] 2016-09-14 11:07:26 手工扫描0000000560交地。[{"LOCATION":"B01"}]
[2016-09-14 11:07:27.0675] 2016-09-14 11:07:27 手工扫描0000000561交地。[{"LOCATION":"B01"}]
[2016-09-14 11:07:28.0826] 2016-09-14 11:07:28 手工扫描0000000562交地。[{"LOCATION":"B01"}]
[2016-09-14 11:07:29.0956] 2016-09-14 11:07:29 手工扫描0000000563交地。[{"LOCATION":"B01"}]
[2016-09-14 11:07:29.1266] 2016-09-14 11:07:29 自动板号2016091400011完成。[{"result":"OK"}]
[2016-09-14 11:07:30.1087] 2016-09-14 11:07:30 手工扫描0000000564交地。[{"LOCATION":"B01"}]
[2016-09-14 11:07:31.1237] 2016-09-14 11:07:31 手工扫描0000000565交地。[{"LOCATION":"B01"}]
[2016-09-14 11:07:32.1378] 2016-09-14 11:07:32 手工扫描0000000566交地。[{"LOCATION":"B01"}]
[2016-09-14 11:07:33.1518] 2016-09-14 11:07:33 手工扫描0000000567交地。[{"LOCATION":"B01"}]
[2016-09-14 11:07:34.1649] 2016-09-14 11:07:34 手工扫描0000000568交地。[{"LOCATION":"B01"}]
[2016-09-14 11:07:35.1830] 2016-09-14 11:07:35 手工扫描0000000569交地。[{"LOCATION":"B01"}]
[2016-09-14 11:07:36.1930] 2016-09-14 11:07:36 手工扫描0000000570交地。[{"LOCATION":"B01"}]
[2016-09-14 11:07:36.2180] 2016-09-14 11:07:36 自动板号2016091400011完成。[{"result":"OK"}]
[2016-09-14 11:07:37.2061] 2016-09-14 11:07:37 手工扫描0000000571交地。[{"LOCATION":"B01"}]
[2016-09-14 11:07:38.2211] 2016-09-14 11:07:38 手工扫描0000000572交地。[{"LOCATION":"B01"}]
[2016-09-14 11:07:39.2352] 2016-09-14 11:07:39 手工扫描0000000573交地。[{"LOCATION":"B01"}]
[2016-09-14 11:07:40.2493] 2016-09-14 11:07:40 手工扫描0000000574交地。[{"LOCATION":"B01"}]
[2016-09-14 11:07:41.2633] 2016-09-14 11:07:41 手工扫描0000000575交地。[{"LOCATION":"B01"}]
[2016-09-14 11:07:42.2774] 2016-09-14 11:07:42 手工扫描0000000576交地。[{"LOCATION":"B01"}]
[2016-09-14 11:07:43.2914] 2016-09-14 11:07:43 手工扫描0000000577交地。[{"LOCATION":"B01"}]
[2016-09-14 11:07:43.3174] 2016-09-14 11:07:43 自动板号2016091400011完成。[{"result":"OK"}]
[2016-09-14 11:07:44.3045] 2016-09-14 11:07:44 手工扫描0000000578交地。[{"LOCATION":"B01"}]
[2016-09-14 11:07:45.3245] 2016-09-14 11:07:45 手工扫描0000000579交地。[{"LOCATION":"B01"}]
[2016-09-14 11:07:46.3336] 2016-09-14 11:07:46 手工扫描0000000580交地。[{"LOCATION":"B01"}]
[2016-09-14 11:07:47.3487] 2016-09-14 11:07:47 手工扫描0000000581交地。[{"LOCATION":"B01"}]
[2016-09-14 11:07:48.3617] 2016-09-14 11:07:48 手工扫描0000000582交地。[{"LOCATION":"B01"}]
[2016-09-14 11:07:49.3778] 2016-09-14 11:07:49 手工扫描0000000583交地。[{"LOCATION":"B01"}]
[2016-09-14 11:07:50.3918] 2016-09-14 11:07:50 手工扫描0000000584交地。[{"LOCATION":"B01"}]
[2016-09-14 11:07:50.4288] 2016-09-14 11:07:50 自动板号2016091400011已完成，不能重复完成
[2016-09-14 11:07:51.4049] 2016-09-14 11:07:51 手工扫描0000000585交地。[{"LOCATION":"B01"}]
[2016-09-14 11:07:51.4049] PanelNo：2016091400012
[2016-09-14 11:07:52.4189] 2016-09-14 11:07:52 手工扫描0000000586交地。[{"LOCATION":"B01"}]
[2016-09-14 11:07:53.4310] 2016-09-14 11:07:53 手工扫描0000000587交地。[{"LOCATION":"B01"}]
[2016-09-14 11:07:54.4471] 2016-09-14 11:07:54 手工扫描0000000588交地。[{"LOCATION":"B01"}]
[2016-09-14 11:07:55.4641] 2016-09-14 11:07:55 手工扫描0000000589交地。[{"LOCATION":"B01"}]
[2016-09-14 11:07:56.4732] 2016-09-14 11:07:56 手工扫描0000000590交地。[{"LOCATION":"B01"}]
[2016-09-14 11:07:57.4882] 2016-09-14 11:07:57 手工扫描0000000591交地。[{"LOCATION":"B01"}]
[2016-09-14 11:07:58.5033] 2016-09-14 11:07:58 手工扫描0000000592交地。[{"LOCATION":"B01"}]
[2016-09-14 11:07:58.5243] 2016-09-14 11:07:58 自动板号2016091400012完成。[{"result":"OK"}]
[2016-09-14 11:07:59.5144] 2016-09-14 11:07:59 手工扫描0000000593交地。[{"LOCATION":"B01"}]
[2016-09-14 11:08:00.5314] 2016-09-14 11:08:00 手工扫描0000000594交地。[{"LOCATION":"B01"}]
[2016-09-14 11:08:01.5445] 2016-09-14 11:08:01 手工扫描0000000595交地。[{"LOCATION":"B01"}]
[2016-09-14 11:08:02.5585] 2016-09-14 11:08:02 手工扫描0000000596交地。[{"LOCATION":"B01"}]
[2016-09-14 11:08:03.5726] 2016-09-14 11:08:03 手工扫描0000000597交地。[{"LOCATION":"B01"}]
[2016-09-14 11:08:04.5866] 2016-09-14 11:08:04 手工扫描0000000598交地。[{"LOCATION":"B01"}]
[2016-09-14 11:08:05.6047] 2016-09-14 11:08:05 手工扫描0000000599交地。[{"LOCATION":"B01"}]
[2016-09-14 11:08:06.6148] 2016-09-14 11:08:06 手工扫描0000000600交地。[{"LOCATION":"B01"}]
[2016-09-14 11:08:06.6388] 2016-09-14 11:08:06 自动板号2016091400012完成。[{"result":"OK"}]
[2016-09-14 11:08:07.6278] 2016-09-14 11:08:07 手工扫描0000000601交地。[{"LOCATION":"B01"}]
[2016-09-14 11:08:08.6449] 2016-09-14 11:08:08 手工扫描0000000602交地。[{"LOCATION":"B01"}]
[2016-09-14 11:08:09.6559] 2016-09-14 11:08:09 手工扫描0000000603交地。[{"LOCATION":"B01"}]
[2016-09-14 11:08:10.6720] 2016-09-14 11:08:10 手工扫描0000000604交地。[{"LOCATION":"B01"}]
[2016-09-14 11:08:11.6891] 2016-09-14 11:08:11 手工扫描0000000605交地。[{"LOCATION":"B01"}]
[2016-09-14 11:08:12.6981] 2016-09-14 11:08:12 手工扫描0000000606交地。[{"LOCATION":"B01"}]
[2016-09-14 11:08:13.7112] 2016-09-14 11:08:13 手工扫描0000000607交地。[{"LOCATION":"B01"}]
[2016-09-14 11:08:13.7422] 2016-09-14 11:08:13 自动板号2016091400012完成。[{"result":"OK"}]
[2016-09-14 11:08:14.7252] 2016-09-14 11:08:14 手工扫描0000000608交地。[{"LOCATION":"B01"}]
[2016-09-14 11:08:15.7453] 2016-09-14 11:08:15 手工扫描0000000609交地。[{"LOCATION":"B01"}]
[2016-09-14 11:08:16.7553] 2016-09-14 11:08:16 手工扫描0000000610交地。[{"LOCATION":"B01"}]
[2016-09-14 11:08:17.7684] 2016-09-14 11:08:17 手工扫描0000000611交地。[{"LOCATION":"B01"}]
[2016-09-14 11:08:18.7825] 2016-09-14 11:08:18 手工扫描0000000612交地。[{"LOCATION":"B01"}]
[2016-09-14 11:08:19.7965] 2016-09-14 11:08:19 手工扫描0000000613交地。[{"LOCATION":"B01"}]
[2016-09-14 11:08:20.8096] 2016-09-14 11:08:20 手工扫描0000000614交地。[{"LOCATION":"B01"}]
[2016-09-14 11:08:20.8426] 2016-09-14 11:08:20 自动板号2016091400012完成。[{"result":"OK"}]
[2016-09-14 11:08:21.8236] 2016-09-14 11:08:21 手工扫描0000000615交地。[{"LOCATION":"B01"}]
[2016-09-14 11:08:22.8387] 2016-09-14 11:08:22 手工扫描0000000616交地。[{"LOCATION":"B01"}]
[2016-09-14 11:08:23.8517] 2016-09-14 11:08:23 手工扫描0000000617交地。[{"LOCATION":"B01"}]
[2016-09-14 11:08:24.8658] 2016-09-14 11:08:24 手工扫描0000000618交地。[{"LOCATION":"B01"}]
[2016-09-14 11:08:25.8839] 2016-09-14 11:08:25 手工扫描0000000619交地。[{"LOCATION":"B01"}]
[2016-09-14 11:08:26.8949] 2016-09-14 11:08:26 手工扫描0000000620交地。[{"LOCATION":"B01"}]
[2016-09-14 11:08:27.9080] 2016-09-14 11:08:27 手工扫描0000000621交地。[{"LOCATION":"B01"}]
[2016-09-14 11:08:28.9230] 2016-09-14 11:08:28 手工扫描0000000622交地。[{"LOCATION":"B01"}]
[2016-09-14 11:08:28.9470] 2016-09-14 11:08:28 自动板号2016091400012完成。[{"result":"OK"}]
[2016-09-14 11:08:29.9351] 2016-09-14 11:08:29 手工扫描0000000623交地。[{"LOCATION":"B01"}]
[2016-09-14 11:08:30.9502] 2016-09-14 11:08:30 手工扫描0000000624交地。[{"LOCATION":"B01"}]
[2016-09-14 11:08:31.9642] 2016-09-14 11:08:31 手工扫描0000000625交地。[{"LOCATION":"B01"}]
[2016-09-14 11:08:32.9783] 2016-09-14 11:08:32 手工扫描0000000626交地。[{"LOCATION":"B01"}]
[2016-09-14 11:08:33.9943] 2016-09-14 11:08:33 手工扫描0000000627交地。[{"LOCATION":"B01"}]
[2016-09-14 11:08:35.0074] 2016-09-14 11:08:35 手工扫描0000000628交地。[{"LOCATION":"B01"}]
[2016-09-14 11:08:36.0274] 2016-09-14 11:08:36 手工扫描0000000629交地。[{"LOCATION":"B01"}]
[2016-09-14 11:08:36.0544] 2016-09-14 11:08:36 自动板号2016091400012完成。[{"result":"OK"}]
[2016-09-14 11:08:37.0345] 2016-09-14 11:08:37 手工扫描0000000630交地。[{"LOCATION":"B01"}]
[2016-09-14 11:08:38.0486] 2016-09-14 11:08:38 手工扫描0000000631交地。[{"LOCATION":"B01"}]
[2016-09-14 11:08:39.0626] 2016-09-14 11:08:39 手工扫描0000000632交地。[{"LOCATION":"B01"}]
[2016-09-14 11:08:40.0767] 2016-09-14 11:08:40 手工扫描0000000633交地。[{"LOCATION":"B01"}]
[2016-09-14 11:08:41.0907] 2016-09-14 11:08:41 手工扫描0000000634交地。[{"LOCATION":"B01"}]
[2016-09-14 11:08:42.1038] 2016-09-14 11:08:42 手工扫描0000000635交地。[{"LOCATION":"B01"}]
[2016-09-14 11:08:43.1198] 2016-09-14 11:08:43 手工扫描0000000636交地。[{"LOCATION":"B01"}]
[2016-09-14 11:08:44.1319] 2016-09-14 11:08:44 手工扫描0000000637交地。[{"LOCATION":"B01"}]
[2016-09-14 11:08:44.1599] 2016-09-14 11:08:44 自动板号2016091400012已完成，不能重复完成
[2016-09-14 11:08:45.1470] 2016-09-14 11:08:45 手工扫描0000000638交地。[{"LOCATION":"B01"}]
[2016-09-14 11:08:45.1470] PanelNo：2016091400013
[2016-09-14 11:08:46.1650] 2016-09-14 11:08:46 手工扫描0000000639交地。[{"LOCATION":"B01"}]
[2016-09-14 11:08:47.1741] 2016-09-14 11:08:47 手工扫描0000000640交地。[{"LOCATION":"B01"}]
[2016-09-14 11:08:48.1881] 2016-09-14 11:08:48 手工扫描0000000641交地。[{"LOCATION":"B01"}]
[2016-09-14 11:08:49.2022] 2016-09-14 11:08:49 手工扫描0000000642交地。[{"LOCATION":"B01"}]
[2016-09-14 11:08:50.2163] 2016-09-14 11:08:50 手工扫描0000000643交地。[{"LOCATION":"B01"}]
[2016-09-14 11:08:51.2303] 2016-09-14 11:08:51 手工扫描0000000644交地。[{"LOCATION":"B01"}]
[2016-09-14 11:08:52.2454] 2016-09-14 11:08:52 手工扫描0000000645交地。[{"LOCATION":"B01"}]
[2016-09-14 11:08:52.2674] 2016-09-14 11:08:52 自动板号2016091400013完成。[{"result":"OK"}]
[2016-09-14 11:08:53.2584] 2016-09-14 11:08:53 手工扫描0000000646交地。[{"LOCATION":"B01"}]
[2016-09-14 11:08:54.2725] 2016-09-14 11:08:54 手工扫描0000000647交地。[{"LOCATION":"B01"}]
[2016-09-14 11:08:55.2865] 2016-09-14 11:08:55 手工扫描0000000648交地。[{"LOCATION":"B01"}]
[2016-09-14 11:08:56.3056] 2016-09-14 11:08:56 手工扫描0000000649交地。[{"LOCATION":"B01"}]
[2016-09-14 11:08:57.3167] 2016-09-14 11:08:57 手工扫描0000000650交地。[{"LOCATION":"B01"}]
[2016-09-14 11:08:58.3287] 2016-09-14 11:08:58 手工扫描0000000651交地。[{"LOCATION":"B01"}]
[2016-09-14 11:08:59.3458] 2016-09-14 11:08:59 手工扫描0000000652交地。[{"LOCATION":"B01"}]
[2016-09-14 11:08:59.3858] 2016-09-14 11:08:59 自动板号2016091400013完成。[{"result":"OK"}]
[2016-09-14 11:09:00.3548] 2016-09-14 11:09:00 手工扫描0000000653交地。[{"LOCATION":"B01"}]
[2016-09-14 11:09:01.3739] 2016-09-14 11:09:01 手工扫描0000000654交地。[{"LOCATION":"B01"}]
[2016-09-14 11:09:02.3839] 2016-09-14 11:09:02 手工扫描0000000655交地。[{"LOCATION":"B01"}]
[2016-09-14 11:09:03.4020] 2016-09-14 11:09:03 手工扫描0000000656交地。[{"LOCATION":"B01"}]
[2016-09-14 11:09:04.4121] 2016-09-14 11:09:04 手工扫描0000000657交地。[{"LOCATION":"B01"}]
[2016-09-14 11:09:05.4271] 2016-09-14 11:09:05 手工扫描0000000658交地。[{"LOCATION":"B01"}]
[2016-09-14 11:09:06.4482] 2016-09-14 11:09:06 手工扫描0000000659交地。[{"LOCATION":"B01"}]
[2016-09-14 11:09:07.4562] 2016-09-14 11:09:07 手工扫描0000000660交地。[{"LOCATION":"B01"}]
[2016-09-14 11:09:07.4862] 2016-09-14 11:09:07 自动板号2016091400013完成。[{"result":"OK"}]
[2016-09-14 11:09:08.4683] 2016-09-14 11:09:08 手工扫描0000000661交地。[{"LOCATION":"B01"}]
[2016-09-14 11:09:09.4834] 2016-09-14 11:09:09 手工扫描0000000662交地。[{"LOCATION":"B01"}]
[2016-09-14 11:09:10.4974] 2016-09-14 11:09:10 手工扫描0000000663交地。[{"LOCATION":"B01"}]
[2016-09-14 11:09:11.5105] 2016-09-14 11:09:11 手工扫描0000000664交地。[{"LOCATION":"B01"}]
[2016-09-14 11:09:12.5245] 2016-09-14 11:09:12 手工扫描0000000665交地。[{"LOCATION":"B01"}]
[2016-09-14 11:09:13.5386] 2016-09-14 11:09:13 手工扫描0000000666交地。[{"LOCATION":"B01"}]
[2016-09-14 11:09:14.5526] 2016-09-14 11:09:14 手工扫描0000000667交地。[{"LOCATION":"B01"}]
[2016-09-14 11:09:14.5756] 2016-09-14 11:09:14 自动板号2016091400013完成。[{"result":"OK"}]
[2016-09-14 11:09:15.5667] 2016-09-14 11:09:15 手工扫描0000000668交地。[{"LOCATION":"B01"}]
[2016-09-14 11:09:16.5858] 2016-09-14 11:09:16 手工扫描0000000669交地。[{"LOCATION":"B01"}]
[2016-09-14 11:09:17.5938] 2016-09-14 11:09:17 手工扫描0000000670交地。[{"LOCATION":"B01"}]
[2016-09-14 11:09:18.6099] 2016-09-14 11:09:18 手工扫描0000000671交地。[{"LOCATION":"B01"}]
[2016-09-14 11:09:19.6239] 2016-09-14 11:09:19 手工扫描0000000672交地。[{"LOCATION":"B01"}]
[2016-09-14 11:09:20.6370] 2016-09-14 11:09:20 手工扫描0000000673交地。[{"LOCATION":"B01"}]
[2016-09-14 11:09:21.6501] 2016-09-14 11:09:21 手工扫描0000000674交地。[{"LOCATION":"B01"}]
[2016-09-14 11:09:22.6641] 2016-09-14 11:09:22 手工扫描0000000675交地。[{"LOCATION":"B01"}]
[2016-09-14 11:09:23.6782] 2016-09-14 11:09:23 手工扫描0000000676交地。[{"LOCATION":"B01"}]
[2016-09-14 11:09:24.6922] 2016-09-14 11:09:24 手工扫描0000000677交地。[{"LOCATION":"B01"}]
[2016-09-14 11:09:24.7182] 2016-09-14 11:09:24 自动板号2016091400013完成。[{"result":"OK"}]
[2016-09-14 11:09:25.7053] 2016-09-14 11:09:25 手工扫描0000000678交地。[{"LOCATION":"B01"}]
[2016-09-14 11:09:26.7253] 2016-09-14 11:09:26 手工扫描0000000679交地。[{"LOCATION":"B01"}]
[2016-09-14 11:09:27.7364] 2016-09-14 11:09:27 手工扫描0000000680交地。[{"LOCATION":"B01"}]
[2016-09-14 11:09:28.7505] 2016-09-14 11:09:28 手工扫描0000000681交地。[{"LOCATION":"B01"}]
[2016-09-14 11:09:29.7635] 2016-09-14 11:09:29 手工扫描0000000682交地。[{"LOCATION":"B01"}]
[2016-09-14 11:09:30.7786] 2016-09-14 11:09:30 手工扫描0000000683交地。[{"LOCATION":"B01"}]
[2016-09-14 11:09:31.7906] 2016-09-14 11:09:31 手工扫描0000000684交地。[{"LOCATION":"B01"}]
[2016-09-14 11:09:31.8126] 2016-09-14 11:09:31 自动板号2016091400013完成。[{"result":"OK"}]
[2016-09-14 11:09:32.8027] 2016-09-14 11:09:32 手工扫描0000000685交地。[{"LOCATION":"B01"}]
[2016-09-14 11:09:33.8177] 2016-09-14 11:09:33 手工扫描0000000686交地。[{"LOCATION":"B01"}]
[2016-09-14 11:09:34.8328] 2016-09-14 11:09:34 手工扫描0000000687交地。[{"LOCATION":"B01"}]
[2016-09-14 11:09:35.8459] 2016-09-14 11:09:35 手工扫描0000000688交地。[{"LOCATION":"B01"}]
[2016-09-14 11:09:36.8649] 2016-09-14 11:09:36 手工扫描0000000689交地。[{"LOCATION":"B01"}]
[2016-09-14 11:09:37.8790] 2016-09-14 11:09:37 手工扫描0000000690交地。[{"LOCATION":"B01"}]
[2016-09-14 11:09:38.8940] 2016-09-14 11:09:38 手工扫描0000000691交地。[{"LOCATION":"B01"}]
[2016-09-14 11:09:39.9021] 2016-09-14 11:09:39 手工扫描0000000692交地。[{"LOCATION":"B01"}]
[2016-09-14 11:09:39.9671] 2016-09-14 11:09:39 自动板号2016091400013已完成，不能重复完成
[2016-09-14 11:09:40.9162] 2016-09-14 11:09:40 手工扫描0000000693交地。[{"LOCATION":"B01"}]
[2016-09-14 11:09:40.9162] PanelNo：2016091400014
[2016-09-14 11:09:41.9302] 2016-09-14 11:09:41 手工扫描0000000694交地。[{"LOCATION":"B01"}]
[2016-09-14 11:09:42.9453] 2016-09-14 11:09:42 手工扫描0000000695交地。[{"LOCATION":"B01"}]
[2016-09-14 11:09:43.9593] 2016-09-14 11:09:43 手工扫描0000000696交地。[{"LOCATION":"B01"}]
[2016-09-14 11:09:44.9724] 2016-09-14 11:09:44 手工扫描0000000697交地。[{"LOCATION":"B01"}]
[2016-09-14 11:09:45.9874] 2016-09-14 11:09:45 手工扫描0000000698交地。[{"LOCATION":"B01"}]
[2016-09-14 11:09:47.0055] 2016-09-14 11:09:47 手工扫描0000000699交地。[{"LOCATION":"B01"}]
[2016-09-14 11:09:48.0296] 2016-09-14 11:09:48 手工扫描0000000700交地。[{"LOCATION":"B01"}]
[2016-09-14 11:09:48.0596] 2016-09-14 11:09:48 自动板号2016091400014完成。[{"result":"OK"}]
[2016-09-14 11:09:49.0286] 2016-09-14 11:09:49 手工扫描0000000701交地。[{"LOCATION":"B01"}]
[2016-09-14 11:09:50.0437] 2016-09-14 11:09:50 手工扫描0000000702交地。[{"LOCATION":"B01"}]
[2016-09-14 11:09:51.0567] 2016-09-14 11:09:51 手工扫描0000000703交地。[{"LOCATION":"B01"}]
[2016-09-14 11:09:52.0698] 2016-09-14 11:09:52 手工扫描0000000704交地。[{"LOCATION":"B01"}]
[2016-09-14 11:09:53.0838] 2016-09-14 11:09:53 手工扫描0000000705交地。[{"LOCATION":"B01"}]
[2016-09-14 11:09:54.0979] 2016-09-14 11:09:54 手工扫描0000000706交地。[{"LOCATION":"B01"}]
[2016-09-14 11:09:55.1150] 2016-09-14 11:09:55 手工扫描0000000707交地。[{"LOCATION":"B01"}]
[2016-09-14 11:09:55.1430] 2016-09-14 11:09:55 自动板号2016091400014完成。[{"result":"OK"}]
[2016-09-14 11:09:56.1250] 2016-09-14 11:09:56 手工扫描0000000708交地。[{"LOCATION":"B01"}]
[2016-09-14 11:09:57.1451] 2016-09-14 11:09:57 手工扫描0000000709交地。[{"LOCATION":"B01"}]
[2016-09-14 11:09:58.1541] 2016-09-14 11:09:58 手工扫描0000000710交地。[{"LOCATION":"B01"}]
[2016-09-14 11:09:59.1692] 2016-09-14 11:09:59 手工扫描0000000711交地。[{"LOCATION":"B01"}]
[2016-09-14 11:10:00.1823] 2016-09-14 11:10:00 手工扫描0000000712交地。[{"LOCATION":"B01"}]
[2016-09-14 11:10:01.1963] 2016-09-14 11:10:01 手工扫描0000000713交地。[{"LOCATION":"B01"}]
[2016-09-14 11:10:02.2104] 2016-09-14 11:10:02 手工扫描0000000714交地。[{"LOCATION":"B01"}]
[2016-09-14 11:10:03.2254] 2016-09-14 11:10:03 手工扫描0000000715交地。[{"LOCATION":"B01"}]
[2016-09-14 11:10:04.2395] 2016-09-14 11:10:04 手工扫描0000000716交地。[{"LOCATION":"B01"}]
[2016-09-14 11:10:05.2535] 2016-09-14 11:10:05 手工扫描0000000717交地。[{"LOCATION":"B01"}]
[2016-09-14 11:10:05.2785] 2016-09-14 11:10:05 自动板号2016091400014完成。[{"result":"OK"}]
[2016-09-14 11:10:06.2666] 2016-09-14 11:10:06 手工扫描0000000718交地。[{"LOCATION":"B01"}]
[2016-09-14 11:10:07.2857] 2016-09-14 11:10:07 手工扫描0000000719交地。[{"LOCATION":"B01"}]
[2016-09-14 11:10:08.3097] 2016-09-14 11:10:08 手工扫描0000000720交地。[{"LOCATION":"B01"}]
[2016-09-14 11:10:09.3098] 2016-09-14 11:10:09 手工扫描0000000721交地。[{"LOCATION":"B01"}]
[2016-09-14 11:10:10.3228] 2016-09-14 11:10:10 手工扫描0000000722交地。[{"LOCATION":"B01"}]
[2016-09-14 11:10:11.3359] 2016-09-14 11:10:11 手工扫描0000000723交地。[{"LOCATION":"B01"}]
[2016-09-14 11:10:12.3500] 2016-09-14 11:10:12 手工扫描0000000724交地。[{"LOCATION":"B01"}]
[2016-09-14 11:10:12.3760] 2016-09-14 11:10:12 自动板号2016091400014完成。[{"result":"OK"}]
[2016-09-14 11:10:13.3640] 2016-09-14 11:10:13 手工扫描0000000725交地。[{"LOCATION":"B01"}]
[2016-09-14 11:10:14.3781] 2016-09-14 11:10:14 手工扫描0000000726交地。[{"LOCATION":"B01"}]
[2016-09-14 11:10:15.3921] 2016-09-14 11:10:15 手工扫描0000000727交地。[{"LOCATION":"B01"}]
[2016-09-14 11:10:16.4062] 2016-09-14 11:10:16 手工扫描0000000728交地。[{"LOCATION":"B01"}]
[2016-09-14 11:10:17.4252] 2016-09-14 11:10:17 手工扫描0000000729交地。[{"LOCATION":"B01"}]
[2016-09-14 11:10:18.4353] 2016-09-14 11:10:18 手工扫描0000000730交地。[{"LOCATION":"B01"}]
[2016-09-14 11:10:19.4484] 2016-09-14 11:10:19 手工扫描0000000731交地。[{"LOCATION":"B01"}]
[2016-09-14 11:10:19.4774] 2016-09-14 11:10:19 自动板号2016091400014完成。[{"result":"OK"}]
[2016-09-14 11:10:20.4614] 2016-09-14 11:10:20 手工扫描0000000732交地。[{"LOCATION":"B01"}]
[2016-09-14 11:10:21.4775] 2016-09-14 11:10:21 手工扫描0000000733交地。[{"LOCATION":"B01"}]
[2016-09-14 11:10:22.4905] 2016-09-14 11:10:22 手工扫描0000000734交地。[{"LOCATION":"B01"}]
[2016-09-14 11:10:23.5076] 2016-09-14 11:10:23 手工扫描0000000735交地。[{"LOCATION":"B01"}]
[2016-09-14 11:10:24.5226] 2016-09-14 11:10:24 手工扫描0000000736交地。[{"LOCATION":"B01"}]
[2016-09-14 11:10:25.5327] 2016-09-14 11:10:25 手工扫描0000000737交地。[{"LOCATION":"B01"}]
[2016-09-14 11:10:26.5488] 2016-09-14 11:10:26 手工扫描0000000738交地。[{"LOCATION":"B01"}]
[2016-09-14 11:10:26.5728] 2016-09-14 11:10:26 自动板号2016091400014完成。[{"result":"OK"}]
[2016-09-14 11:10:27.5648] 2016-09-14 11:10:27 手工扫描0000000739交地。[{"LOCATION":"B01"}]
[2016-09-14 11:10:28.5749] 2016-09-14 11:10:28 手工扫描0000000740交地。[{"LOCATION":"B01"}]
[2016-09-14 11:10:29.5889] 2016-09-14 11:10:29 手工扫描0000000741交地。[{"LOCATION":"B01"}]
[2016-09-14 11:10:30.6020] 2016-09-14 11:10:30 手工扫描0000000742交地。[{"LOCATION":"B01"}]
[2016-09-14 11:10:31.6171] 2016-09-14 11:10:31 手工扫描0000000743交地。[{"LOCATION":"B01"}]
[2016-09-14 11:10:32.6311] 2016-09-14 11:10:32 手工扫描0000000744交地。[{"LOCATION":"B01"}]
[2016-09-14 11:10:33.6452] 2016-09-14 11:10:33 手工扫描0000000745交地。[{"LOCATION":"B01"}]
[2016-09-14 11:10:34.6592] 2016-09-14 11:10:34 手工扫描0000000746交地。[{"LOCATION":"B01"}]
[2016-09-14 11:10:35.6733] 2016-09-14 11:10:35 手工扫描0000000747交地。[{"LOCATION":"B01"}]
[2016-09-14 11:10:36.6873] 2016-09-14 11:10:36 手工扫描0000000748交地。[{"LOCATION":"B01"}]
[2016-09-14 11:10:36.7023] 2016-09-14 11:10:36 自动板号2016091400014已完成，不能重复完成
[2016-09-14 11:10:37.7054] 2016-09-14 11:10:37 手工扫描0000000749交地。[{"LOCATION":"B01"}]
[2016-09-14 11:10:37.7054] PanelNo：2016091400015
[2016-09-14 11:10:38.7145] 2016-09-14 11:10:38 手工扫描0000000750交地。[{"LOCATION":"B01"}]
[2016-09-14 11:10:39.7305] 2016-09-14 11:10:39 手工扫描0000000751交地。[{"LOCATION":"B01"}]
[2016-09-14 11:10:40.7456] 2016-09-14 11:10:40 手工扫描0000000752交地。[{"LOCATION":"B01"}]
[2016-09-14 11:10:41.7586] 2016-09-14 11:10:41 手工扫描0000000753交地。[{"LOCATION":"B01"}]
[2016-09-14 11:10:42.7717] 2016-09-14 11:10:42 手工扫描0000000754交地。[{"LOCATION":"B01"}]
[2016-09-14 11:10:43.7857] 2016-09-14 11:10:43 手工扫描0000000755交地。[{"LOCATION":"B01"}]
[2016-09-14 11:10:43.8088] 2016-09-14 11:10:43 自动板号2016091400015完成。[{"result":"OK"}]
[2016-09-14 11:10:44.7988] 2016-09-14 11:10:44 手工扫描0000000756交地。[{"LOCATION":"B01"}]
[2016-09-14 11:10:45.8149] 2016-09-14 11:10:45 手工扫描0000000757交地。[{"LOCATION":"B01"}]
[2016-09-14 11:10:46.8319] 2016-09-14 11:10:46 手工扫描0000000758交地。[{"LOCATION":"B01"}]
[2016-09-14 11:10:47.8490] 2016-09-14 11:10:47 手工扫描0000000759交地。[{"LOCATION":"B01"}]
[2016-09-14 11:10:48.8590] 2016-09-14 11:10:48 手工扫描0000000760交地。[{"LOCATION":"B01"}]
[2016-09-14 11:10:49.8721] 2016-09-14 11:10:49 手工扫描0000000761交地。[{"LOCATION":"B01"}]
[2016-09-14 11:10:50.8862] 2016-09-14 11:10:50 手工扫描0000000762交地。[{"LOCATION":"B01"}]
[2016-09-14 11:10:50.9172] 2016-09-14 11:10:50 自动板号2016091400015完成。[{"result":"OK"}]
[2016-09-14 11:10:51.8972] 2016-09-14 11:10:51 手工扫描0000000763交地。[{"LOCATION":"B01"}]
[2016-09-14 11:10:52.9133] 2016-09-14 11:10:52 手工扫描0000000764交地。[{"LOCATION":"B01"}]
[2016-09-14 11:10:53.9253] 2016-09-14 11:10:53 手工扫描0000000765交地。[{"LOCATION":"B01"}]
[2016-09-14 11:10:54.9394] 2016-09-14 11:10:54 手工扫描0000000766交地。[{"LOCATION":"B01"}]
[2016-09-14 11:10:55.9534] 2016-09-14 11:10:55 手工扫描0000000767交地。[{"LOCATION":"B01"}]
[2016-09-14 11:10:56.9705] 2016-09-14 11:10:56 手工扫描0000000768交地。[{"LOCATION":"B01"}]
[2016-09-14 11:10:57.9866] 2016-09-14 11:10:57 手工扫描0000000769交地。[{"LOCATION":"B01"}]
[2016-09-14 11:10:58.9956] 2016-09-14 11:10:58 手工扫描0000000770交地。[{"LOCATION":"B01"}]
[2016-09-14 11:10:59.0156] 2016-09-14 11:10:59 自动板号2016091400015完成。[{"result":"OK"}]
[2016-09-14 11:11:00.0087] 2016-09-14 11:11:00 手工扫描0000000771交地。[{"LOCATION":"B01"}]
[2016-09-14 11:11:01.0237] 2016-09-14 11:11:01 手工扫描0000000772交地。[{"LOCATION":"B01"}]
[2016-09-14 11:11:02.0378] 2016-09-14 11:11:02 手工扫描0000000773交地。[{"LOCATION":"B01"}]
[2016-09-14 11:11:03.0519] 2016-09-14 11:11:03 手工扫描0000000774交地。[{"LOCATION":"B01"}]
[2016-09-14 11:11:04.0649] 2016-09-14 11:11:04 手工扫描0000000775交地。[{"LOCATION":"B01"}]
[2016-09-14 11:11:05.0790] 2016-09-14 11:11:05 手工扫描0000000776交地。[{"LOCATION":"B01"}]
[2016-09-14 11:11:06.0980] 2016-09-14 11:11:06 手工扫描0000000777交地。[{"LOCATION":"B01"}]
[2016-09-14 11:11:06.1190] 2016-09-14 11:11:06 自动板号2016091400015完成。[{"result":"OK"}]
[2016-09-14 11:11:07.1061] 2016-09-14 11:11:07 手工扫描0000000778交地。[{"LOCATION":"B01"}]
[2016-09-14 11:11:08.1261] 2016-09-14 11:11:08 手工扫描0000000779交地。[{"LOCATION":"B01"}]
[2016-09-14 11:11:09.1392] 2016-09-14 11:11:09 手工扫描0000000780交地。[{"LOCATION":"B01"}]
[2016-09-14 11:11:10.1483] 2016-09-14 11:11:10 手工扫描0000000781交地。[{"LOCATION":"B01"}]
[2016-09-14 11:11:11.1623] 2016-09-14 11:11:11 手工扫描0000000782交地。[{"LOCATION":"B01"}]
[2016-09-14 11:11:12.1784] 2016-09-14 11:11:12 手工扫描0000000783交地。[{"LOCATION":"B01"}]
[2016-09-14 11:11:13.1924] 2016-09-14 11:11:13 手工扫描0000000784交地。[{"LOCATION":"B01"}]
[2016-09-14 11:11:14.2065] 2016-09-14 11:11:14 手工扫描0000000785交地。[{"LOCATION":"B01"}]
[2016-09-14 11:11:15.2215] 2016-09-14 11:11:15 手工扫描0000000786交地。[{"LOCATION":"B01"}]
[2016-09-14 11:11:16.2346] 2016-09-14 11:11:16 手工扫描0000000787交地。[{"LOCATION":"B01"}]
[2016-09-14 11:11:17.2487] 2016-09-14 11:11:17 手工扫描0000000788交地。[{"LOCATION":"B01"}]
[2016-09-14 11:11:18.2657] 2016-09-14 11:11:18 手工扫描0000000789交地。[{"LOCATION":"B01"}]
[2016-09-14 11:11:18.2897] 2016-09-14 11:11:18 自动板号2016091400015完成。[{"result":"OK"}]
[2016-09-14 11:11:19.2748] 2016-09-14 11:11:19 手工扫描0000000790交地。[{"LOCATION":"B01"}]
[2016-09-14 11:11:20.2898] 2016-09-14 11:11:20 手工扫描0000000791交地。[{"LOCATION":"B01"}]
[2016-09-14 11:11:21.3039] 2016-09-14 11:11:21 手工扫描0000000792交地。[{"LOCATION":"B01"}]
[2016-09-14 11:11:22.3170] 2016-09-14 11:11:22 手工扫描0000000793交地。[{"LOCATION":"B01"}]
[2016-09-14 11:11:23.3330] 2016-09-14 11:11:23 手工扫描0000000794交地。[{"LOCATION":"B01"}]
[2016-09-14 11:11:24.3461] 2016-09-14 11:11:24 手工扫描0000000795交地。[{"LOCATION":"B01"}]
[2016-09-14 11:11:25.3621] 2016-09-14 11:11:25 手工扫描0000000796交地。[{"LOCATION":"B01"}]
[2016-09-14 11:11:26.3732] 2016-09-14 11:11:26 手工扫描0000000797交地。[{"LOCATION":"B01"}]
[2016-09-14 11:11:27.3892] 2016-09-14 11:11:27 手工扫描0000000798交地。[{"LOCATION":"B01"}]
[2016-09-14 11:11:27.4192] 2016-09-14 11:11:27 自动板号2016091400015完成。[{"result":"OK"}]
[2016-09-14 11:11:28.4153] 2016-09-14 11:11:28 手工扫描0000000799交地。[{"LOCATION":"B01"}]
[2016-09-14 11:11:28.8423] 2016-09-14 11:11:28 停止
