[2016-09-16 15:27:32.5555] 2016-09-16 15:27:32 运行
[2016-09-16 15:27:44.8212] 2016-09-16 15:27:44 手工扫描0000000800交地。[{"LOCATION":"B01"}]
[2016-09-16 15:27:44.8472] PanelNo：2016091600001
[2016-09-16 15:27:44.9542] 2016-09-16 15:27:44 手工扫描0000000801交地。[{"LOCATION":"B01"}]
[2016-09-16 15:27:45.8743] 2016-09-16 15:27:45 手工扫描0000000802交地。[{"LOCATION":"B01"}]
[2016-09-16 15:27:46.8823] 2016-09-16 15:27:46 手工扫描0000000803交地。[{"LOCATION":"B01"}]
[2016-09-16 15:27:47.8984] 2016-09-16 15:27:47 手工扫描0000000804交地。[{"LOCATION":"B01"}]
[2016-09-16 15:27:48.9124] 2016-09-16 15:27:48 手工扫描0000000805交地。[{"LOCATION":"B01"}]
[2016-09-16 15:27:48.9344] 2016-09-16 15:27:48 自动板号2016091600001完成。[{"result":"OK"}]
[2016-09-16 15:27:49.9245] 2016-09-16 15:27:49 手工扫描0000000806交地。[{"LOCATION":"B01"}]
[2016-09-16 15:27:50.9385] 2016-09-16 15:27:50 手工扫描0000000807交地。[{"LOCATION":"B01"}]
[2016-09-16 15:27:51.9506] 2016-09-16 15:27:51 手工扫描0000000808交地。[{"LOCATION":"B01"}]
[2016-09-16 15:27:52.9737] 2016-09-16 15:27:52 手工扫描0000000809交地。[{"LOCATION":"B01"}]
[2016-09-16 15:27:53.9787] 2016-09-16 15:27:53 手工扫描0000000810交地。[{"LOCATION":"B01"}]
[2016-09-16 15:27:54.9928] 2016-09-16 15:27:54 手工扫描0000000811交地。[{"LOCATION":"B01"}]
[2016-09-16 15:27:56.0048] 2016-09-16 15:27:56 手工扫描0000000812交地。[{"LOCATION":"B01"}]
[2016-09-16 15:27:56.0178] 2016-09-16 15:27:56 自动板号2016091600001完成。[{"result":"OK"}]
[2016-09-16 15:27:57.0189] 2016-09-16 15:27:57 手工扫描0000000813交地。[{"LOCATION":"B01"}]
[2016-09-16 15:27:58.0339] 2016-09-16 15:27:58 手工扫描0000000814交地。[{"LOCATION":"B01"}]
[2016-09-16 15:27:59.0510] 2016-09-16 15:27:59 手工扫描0000000815交地。[{"LOCATION":"B01"}]
[2016-09-16 15:28:00.0661] 2016-09-16 15:28:00 手工扫描0000000816交地。[{"LOCATION":"B01"}]
[2016-09-16 15:28:01.0801] 2016-09-16 15:28:01 手工扫描0000000817交地。[{"LOCATION":"B01"}]
[2016-09-16 15:28:02.0922] 2016-09-16 15:28:02 手工扫描0000000818交地。[{"LOCATION":"B01"}]
[2016-09-16 15:28:03.1142] 2016-09-16 15:28:03 手工扫描0000000819交地。[{"LOCATION":"B01"}]
[2016-09-16 15:28:03.1142] 2016-09-16 15:28:03 自动板号2016091600001完成。[{"result":"OK"}]
[2016-09-16 15:28:04.1193] 2016-09-16 15:28:04 手工扫描0000000820交地。[{"LOCATION":"B01"}]
[2016-09-16 15:28:05.1344] 2016-09-16 15:28:05 手工扫描0000000821交地。[{"LOCATION":"B01"}]
[2016-09-16 15:28:06.1464] 2016-09-16 15:28:06 手工扫描0000000822交地。[{"LOCATION":"B01"}]
[2016-09-16 15:28:07.1605] 2016-09-16 15:28:07 手工扫描0000000823交地。[{"LOCATION":"B01"}]
[2016-09-16 15:28:08.1735] 2016-09-16 15:28:08 手工扫描0000000824交地。[{"LOCATION":"B01"}]
[2016-09-16 15:28:09.1866] 2016-09-16 15:28:09 手工扫描0000000825交地。[{"LOCATION":"B01"}]
[2016-09-16 15:28:09.2006] 2016-09-16 15:28:09 自动板号2016091600001完成。[{"result":"OK"}]
[2016-09-16 15:28:10.2006] 2016-09-16 15:28:10 手工扫描0000000826交地。[{"LOCATION":"B01"}]
[2016-09-16 15:28:11.2167] 2016-09-16 15:28:11 手工扫描0000000827交地。[{"LOCATION":"B01"}]
[2016-09-16 15:28:12.2328] 2016-09-16 15:28:12 手工扫描0000000828交地。[{"LOCATION":"B01"}]
[2016-09-16 15:28:13.2558] 2016-09-16 15:28:13 手工扫描0000000829交地。[{"LOCATION":"B01"}]
[2016-09-16 15:28:14.2599] 2016-09-16 15:28:14 手工扫描0000000830交地。[{"LOCATION":"B01"}]
[2016-09-16 15:28:15.2759] 2016-09-16 15:28:15 手工扫描0000000831交地。[{"LOCATION":"B01"}]
[2016-09-16 15:28:16.2870] 2016-09-16 15:28:16 手工扫描0000000832交地。[{"LOCATION":"B01"}]
[2016-09-16 15:28:17.3020] 2016-09-16 15:28:17 手工扫描0000000833交地。[{"LOCATION":"B01"}]
[2016-09-16 15:28:18.3141] 2016-09-16 15:28:18 手工扫描0000000834交地。[{"LOCATION":"B01"}]
[2016-09-16 15:28:18.3371] 2016-09-16 15:28:18 自动板号2016091600001完成。[{"result":"OK"}]
[2016-09-16 15:28:19.3332] 2016-09-16 15:28:19 手工扫描0000000835交地。[{"LOCATION":"B01"}]
[2016-09-16 15:28:20.3492] 2016-09-16 15:28:20 手工扫描0000000836交地。[{"LOCATION":"B01"}]
[2016-09-16 15:28:21.3623] 2016-09-16 15:28:21 手工扫描0000000837交地。[{"LOCATION":"B01"}]
[2016-09-16 15:28:22.3753] 2016-09-16 15:28:22 手工扫描0000000838交地。[{"LOCATION":"B01"}]
[2016-09-16 15:28:23.3954] 2016-09-16 15:28:23 手工扫描0000000839交地。[{"LOCATION":"B01"}]
[2016-09-16 15:28:24.4015] 2016-09-16 15:28:24 手工扫描0000000840交地。[{"LOCATION":"B01"}]
[2016-09-16 15:28:24.4195] 2016-09-16 15:28:24 自动板号2016091600001完成。[{"result":"OK"}]
[2016-09-16 15:28:25.4135] 2016-09-16 15:28:25 手工扫描0000000841交地。[{"LOCATION":"B01"}]
[2016-09-16 15:28:26.4266] 2016-09-16 15:28:26 手工扫描0000000842交地。[{"LOCATION":"B01"}]
[2016-09-16 15:28:27.4426] 2016-09-16 15:28:27 手工扫描0000000843交地。[{"LOCATION":"B01"}]
[2016-09-16 15:28:28.4537] 2016-09-16 15:28:28 手工扫描0000000844交地。[{"LOCATION":"B01"}]
[2016-09-16 15:28:29.4677] 2016-09-16 15:28:29 手工扫描0000000845交地。[{"LOCATION":"B01"}]
[2016-09-16 15:28:30.4818] 2016-09-16 15:28:30 手工扫描0000000846交地。[{"LOCATION":"B01"}]
[2016-09-16 15:28:31.4999] 2016-09-16 15:28:31 手工扫描0000000847交地。[{"LOCATION":"B01"}]
[2016-09-16 15:28:31.5179] 2016-09-16 15:28:31 自动板号2016091600001已完成，不能重复完成
[2016-09-16 15:28:32.5129] 2016-09-16 15:28:32 手工扫描0000000848交地。[{"LOCATION":"B01"}]
[2016-09-16 15:28:32.5129] PanelNo：2016091600002
[2016-09-16 15:28:33.5330] 2016-09-16 15:28:33 手工扫描0000000849交地。[{"LOCATION":"B01"}]
[2016-09-16 15:28:34.5390] 2016-09-16 15:28:34 手工扫描0000000850交地。[{"LOCATION":"B01"}]
[2016-09-16 15:28:35.5551] 2016-09-16 15:28:35 手工扫描0000000851交地。[{"LOCATION":"B01"}]
[2016-09-16 15:28:36.5672] 2016-09-16 15:28:36 手工扫描0000000852交地。[{"LOCATION":"B01"}]
[2016-09-16 15:28:37.5802] 2016-09-16 15:28:37 手工扫描0000000853交地。[{"LOCATION":"B01"}]
[2016-09-16 15:28:38.5963] 2016-09-16 15:28:38 手工扫描0000000854交地。[{"LOCATION":"B01"}]
[2016-09-16 15:28:38.6113] 2016-09-16 15:28:38 自动板号2016091600002完成。[{"result":"OK"}]
[2016-09-16 15:28:39.6103] 2016-09-16 15:28:39 手工扫描0000000855交地。[{"LOCATION":"B01"}]
[2016-09-16 15:28:40.6294] 2016-09-16 15:28:40 手工扫描0000000856交地。[{"LOCATION":"B01"}]
[2016-09-16 15:28:41.6404] 2016-09-16 15:28:41 手工扫描0000000857交地。[{"LOCATION":"B01"}]
[2016-09-16 15:28:42.6525] 2016-09-16 15:28:42 手工扫描0000000858交地。[{"LOCATION":"B01"}]
[2016-09-16 15:28:43.6756] 2016-09-16 15:28:43 手工扫描0000000859交地。[{"LOCATION":"B01"}]
[2016-09-16 15:28:44.6786] 2016-09-16 15:28:44 手工扫描0000000860交地。[{"LOCATION":"B01"}]
[2016-09-16 15:28:44.6916] 2016-09-16 15:28:44 自动板号2016091600002完成。[{"result":"OK"}]
[2016-09-16 15:28:45.6947] 2016-09-16 15:28:45 手工扫描0000000861交地。[{"LOCATION":"B01"}]
[2016-09-16 15:28:46.7127] 2016-09-16 15:28:46 手工扫描0000000862交地。[{"LOCATION":"B01"}]
[2016-09-16 15:28:47.7198] 2016-09-16 15:28:47 手工扫描0000000863交地。[{"LOCATION":"B01"}]
[2016-09-16 15:28:48.7438] 2016-09-16 15:28:48 手工扫描0000000864交地。[{"LOCATION":"B01"}]
[2016-09-16 15:28:49.7519] 2016-09-16 15:28:49 手工扫描0000000865交地。[{"LOCATION":"B01"}]
[2016-09-16 15:28:50.7670] 2016-09-16 15:28:50 手工扫描0000000866交地。[{"LOCATION":"B01"}]
[2016-09-16 15:28:51.7800] 2016-09-16 15:28:51 手工扫描0000000867交地。[{"LOCATION":"B01"}]
[2016-09-16 15:28:52.7921] 2016-09-16 15:28:52 手工扫描0000000868交地。[{"LOCATION":"B01"}]
[2016-09-16 15:28:52.8071] 2016-09-16 15:28:52 自动板号2016091600002完成。[{"result":"OK"}]
[2016-09-16 15:28:53.8151] 2016-09-16 15:28:53 手工扫描0000000869交地。[{"LOCATION":"B01"}]
[2016-09-16 15:28:54.8212] 2016-09-16 15:28:54 手工扫描0000000870交地。[{"LOCATION":"B01"}]
[2016-09-16 15:28:55.8353] 2016-09-16 15:28:55 手工扫描0000000871交地。[{"LOCATION":"B01"}]
[2016-09-16 15:28:56.8473] 2016-09-16 15:28:56 手工扫描0000000872交地。[{"LOCATION":"B01"}]
[2016-09-16 15:28:57.8604] 2016-09-16 15:28:57 手工扫描0000000873交地。[{"LOCATION":"B01"}]
[2016-09-16 15:28:58.8744] 2016-09-16 15:28:58 手工扫描0000000874交地。[{"LOCATION":"B01"}]
[2016-09-16 15:28:58.8914] 2016-09-16 15:28:58 自动板号2016091600002完成。[{"result":"OK"}]
[2016-09-16 15:28:59.8875] 2016-09-16 15:28:59 手工扫描0000000875交地。[{"LOCATION":"B01"}]
[2016-09-16 15:29:00.9045] 2016-09-16 15:29:00 手工扫描0000000876交地。[{"LOCATION":"B01"}]
[2016-09-16 15:29:01.9206] 2016-09-16 15:29:01 手工扫描0000000877交地。[{"LOCATION":"B01"}]
[2016-09-16 15:29:02.9347] 2016-09-16 15:29:02 手工扫描0000000878交地。[{"LOCATION":"B01"}]
[2016-09-16 15:29:03.9557] 2016-09-16 15:29:03 手工扫描0000000879交地。[{"LOCATION":"B01"}]
[2016-09-16 15:29:04.9608] 2016-09-16 15:29:04 手工扫描0000000880交地。[{"LOCATION":"B01"}]
[2016-09-16 15:29:05.9728] 2016-09-16 15:29:05 手工扫描0000000881交地。[{"LOCATION":"B01"}]
[2016-09-16 15:29:05.9878] 2016-09-16 15:29:05 自动板号2016091600002完成。[{"result":"OK"}]
[2016-09-16 15:29:06.9859] 2016-09-16 15:29:06 手工扫描0000000882交地。[{"LOCATION":"B01"}]
[2016-09-16 15:29:07.9999] 2016-09-16 15:29:07 手工扫描0000000883交地。[{"LOCATION":"B01"}]
[2016-09-16 15:29:09.0230] 2016-09-16 15:29:09 手工扫描0000000884交地。[{"LOCATION":"B01"}]
[2016-09-16 15:29:10.0321] 2016-09-16 15:29:10 手工扫描0000000885交地。[{"LOCATION":"B01"}]
[2016-09-16 15:29:11.0421] 2016-09-16 15:29:11 手工扫描0000000886交地。[{"LOCATION":"B01"}]
[2016-09-16 15:29:12.0572] 2016-09-16 15:29:12 手工扫描0000000887交地。[{"LOCATION":"B01"}]
[2016-09-16 15:29:12.0712] 2016-09-16 15:29:12 自动板号2016091600002完成。[{"result":"OK"}]
[2016-09-16 15:29:13.0712] 2016-09-16 15:29:13 手工扫描0000000888交地。[{"LOCATION":"B01"}]
[2016-09-16 15:29:14.0893] 2016-09-16 15:29:14 手工扫描0000000889交地。[{"LOCATION":"B01"}]
[2016-09-16 15:29:15.1044] 2016-09-16 15:29:15 手工扫描0000000890交地。[{"LOCATION":"B01"}]
[2016-09-16 15:29:16.1144] 2016-09-16 15:29:16 手工扫描0000000891交地。[{"LOCATION":"B01"}]
[2016-09-16 15:29:17.1305] 2016-09-16 15:29:17 手工扫描0000000892交地。[{"LOCATION":"B01"}]
[2016-09-16 15:29:18.1415] 2016-09-16 15:29:18 手工扫描0000000893交地。[{"LOCATION":"B01"}]
[2016-09-16 15:29:19.1576] 2016-09-16 15:29:19 手工扫描0000000894交地。[{"LOCATION":"B01"}]
[2016-09-16 15:29:20.1696] 2016-09-16 15:29:20 手工扫描0000000895交地。[{"LOCATION":"B01"}]
[2016-09-16 15:29:20.1856] 2016-09-16 15:29:20 自动板号2016091600002已完成，不能重复完成
[2016-09-16 15:29:21.1827] 2016-09-16 15:29:21 手工扫描0000000896交地。[{"LOCATION":"B01"}]
[2016-09-16 15:29:21.1827] PanelNo：2016091600003
[2016-09-16 15:29:22.1968] 2016-09-16 15:29:22 手工扫描0000000897交地。[{"LOCATION":"B01"}]
[2016-09-16 15:29:23.2158] 2016-09-16 15:29:23 手工扫描0000000898交地。[{"LOCATION":"B01"}]
[2016-09-16 15:29:24.2299] 2016-09-16 15:29:24 手工扫描0000000899交地。[{"LOCATION":"B01"}]
[2016-09-16 15:29:25.2409] 2016-09-16 15:29:25 手工扫描0000000900交地。[{"LOCATION":"B01"}]
[2016-09-16 15:29:26.2600] 2016-09-16 15:29:26 手工扫描0000000901交地。[{"LOCATION":"B01"}]
[2016-09-16 15:29:27.2711] 2016-09-16 15:29:27 手工扫描0000000902交地。[{"LOCATION":"B01"}]
[2016-09-16 15:29:28.2831] 2016-09-16 15:29:28 手工扫描0000000903交地。[{"LOCATION":"B01"}]
[2016-09-16 15:29:28.2961] 2016-09-16 15:29:28 自动板号2016091600003完成。[{"result":"OK"}]
[2016-09-16 15:29:29.2992] 2016-09-16 15:29:29 手工扫描0000000904交地。[{"LOCATION":"B01"}]
[2016-09-16 15:29:30.3082] 2016-09-16 15:29:30 手工扫描0000000905交地。[{"LOCATION":"B01"}]
[2016-09-16 15:29:31.3223] 2016-09-16 15:29:31 手工扫描0000000906交地。[{"LOCATION":"B01"}]
[2016-09-16 15:29:32.3373] 2016-09-16 15:29:32 手工扫描0000000907交地。[{"LOCATION":"B01"}]
[2016-09-16 15:29:33.3524] 2016-09-16 15:29:33 手工扫描0000000908交地。[{"LOCATION":"B01"}]
[2016-09-16 15:29:34.3795] 2016-09-16 15:29:34 手工扫描0000000909交地。[{"LOCATION":"B01"}]
[2016-09-16 15:29:35.3805] 2016-09-16 15:29:35 手工扫描0000000910交地。[{"LOCATION":"B01"}]
[2016-09-16 15:29:35.3955] 2016-09-16 15:29:35 自动板号2016091600003完成。[{"result":"OK"}]
[2016-09-16 15:29:36.3946] 2016-09-16 15:29:36 手工扫描0000000911交地。[{"LOCATION":"B01"}]
[2016-09-16 15:29:37.4086] 2016-09-16 15:29:37 手工扫描0000000912交地。[{"LOCATION":"B01"}]
[2016-09-16 15:29:38.4227] 2016-09-16 15:29:38 手工扫描0000000913交地。[{"LOCATION":"B01"}]
[2016-09-16 15:29:39.4357] 2016-09-16 15:29:39 手工扫描0000000914交地。[{"LOCATION":"B01"}]
[2016-09-16 15:29:40.4478] 2016-09-16 15:29:40 手工扫描0000000915交地。[{"LOCATION":"B01"}]
[2016-09-16 15:29:41.4629] 2016-09-16 15:29:41 手工扫描0000000916交地。[{"LOCATION":"B01"}]
[2016-09-16 15:29:42.4879] 2016-09-16 15:29:42 手工扫描0000000917交地。[{"LOCATION":"B01"}]
[2016-09-16 15:29:42.5039] 2016-09-16 15:29:42 自动板号2016091600003完成。[{"result":"OK"}]
[2016-09-16 15:29:43.4930] 2016-09-16 15:29:43 手工扫描0000000918交地。[{"LOCATION":"B01"}]
[2016-09-16 15:29:44.5160] 2016-09-16 15:29:44 手工扫描0000000919交地。[{"LOCATION":"B01"}]
[2016-09-16 15:29:45.5201] 2016-09-16 15:29:45 手工扫描0000000920交地。[{"LOCATION":"B01"}]
[2016-09-16 15:29:46.5352] 2016-09-16 15:29:46 手工扫描0000000921交地。[{"LOCATION":"B01"}]
[2016-09-16 15:29:47.5462] 2016-09-16 15:29:47 手工扫描0000000922交地。[{"LOCATION":"B01"}]
[2016-09-16 15:29:48.5603] 2016-09-16 15:29:48 手工扫描0000000923交地。[{"LOCATION":"B01"}]
[2016-09-16 15:29:49.5743] 2016-09-16 15:29:49 手工扫描0000000924交地。[{"LOCATION":"B01"}]
[2016-09-16 15:29:49.5933] 2016-09-16 15:29:49 自动板号2016091600003完成。[{"result":"OK"}]
[2016-09-16 15:29:50.5856] 2016-09-16 15:29:50 手工扫描0000000925交地。[{"LOCATION":"B01"}]
[2016-09-16 15:29:51.5996] 2016-09-16 15:29:51 手工扫描0000000926交地。[{"LOCATION":"B01"}]
[2016-09-16 15:29:52.6136] 2016-09-16 15:29:52 手工扫描0000000927交地。[{"LOCATION":"B01"}]
[2016-09-16 15:29:53.6276] 2016-09-16 15:29:53 手工扫描0000000928交地。[{"LOCATION":"B01"}]
[2016-09-16 15:29:54.6416] 2016-09-16 15:29:54 手工扫描0000000929交地。[{"LOCATION":"B01"}]
[2016-09-16 15:29:55.6556] 2016-09-16 15:29:55 手工扫描0000000930交地。[{"LOCATION":"B01"}]
[2016-09-16 15:29:56.6696] 2016-09-16 15:29:56 手工扫描0000000931交地。[{"LOCATION":"B01"}]
[2016-09-16 15:29:57.6836] 2016-09-16 15:29:57 手工扫描0000000932交地。[{"LOCATION":"B01"}]
[2016-09-16 15:29:57.6992] 2016-09-16 15:29:57 自动板号2016091600003完成。[{"result":"OK"}]
[2016-09-16 15:29:58.6976] 2016-09-16 15:29:58 手工扫描0000000933交地。[{"LOCATION":"B01"}]
[2016-09-16 15:29:59.7116] 2016-09-16 15:29:59 手工扫描0000000934交地。[{"LOCATION":"B01"}]
[2016-09-16 15:30:00.7256] 2016-09-16 15:30:00 手工扫描0000000935交地。[{"LOCATION":"B01"}]
[2016-09-16 15:30:01.7396] 2016-09-16 15:30:01 手工扫描0000000936交地。[{"LOCATION":"B01"}]
[2016-09-16 15:30:02.7536] 2016-09-16 15:30:02 手工扫描0000000937交地。[{"LOCATION":"B01"}]
[2016-09-16 15:30:03.7676] 2016-09-16 15:30:03 手工扫描0000000938交地。[{"LOCATION":"B01"}]
[2016-09-16 15:30:03.7832] 2016-09-16 15:30:03 自动板号2016091600003完成。[{"result":"OK"}]
[2016-09-16 15:30:04.7816] 2016-09-16 15:30:04 手工扫描0000000939交地。[{"LOCATION":"B01"}]
[2016-09-16 15:30:05.7956] 2016-09-16 15:30:05 手工扫描0000000940交地。[{"LOCATION":"B01"}]
[2016-09-16 15:30:06.8096] 2016-09-16 15:30:06 手工扫描0000000941交地。[{"LOCATION":"B01"}]
[2016-09-16 15:30:07.8236] 2016-09-16 15:30:07 手工扫描0000000942交地。[{"LOCATION":"B01"}]
[2016-09-16 15:30:08.8376] 2016-09-16 15:30:08 手工扫描0000000943交地。[{"LOCATION":"B01"}]
[2016-09-16 15:30:09.8516] 2016-09-16 15:30:09 手工扫描0000000944交地。[{"LOCATION":"B01"}]
[2016-09-16 15:30:09.8672] 2016-09-16 15:30:09 自动板号2016091600003已完成，不能重复完成
[2016-09-16 15:30:10.8656] 2016-09-16 15:30:10 手工扫描0000000945交地。[{"LOCATION":"B01"}]
[2016-09-16 15:30:10.8656] PanelNo：2016091600004
[2016-09-16 15:30:11.8796] 2016-09-16 15:30:11 手工扫描0000000946交地。[{"LOCATION":"B01"}]
[2016-09-16 15:30:12.8936] 2016-09-16 15:30:12 手工扫描0000000947交地。[{"LOCATION":"B01"}]
[2016-09-16 15:30:13.9076] 2016-09-16 15:30:13 手工扫描0000000948交地。[{"LOCATION":"B01"}]
[2016-09-16 15:30:14.9216] 2016-09-16 15:30:14 手工扫描0000000949交地。[{"LOCATION":"B01"}]
[2016-09-16 15:30:15.9356] 2016-09-16 15:30:15 手工扫描0000000950交地。[{"LOCATION":"B01"}]
[2016-09-16 15:30:16.9496] 2016-09-16 15:30:16 手工扫描0000000951交地。[{"LOCATION":"B01"}]
[2016-09-16 15:30:16.9652] 2016-09-16 15:30:16 自动板号2016091600004完成。[{"result":"OK"}]
[2016-09-16 15:30:17.9636] 2016-09-16 15:30:17 手工扫描0000000952交地。[{"LOCATION":"B01"}]
[2016-09-16 15:30:18.9776] 2016-09-16 15:30:18 手工扫描0000000953交地。[{"LOCATION":"B01"}]
[2016-09-16 15:30:20.0072] 2016-09-16 15:30:20 手工扫描0000000954交地。[{"LOCATION":"B01"}]
[2016-09-16 15:30:21.0056] 2016-09-16 15:30:21 手工扫描0000000955交地。[{"LOCATION":"B01"}]
[2016-09-16 15:30:22.0196] 2016-09-16 15:30:22 手工扫描0000000956交地。[{"LOCATION":"B01"}]
[2016-09-16 15:30:23.0336] 2016-09-16 15:30:23 手工扫描0000000957交地。[{"LOCATION":"B01"}]
[2016-09-16 15:30:24.0476] 2016-09-16 15:30:24 手工扫描0000000958交地。[{"LOCATION":"B01"}]
[2016-09-16 15:30:25.0616] 2016-09-16 15:30:25 手工扫描0000000959交地。[{"LOCATION":"B01"}]
[2016-09-16 15:30:25.0772] 2016-09-16 15:30:25 自动板号2016091600004完成。[{"result":"OK"}]
[2016-09-16 15:30:26.0756] 2016-09-16 15:30:26 手工扫描0000000960交地。[{"LOCATION":"B01"}]
[2016-09-16 15:30:27.0896] 2016-09-16 15:30:27 手工扫描0000000961交地。[{"LOCATION":"B01"}]
[2016-09-16 15:30:28.1036] 2016-09-16 15:30:28 手工扫描0000000962交地。[{"LOCATION":"B01"}]
[2016-09-16 15:30:29.1176] 2016-09-16 15:30:29 手工扫描0000000963交地。[{"LOCATION":"B01"}]
[2016-09-16 15:30:30.1316] 2016-09-16 15:30:30 手工扫描0000000964交地。[{"LOCATION":"B01"}]
[2016-09-16 15:30:31.1612] 2016-09-16 15:30:31 手工扫描0000000965交地。[{"LOCATION":"B01"}]
[2016-09-16 15:30:32.1597] 2016-09-16 15:30:32 手工扫描0000000966交地。[{"LOCATION":"B01"}]
[2016-09-16 15:30:32.1753] 2016-09-16 15:30:32 自动板号2016091600004完成。[{"result":"OK"}]
[2016-09-16 15:30:33.1737] 2016-09-16 15:30:33 手工扫描0000000967交地。[{"LOCATION":"B01"}]
[2016-09-16 15:30:34.1877] 2016-09-16 15:30:34 手工扫描0000000968交地。[{"LOCATION":"B01"}]
[2016-09-16 15:30:35.2017] 2016-09-16 15:30:35 手工扫描0000000969交地。[{"LOCATION":"B01"}]
[2016-09-16 15:30:36.2157] 2016-09-16 15:30:36 手工扫描0000000970交地。[{"LOCATION":"B01"}]
[2016-09-16 15:30:37.2297] 2016-09-16 15:30:37 手工扫描0000000971交地。[{"LOCATION":"B01"}]
[2016-09-16 15:30:38.2437] 2016-09-16 15:30:38 手工扫描0000000972交地。[{"LOCATION":"B01"}]
[2016-09-16 15:30:39.2577] 2016-09-16 15:30:39 手工扫描0000000973交地。[{"LOCATION":"B01"}]
[2016-09-16 15:30:39.2733] 2016-09-16 15:30:39 自动板号2016091600004完成。[{"result":"OK"}]
[2016-09-16 15:30:40.2717] 2016-09-16 15:30:40 手工扫描0000000974交地。[{"LOCATION":"B01"}]
[2016-09-16 15:30:41.2857] 2016-09-16 15:30:41 手工扫描0000000975交地。[{"LOCATION":"B01"}]
[2016-09-16 15:30:42.2997] 2016-09-16 15:30:42 手工扫描0000000976交地。[{"LOCATION":"B01"}]
[2016-09-16 15:30:43.3137] 2016-09-16 15:30:43 手工扫描0000000977交地。[{"LOCATION":"B01"}]
[2016-09-16 15:30:44.3277] 2016-09-16 15:30:44 手工扫描0000000978交地。[{"LOCATION":"B01"}]
[2016-09-16 15:30:45.3417] 2016-09-16 15:30:45 手工扫描0000000979交地。[{"LOCATION":"B01"}]
[2016-09-16 15:30:46.3557] 2016-09-16 15:30:46 手工扫描0000000980交地。[{"LOCATION":"B01"}]
[2016-09-16 15:30:46.3713] 2016-09-16 15:30:46 自动板号2016091600004完成。[{"result":"OK"}]
[2016-09-16 15:30:47.3853] 2016-09-16 15:30:47 手工扫描0000000981交地。[{"LOCATION":"B01"}]
[2016-09-16 15:30:48.3837] 2016-09-16 15:30:48 手工扫描0000000982交地。[{"LOCATION":"B01"}]
[2016-09-16 15:30:49.3977] 2016-09-16 15:30:49 手工扫描0000000983交地。[{"LOCATION":"B01"}]
[2016-09-16 15:30:50.4117] 2016-09-16 15:30:50 手工扫描0000000984交地。[{"LOCATION":"B01"}]
[2016-09-16 15:30:51.4257] 2016-09-16 15:30:51 手工扫描0000000985交地。[{"LOCATION":"B01"}]
[2016-09-16 15:30:52.4397] 2016-09-16 15:30:52 手工扫描0000000986交地。[{"LOCATION":"B01"}]
[2016-09-16 15:30:52.4553] 2016-09-16 15:30:52 自动板号2016091600004完成。[{"result":"OK"}]
[2016-09-16 15:30:53.4537] 2016-09-16 15:30:53 手工扫描0000000987交地。[{"LOCATION":"B01"}]
[2016-09-16 15:30:54.4677] 2016-09-16 15:30:54 手工扫描0000000988交地。[{"LOCATION":"B01"}]
[2016-09-16 15:30:55.4973] 2016-09-16 15:30:55 手工扫描0000000989交地。[{"LOCATION":"B01"}]
[2016-09-16 15:30:56.4957] 2016-09-16 15:30:56 手工扫描0000000990交地。[{"LOCATION":"B01"}]
[2016-09-16 15:30:57.5097] 2016-09-16 15:30:57 手工扫描0000000991交地。[{"LOCATION":"B01"}]
[2016-09-16 15:30:58.5237] 2016-09-16 15:30:58 手工扫描0000000992交地。[{"LOCATION":"B01"}]
[2016-09-16 15:30:59.5377] 2016-09-16 15:30:59 手工扫描0000000993交地。[{"LOCATION":"B01"}]
[2016-09-16 15:31:00.5517] 2016-09-16 15:31:00 手工扫描0000000994交地。[{"LOCATION":"B01"}]
[2016-09-16 15:31:01.5657] 2016-09-16 15:31:01 手工扫描0000000995交地。[{"LOCATION":"B01"}]
[2016-09-16 15:31:02.5797] 2016-09-16 15:31:02 手工扫描0000000996交地。[{"LOCATION":"B01"}]
[2016-09-16 15:31:02.5953] 2016-09-16 15:31:02 自动板号2016091600004已完成，不能重复完成
[2016-09-16 15:31:03.5937] 2016-09-16 15:31:03 手工扫描0000000997交地。[{"LOCATION":"B01"}]
[2016-09-16 15:31:03.5937] PanelNo：2016091600005
[2016-09-16 15:31:03.9681] 2016-09-16 15:31:03 停止
